\BOOKMARK [1][-]{section.1}{\376\377\000E\000s\000s\000e\000n\000t\000i\000\353\000l\000e\000\040\000B\000o\000x\000e\000n}{}% 1
\BOOKMARK [1][-]{section.2}{\376\377\000F\000o\000r\000m\000u\000l\000e\000s}{}% 2
\BOOKMARK [1][-]{section.3}{\376\377\000S\000y\000m\000b\000o\000l\000e\000n}{}% 3
\BOOKMARK [1][-]{section.4}{\376\377\000F\000i\000g\000u\000r\000e\000n}{}% 4
\BOOKMARK [1][-]{section.5}{\376\377\000N\000u\000t\000t\000i\000g\000e\000\040\000W\000i\000s\000k\000u\000n\000d\000e}{}% 5
\BOOKMARK [2][-]{subsection.5.1}{\376\377\000A\000f\000g\000e\000l\000e\000i\000d\000e\000n}{section.5}% 6
\BOOKMARK [2][-]{subsection.5.2}{\376\377\000V\000e\000c\000t\000o\000r\000e\000n}{section.5}% 7
\BOOKMARK [2][-]{subsection.5.3}{\376\377\000H\000a\000a\000k\000j\000e\000s}{section.5}% 8
\BOOKMARK [2][-]{subsection.5.4}{\376\377\000S\000n\000e\000l\000l\000e\000\040\000B\000r\000e\000u\000k\000e\000n}{section.5}% 9
\BOOKMARK [1][-]{section.6}{\376\377\000E\000e\000n\000h\000e\000d\000e\000n}{}% 10
\BOOKMARK [1][-]{section.7}{\376\377\000N\000a\000d\000r\000u\000k}{}% 11
\BOOKMARK [1][-]{section.8}{\376\377\000L\000i\000j\000s\000t\000e\000n}{}% 12
\BOOKMARK [2][-]{subsection.8.1}{\376\377\000O\000p\000s\000o\000m\000m\000i\000n\000g\000\040\000\050\000i\000t\000e\000m\000i\000z\000e\000\051}{section.8}% 13
\BOOKMARK [2][-]{subsection.8.2}{\376\377\000G\000e\000n\000u\000m\000m\000e\000r\000d\000\040\000\050\000e\000n\000u\000m\000e\000r\000a\000t\000e\000\051}{section.8}% 14
\BOOKMARK [2][-]{subsection.8.3}{\376\377\000B\000e\000s\000c\000h\000r\000i\000j\000v\000i\000n\000g\000\040\000\050\000d\000e\000s\000c\000r\000i\000p\000t\000i\000o\000n\000\051}{section.8}% 15
\BOOKMARK [1][-]{section.9}{\376\377\000T\000a\000b\000e\000l\000l\000e\000n}{}% 16
\BOOKMARK [1][-]{section.10}{\376\377\000G\000r\000a\000f\000i\000e\000k\000e\000n}{}% 17
\BOOKMARK [2][-]{subsection.10.1}{\376\377\000F\000u\000n\000c\000t\000i\000e\000\040\000P\000l\000o\000t}{section.10}% 18
\BOOKMARK [2][-]{subsection.10.2}{\376\377\000D\000a\000t\000a\000\040\000P\000l\000o\000t}{section.10}% 19
\BOOKMARK [2][-]{subsection.10.3}{\376\377\000E\000e\000n\000v\000o\000u\000d\000i\000g\000\040\000D\000i\000a\000g\000r\000a\000m}{section.10}% 20
\BOOKMARK [1][-]{section.11}{\376\377\000G\000e\000a\000v\000a\000n\000c\000e\000e\000r\000d\000e\000\040\000L\000a\000y\000o\000u\000t}{}% 21
\BOOKMARK [2][-]{subsection.11.1}{\376\377\000T\000e\000k\000s\000t\000\040\000n\000a\000a\000s\000t\000\040\000F\000i\000g\000u\000u\000r}{section.11}% 22
\BOOKMARK [2][-]{subsection.11.2}{\376\377\000T\000a\000b\000e\000l\000l\000e\000n\000\040\000m\000e\000t\000\040\000v\000e\000e\000l\000\040\000t\000e\000k\000s\000t}{section.11}% 23
\BOOKMARK [2][-]{subsection.11.3}{\376\377\000L\000a\000y\000o\000u\000t\000\040\000T\000i\000p\000s}{section.11}% 24
\BOOKMARK [1][-]{section.12}{\376\377\000W\000o\000r\000k\000f\000l\000o\000w}{}% 25
\BOOKMARK [2][-]{subsection.12.1}{\376\377\000T\000y\000p\000i\000s\000c\000h\000\040\000D\000o\000c\000u\000m\000e\000n\000t}{section.12}% 26
\BOOKMARK [2][-]{subsection.12.2}{\376\377\000B\000e\000l\000a\000n\000g\000r\000i\000j\000k}{section.12}% 27
