\BOOKMARK [2][-]{subsection.0.0.1}{\376\377\000F\000o\000r\000m\000u\000l\000a\000r\000i\000u\000m}{}% 1
\BOOKMARK [-1][-]{part.1}{\376\377\000I\000\040\000S\000t\000r\000o\000m\000i\000n\000g\000e\000n}{}% 2
\BOOKMARK [0][-]{chapter.1}{\376\377\000E\000i\000g\000e\000n\000s\000c\000h\000a\000p\000p\000e\000n\000\040\000v\000a\000n\000\040\000F\000l\000u\000\357\000d\000a}{part.1}% 3
\BOOKMARK [1][-]{section.1.1}{\376\377\000D\000e\000f\000i\000n\000i\000t\000i\000e\000\040\000v\000a\000n\000\040\000e\000e\000n\000\040\000F\000l\000u\000\357\000d\000u\000m}{chapter.1}% 4
\BOOKMARK [1][-]{section.1.2}{\376\377\000D\000i\000c\000h\000t\000h\000e\000i\000d}{chapter.1}% 5
\BOOKMARK [1][-]{section.1.3}{\376\377\000V\000i\000s\000c\000o\000s\000i\000t\000e\000i\000t}{chapter.1}% 6
\BOOKMARK [0][-]{chapter.2}{\376\377\000F\000l\000u\000\357\000d\000u\000m\000s\000t\000a\000t\000i\000c\000a\000\040\000\050\000H\000y\000d\000r\000o\000s\000t\000a\000t\000i\000c\000a\000\051}{part.1}% 7
\BOOKMARK [1][-]{section.2.1}{\376\377\000D\000r\000u\000k\000v\000e\000r\000d\000e\000l\000i\000n\000g\000\040\000i\000n\000\040\000e\000e\000n\000\040\000F\000l\000u\000\357\000d\000u\000m\000\040\000i\000n\000\040\000R\000u\000s\000t}{chapter.2}% 8
\BOOKMARK [2][-]{subsection.2.1.1}{\376\377\000H\000e\000t\000\040\000I\000n\000f\000i\000n\000i\000t\000e\000s\000i\000m\000a\000l\000e\000\040\000C\000o\000n\000t\000r\000o\000l\000e\000\040\000V\000o\000l\000u\000m\000e}{section.2.1}% 9
\BOOKMARK [2][-]{subsection.2.1.2}{\376\377\000I\000d\000e\000n\000t\000i\000f\000i\000c\000a\000t\000i\000e\000\040\000v\000a\000n\000\040\000K\000r\000a\000c\000h\000t\000e\000n}{section.2.1}% 10
\BOOKMARK [2][-]{subsection.2.1.3}{\376\377\000K\000r\000a\000c\000h\000t\000e\000n\000e\000v\000e\000n\000w\000i\000c\000h\000t}{section.2.1}% 11
\BOOKMARK [2][-]{subsection.2.1.4}{\376\377\000I\000n\000t\000e\000g\000r\000a\000t\000i\000e}{section.2.1}% 12
\BOOKMARK [1][-]{section.2.2}{\376\377\000K\000r\000a\000c\000h\000t\000e\000n\000\040\000o\000p\000\040\000O\000n\000d\000e\000r\000d\000o\000m\000p\000e\000l\000d\000e\000\040\000O\000p\000p\000e\000r\000v\000l\000a\000k\000k\000e\000n}{chapter.2}% 13
\BOOKMARK [2][-]{subsection.2.2.1}{\376\377\000R\000e\000c\000h\000t\000h\000o\000e\000k\000i\000g\000\040\000O\000p\000p\000e\000r\000v\000l\000a\000k\000\040\000-\000\040\000B\000a\000s\000i\000s\000p\000r\000o\000b\000l\000e\000e\000m}{section.2.2}% 14
\BOOKMARK [2][-]{subsection.2.2.2}{\376\377\000S\000c\000h\000u\000i\000n\000\040\000R\000e\000c\000h\000t\000h\000o\000e\000k\000i\000g\000\040\000O\000p\000p\000e\000r\000v\000l\000a\000k\000\040\000o\000n\000d\000e\000r\000\040\000H\000o\000e\000k\000\040}{section.2.2}% 15
\BOOKMARK [2][-]{subsection.2.2.3}{\376\377\000A\000l\000g\000e\000m\000e\000n\000e\000\040\000F\000o\000r\000m\000u\000l\000e\000s}{section.2.2}% 16
\BOOKMARK [1][-]{section.2.3}{\376\377\000O\000p\000w\000a\000a\000r\000t\000s\000e\000\040\000K\000r\000a\000c\000h\000t\000\040\000e\000n\000\040\000S\000t\000a\000b\000i\000l\000i\000t\000e\000i\000t}{chapter.2}% 17
\BOOKMARK [0][-]{chapter.3}{\376\377\000K\000i\000n\000e\000m\000a\000t\000i\000c\000a\000\040\000v\000a\000n\000\040\000S\000t\000r\000o\000m\000i\000n\000g\000e\000n}{part.1}% 18
\BOOKMARK [1][-]{section.3.1}{\376\377\000E\000u\000l\000e\000r\000i\000a\000a\000n\000s\000e\000\040\000v\000s\000.\000\040\000L\000a\000g\000r\000a\000n\000g\000i\000a\000a\000n\000s\000e\000\040\000B\000e\000s\000c\000h\000r\000i\000j\000v\000i\000n\000g}{chapter.3}% 19
\BOOKMARK [1][-]{section.3.2}{\376\377\000M\000a\000t\000e\000r\000i\000\353\000l\000e\000\040\000A\000f\000g\000e\000l\000e\000i\000d\000e}{chapter.3}% 20
\BOOKMARK [1][-]{section.3.3}{\376\377\000V\000o\000o\000r\000b\000e\000e\000l\000d\000:\000\040\0001\000D\000\040\000S\000t\000r\000o\000m\000i\000n\000g\000\040\000i\000n\000\040\000e\000e\000n\000\040\000C\000o\000n\000v\000e\000r\000g\000e\000r\000e\000n\000d\000e\000\040\000K\000a\000n\000a\000a\000l}{chapter.3}% 21
\BOOKMARK [0][-]{chapter.4}{\376\377\000F\000l\000u\000\357\000d\000u\000m\000d\000y\000n\000a\000m\000i\000c\000a\000:\000\040\000D\000e\000\040\000B\000e\000w\000e\000g\000i\000n\000g\000s\000v\000e\000r\000g\000e\000l\000i\000j\000k\000i\000n\000g\000e\000n}{part.1}% 22
\BOOKMARK [1][-]{section.4.1}{\376\377\000B\000e\000h\000o\000u\000d\000s\000w\000e\000t\000t\000e\000n\000\040\000e\000n\000\040\000C\000o\000n\000t\000r\000o\000l\000\040\000V\000o\000l\000u\000m\000e\000\040\000A\000n\000a\000l\000y\000s\000e}{chapter.4}% 23
\BOOKMARK [2][-]{subsection.4.1.1}{\376\377\000C\000o\000n\000t\000i\000n\000u\000\357\000t\000e\000i\000t\000s\000v\000e\000r\000g\000e\000l\000i\000j\000k\000i\000n\000g\000\040\000\050\000M\000a\000s\000s\000a\000b\000e\000h\000o\000u\000d\000\051}{section.4.1}% 24
\BOOKMARK [2][-]{subsection.4.1.2}{\376\377\000I\000m\000p\000u\000l\000s\000b\000e\000h\000o\000u\000d\000\040\000\050\000M\000o\000m\000e\000n\000t\000u\000m\000v\000e\000r\000g\000e\000l\000i\000j\000k\000i\000n\000g\000\051}{section.4.1}% 25
\BOOKMARK [1][-]{section.4.2}{\376\377\000A\000f\000l\000e\000i\000d\000i\000n\000g\000\040\000v\000a\000n\000\040\000d\000e\000\040\000W\000e\000t\000\040\000v\000a\000n\000\040\000B\000e\000r\000n\000o\000u\000l\000l\000i}{chapter.4}% 26
\BOOKMARK [2][-]{subsection.4.2.1}{\376\377\000A\000f\000l\000e\000i\000d\000i\000n\000g\000\040\000v\000i\000a\000\040\000E\000u\000l\000e\000r\000\040\000V\000e\000r\000g\000e\000l\000i\000j\000k\000i\000n\000g}{section.4.2}% 27
\BOOKMARK [2][-]{subsection.4.2.2}{\376\377\000A\000f\000l\000e\000i\000d\000i\000n\000g\000\040\000L\000a\000n\000g\000s\000\040\000e\000e\000n\000\040\000S\000t\000r\000o\000o\000m\000l\000i\000j\000n}{section.4.2}% 28
\BOOKMARK [2][-]{subsection.4.2.3}{\376\377\000I\000n\000t\000e\000r\000p\000r\000e\000t\000a\000t\000i\000e\000\040\000v\000a\000n\000\040\000d\000e\000\040\000T\000e\000r\000m\000e\000n}{section.4.2}% 29
\BOOKMARK [1][-]{section.4.3}{\376\377\000D\000e\000\040\000A\000l\000g\000e\000m\000e\000n\000e\000\040\000E\000n\000e\000r\000g\000i\000e\000v\000e\000r\000g\000e\000l\000i\000j\000k\000i\000n\000g}{chapter.4}% 30
\BOOKMARK [0][-]{chapter.5}{\376\377\000D\000i\000f\000f\000e\000r\000e\000n\000t\000i\000\353\000l\000e\000\040\000A\000n\000a\000l\000y\000s\000e\000\040\000v\000a\000n\000\040\000F\000l\000u\000\357\000d\000u\000m\000s\000t\000r\000o\000m\000i\000n\000g}{part.1}% 31
\BOOKMARK [1][-]{section.5.1}{\376\377\000N\000a\000v\000i\000e\000r\000-\000S\000t\000o\000k\000e\000s\000\040\000V\000e\000r\000g\000e\000l\000i\000j\000k\000i\000n\000g\000e\000n}{chapter.5}% 32
\BOOKMARK [2][-]{subsection.5.1.1}{\376\377\000A\000l\000g\000e\000m\000e\000n\000e\000\040\000V\000o\000r\000m}{section.5.1}% 33
\BOOKMARK [1][-]{section.5.2}{\376\377\000O\000p\000l\000o\000s\000s\000i\000n\000g\000:\000\040\000S\000t\000r\000o\000m\000i\000n\000g\000\040\000t\000u\000s\000s\000e\000n\000\040\000P\000a\000r\000a\000l\000l\000e\000l\000l\000e\000\040\000P\000l\000a\000t\000e\000n\000\040\000\050\000P\000o\000i\000s\000e\000u\000i\000l\000l\000e\000\051}{chapter.5}% 34
\BOOKMARK [1][-]{section.5.3}{\376\377\000W\000e\000t\000\040\000v\000a\000n\000\040\000P\000o\000i\000s\000e\000u\000i\000l\000l\000e\000\040\000v\000o\000o\000r\000\040\000C\000i\000l\000i\000n\000d\000r\000i\000s\000c\000h\000e\000\040\000B\000u\000i\000s}{chapter.5}% 35
\BOOKMARK [0][-]{chapter.6}{\376\377\000I\000n\000t\000e\000r\000n\000e\000\040\000e\000n\000\040\000E\000x\000t\000e\000r\000n\000e\000\040\000S\000t\000r\000o\000m\000i\000n\000g}{part.1}% 36
\BOOKMARK [1][-]{section.6.1}{\376\377\000I\000n\000t\000e\000r\000n\000e\000\040\000S\000t\000r\000o\000m\000i\000n\000g\000:\000\040\000L\000a\000m\000i\000n\000a\000i\000r\000\040\000v\000s\000.\000\040\000T\000u\000r\000b\000u\000l\000e\000n\000t}{chapter.6}% 37
\BOOKMARK [2][-]{subsection.6.1.1}{\376\377\000R\000e\000y\000n\000o\000l\000d\000s\000\040\000G\000e\000t\000a\000l}{section.6.1}% 38
\BOOKMARK [2][-]{subsection.6.1.2}{\376\377\000O\000v\000e\000r\000g\000a\000n\000g\000\040\000L\000a\000m\000i\000n\000a\000i\000r\000-\000T\000u\000r\000b\000u\000l\000e\000n\000t}{section.6.1}% 39
\BOOKMARK [2][-]{subsection.6.1.3}{\376\377\000R\000e\000y\000n\000o\000l\000d\000s\000\040\000D\000e\000c\000o\000m\000p\000o\000s\000i\000t\000i\000e}{section.6.1}% 40
\BOOKMARK [2][-]{subsection.6.1.4}{\376\377\000W\000r\000i\000j\000v\000i\000n\000g\000s\000f\000a\000c\000t\000o\000r\000\040\000e\000n\000\040\000D\000r\000u\000k\000v\000a\000l}{section.6.1}% 41
\BOOKMARK [1][-]{section.6.2}{\376\377\000E\000x\000t\000e\000r\000n\000e\000\040\000S\000t\000r\000o\000m\000i\000n\000g\000:\000\040\000W\000e\000e\000r\000s\000t\000a\000n\000d\000\040\000e\000n\000\040\000L\000i\000f\000t}{chapter.6}% 42
\BOOKMARK [-1][-]{part.2}{\376\377\000I\000I\000\040\000W\000a\000r\000m\000t\000e}{}% 43
\BOOKMARK [0][-]{chapter.7}{\376\377\000F\000u\000n\000d\000a\000m\000e\000n\000t\000e\000l\000e\000\040\000C\000o\000n\000c\000e\000p\000t\000e\000n\000\040\000v\000a\000n\000\040\000d\000e\000\040\000T\000h\000e\000r\000m\000o\000d\000y\000n\000a\000m\000i\000c\000a}{part.2}% 44
\BOOKMARK [1][-]{section.7.1}{\376\377\000S\000y\000s\000t\000e\000m\000e\000n\000\040\000e\000n\000\040\000C\000o\000n\000t\000r\000o\000l\000e\000\040\000V\000o\000l\000u\000m\000e\000s}{chapter.7}% 45
\BOOKMARK [1][-]{section.7.2}{\376\377\000E\000i\000g\000e\000n\000s\000c\000h\000a\000p\000p\000e\000n\000\040\000v\000a\000n\000\040\000e\000e\000n\000\040\000S\000y\000s\000t\000e\000e\000m}{chapter.7}% 46
\BOOKMARK [1][-]{section.7.3}{\376\377\000T\000o\000e\000s\000t\000a\000n\000d\000\040\000e\000n\000\040\000E\000v\000e\000n\000w\000i\000c\000h\000t}{chapter.7}% 47
\BOOKMARK [1][-]{section.7.4}{\376\377\000P\000r\000o\000c\000e\000s\000s\000e\000n\000\040\000e\000n\000\040\000C\000y\000c\000l\000i}{chapter.7}% 48
\BOOKMARK [0][-]{chapter.8}{\376\377\000D\000e\000\040\000E\000e\000r\000s\000t\000e\000\040\000H\000o\000o\000f\000d\000w\000e\000t\000\040\000v\000a\000n\000\040\000d\000e\000\040\000T\000h\000e\000r\000m\000o\000d\000y\000n\000a\000m\000i\000c\000a\000:\000\040\000E\000n\000e\000r\000g\000i\000e\000b\000e\000h\000o\000u\000d}{part.2}% 49
\BOOKMARK [1][-]{section.8.1}{\376\377\000V\000o\000r\000m\000e\000n\000\040\000v\000a\000n\000\040\000E\000n\000e\000r\000g\000i\000e}{chapter.8}% 50
\BOOKMARK [1][-]{section.8.2}{\376\377\000E\000n\000e\000r\000g\000i\000e\000-\000o\000v\000e\000r\000d\000r\000a\000c\000h\000t\000:\000\040\000W\000a\000r\000m\000t\000e\000\040\000e\000n\000\040\000A\000r\000b\000e\000i\000d}{chapter.8}% 51
\BOOKMARK [1][-]{section.8.3}{\376\377\000A\000r\000b\000e\000i\000d\000\040\000b\000i\000j\000\040\000G\000r\000e\000n\000s\000v\000e\000r\000p\000l\000a\000a\000t\000s\000i\000n\000g\000\040\000\050\000M\000o\000v\000i\000n\000g\000\040\000B\000o\000u\000n\000d\000a\000r\000y\000\040\000W\000o\000r\000k\000\051}{chapter.8}% 52
\BOOKMARK [1][-]{section.8.4}{\376\377\000D\000e\000\040\000E\000e\000r\000s\000t\000e\000\040\000H\000o\000o\000f\000d\000w\000e\000t\000\040\000v\000o\000o\000r\000\040\000O\000p\000e\000n\000\040\000S\000y\000s\000t\000e\000m\000e\000n\000\040\000\050\000C\000o\000n\000t\000r\000o\000l\000e\000v\000o\000l\000u\000m\000e\000s\000\051}{chapter.8}% 53
\BOOKMARK [0][-]{chapter.9}{\376\377\000E\000i\000g\000e\000n\000s\000c\000h\000a\000p\000p\000e\000n\000\040\000v\000a\000n\000\040\000Z\000u\000i\000v\000e\000r\000e\000\040\000S\000t\000o\000f\000f\000e\000n}{part.2}% 54
\BOOKMARK [1][-]{section.9.1}{\376\377\000F\000a\000s\000e\000n\000\040\000e\000n\000\040\000F\000a\000s\000e\000v\000e\000r\000a\000n\000d\000e\000r\000i\000n\000g}{chapter.9}% 55
\BOOKMARK [1][-]{section.9.2}{\376\377\000E\000i\000g\000e\000n\000s\000c\000h\000a\000p\000s\000d\000i\000a\000g\000r\000a\000m\000m\000e\000n\000\040\000e\000n\000\040\000T\000a\000b\000e\000l\000l\000e\000n}{chapter.9}% 56
\BOOKMARK [1][-]{section.9.3}{\376\377\000D\000e\000\040\000I\000d\000e\000a\000l\000e\000\040\000G\000a\000s\000w\000e\000t}{chapter.9}% 57
\BOOKMARK [0][-]{chapter.10}{\376\377\000D\000e\000\040\000T\000w\000e\000e\000d\000e\000\040\000H\000o\000o\000f\000d\000w\000e\000t\000\040\000e\000n\000\040\000E\000n\000t\000r\000o\000p\000i\000e}{part.2}% 58
\BOOKMARK [1][-]{section.10.1}{\376\377\000K\000e\000l\000v\000i\000n\000-\000P\000l\000a\000n\000c\000k\000\040\000e\000n\000\040\000C\000l\000a\000u\000s\000i\000u\000s}{chapter.10}% 59
\BOOKMARK [1][-]{section.10.2}{\376\377\000E\000n\000t\000r\000o\000p\000i\000e}{chapter.10}% 60
\BOOKMARK [1][-]{section.10.3}{\376\377\000I\000s\000e\000n\000t\000r\000o\000p\000i\000s\000c\000h\000e\000\040\000P\000r\000o\000c\000e\000s\000s\000e\000n\000\040\000e\000n\000\040\000E\000f\000f\000i\000c\000i\000\353\000n\000t\000i\000e}{chapter.10}% 61
\BOOKMARK [0][-]{chapter.11}{\376\377\000T\000h\000e\000r\000m\000o\000d\000y\000n\000a\000m\000i\000s\000c\000h\000e\000\040\000C\000y\000c\000l\000i}{part.2}% 62
\BOOKMARK [1][-]{section.11.1}{\376\377\000D\000e\000\040\000C\000a\000r\000n\000o\000t\000\040\000C\000y\000c\000l\000u\000s}{chapter.11}% 63
\BOOKMARK [1][-]{section.11.2}{\376\377\000O\000t\000t\000o\000\040\000e\000n\000\040\000D\000i\000e\000s\000e\000l\000\040\000C\000y\000c\000l\000i}{chapter.11}% 64
\BOOKMARK [1][-]{section.11.3}{\376\377\000R\000a\000n\000k\000i\000n\000e\000\040\000C\000y\000c\000l\000u\000s}{chapter.11}% 65
\BOOKMARK [1][-]{section.11.4}{\376\377\000D\000a\000m\000p\000c\000o\000m\000p\000r\000e\000s\000s\000i\000e\000\040\000K\000o\000e\000l\000c\000y\000c\000l\000u\000s}{chapter.11}% 66
\BOOKMARK [0][-]{chapter.12}{\376\377\000W\000a\000r\000m\000t\000e\000o\000v\000e\000r\000d\000r\000a\000c\000h\000t\000\040\000M\000e\000c\000h\000a\000n\000i\000s\000m\000e\000n}{part.2}% 67
\BOOKMARK [1][-]{section.12.1}{\376\377\000C\000o\000n\000d\000u\000c\000t\000i\000e\000\040\000\050\000G\000e\000l\000e\000i\000d\000i\000n\000g\000\051}{chapter.12}% 68
\BOOKMARK [1][-]{section.12.2}{\376\377\000C\000o\000n\000v\000e\000c\000t\000i\000e}{chapter.12}% 69
\BOOKMARK [1][-]{section.12.3}{\376\377\000S\000t\000r\000a\000l\000i\000n\000g}{chapter.12}% 70
\BOOKMARK [-1][-]{part.3}{\376\377\000I\000I\000I\000\040\000O\000e\000f\000e\000n\000i\000n\000g\000e\000n}{}% 71
\BOOKMARK [0][-]{chapter.13}{\376\377\000O\000e\000f\000e\000n\000i\000n\000g\000e\000n\000:\000\040\000S\000t\000r\000o\000m\000i\000n\000g\000e\000n}{part.3}% 72
\BOOKMARK [1][-]{section.13.1}{\376\377\000B\000a\000s\000i\000s\000c\000o\000n\000c\000e\000p\000t\000e\000n\000\040\000e\000n\000\040\000H\000y\000d\000r\000o\000s\000t\000a\000t\000i\000c\000a}{chapter.13}% 73
\BOOKMARK [2][-]{subsection.13.1.1}{\376\377\000O\000p\000g\000a\000v\000e\000\040\0001\000:\000\040\000M\000a\000n\000o\000m\000e\000t\000e\000r\000\040\000e\000n\000\040\000D\000r\000u\000k\000v\000e\000r\000s\000c\000h\000i\000l}{section.13.1}% 74
\BOOKMARK [2][-]{subsection.13.1.2}{\376\377\000O\000p\000g\000a\000v\000e\000\040\0002\000:\000\040\000K\000r\000a\000c\000h\000t\000\040\000o\000p\000\040\000e\000e\000n\000\040\000O\000n\000d\000e\000r\000g\000e\000d\000o\000m\000p\000e\000l\000d\000\040\000L\000u\000i\000k}{section.13.1}% 75
\BOOKMARK [2][-]{subsection.13.1.3}{\376\377\000O\000p\000g\000a\000v\000e\000\040\0003\000:\000\040\000H\000y\000d\000r\000o\000s\000t\000a\000t\000i\000s\000c\000h\000e\000\040\000D\000r\000u\000k\000\040\000\050\000D\000u\000i\000k\000b\000o\000o\000t\000\051}{section.13.1}% 76
\BOOKMARK [2][-]{subsection.13.1.4}{\376\377\000O\000p\000g\000a\000v\000e\000\040\0004\000:\000\040\000D\000r\000u\000k\000\040\000d\000o\000o\000r\000\040\000G\000e\000w\000i\000c\000h\000t\000\040\000\050\000V\000r\000o\000u\000w\000\040\000o\000p\000\040\000H\000a\000k\000k\000e\000n\000\051}{section.13.1}% 77
\BOOKMARK [1][-]{section.13.2}{\376\377\000D\000r\000i\000j\000f\000v\000e\000r\000m\000o\000g\000e\000n\000\040\000e\000n\000\040\000S\000t\000a\000b\000i\000l\000i\000t\000e\000i\000t}{chapter.13}% 78
\BOOKMARK [2][-]{subsection.13.2.1}{\376\377\000O\000p\000g\000a\000v\000e\000\040\0001\000:\000\040\000D\000r\000i\000j\000v\000e\000n\000d\000\040\000I\000J\000s\000b\000l\000o\000k}{section.13.2}% 79
\BOOKMARK [1][-]{section.13.3}{\376\377\000B\000e\000r\000n\000o\000u\000l\000l\000i\000\040\000e\000n\000\040\000E\000n\000e\000r\000g\000i\000e\000v\000e\000r\000g\000e\000l\000i\000j\000k\000i\000n\000g}{chapter.13}% 80
\BOOKMARK [2][-]{subsection.13.3.1}{\376\377\000O\000p\000g\000a\000v\000e\000\040\0001\000:\000\040\000V\000e\000n\000t\000u\000r\000i\000-\000m\000e\000t\000e\000r}{section.13.3}% 81
\BOOKMARK [1][-]{section.13.4}{\376\377\000I\000m\000p\000u\000l\000s\000b\000e\000h\000o\000u\000d}{chapter.13}% 82
\BOOKMARK [2][-]{subsection.13.4.1}{\376\377\000O\000p\000g\000a\000v\000e\000\040\0001\000:\000\040\000K\000r\000a\000c\000h\000t\000\040\000o\000p\000\040\000e\000e\000n\000\040\000B\000o\000c\000h\000t}{section.13.4}% 83
\BOOKMARK [2][-]{subsection.13.4.2}{\376\377\000O\000p\000g\000a\000v\000e\000\040\0002\000:\000\040\000S\000t\000r\000a\000a\000l\000j\000a\000g\000e\000r}{section.13.4}% 84
\BOOKMARK [1][-]{section.13.5}{\376\377\000I\000n\000t\000e\000r\000n\000e\000\040\000e\000n\000\040\000E\000x\000t\000e\000r\000n\000e\000\040\000S\000t\000r\000o\000m\000i\000n\000g}{chapter.13}% 85
\BOOKMARK [2][-]{subsection.13.5.1}{\376\377\000O\000p\000g\000a\000v\000e\000\040\0001\000:\000\040\000D\000r\000u\000k\000v\000e\000r\000l\000i\000e\000s\000\040\000i\000n\000\040\000e\000e\000n\000\040\000B\000u\000i\000s}{section.13.5}% 86
\BOOKMARK [2][-]{subsection.13.5.2}{\376\377\000O\000p\000g\000a\000v\000e\000\040\0002\000:\000\040\000D\000i\000m\000e\000n\000s\000i\000e\000a\000n\000a\000l\000y\000s\000e\000\040\000\050\000W\000e\000e\000r\000s\000t\000a\000n\000d\000s\000k\000r\000a\000c\000h\000t\000\051}{section.13.5}% 87
\BOOKMARK [0][-]{chapter.14}{\376\377\000O\000e\000f\000e\000n\000i\000n\000g\000e\000n\000:\000\040\000W\000a\000r\000m\000t\000e\000\040\000e\000n\000\040\000T\000h\000e\000r\000m\000o\000d\000y\000n\000a\000m\000i\000c\000a}{part.3}% 88
\BOOKMARK [1][-]{section.14.1}{\376\377\000B\000a\000s\000i\000s\000c\000o\000n\000c\000e\000p\000t\000e\000n}{chapter.14}% 89
\BOOKMARK [2][-]{subsection.14.1.1}{\376\377\000O\000p\000g\000a\000v\000e\000\040\0001\000:\000\040\000M\000a\000s\000s\000a\000\040\000e\000n\000\040\000V\000o\000l\000u\000m\000e\000\040\000\050\000P\000l\000a\000s\000t\000i\000c\000\040\000T\000a\000n\000k\000\051}{section.14.1}% 90
\BOOKMARK [2][-]{subsection.14.1.2}{\376\377\000O\000p\000g\000a\000v\000e\000\040\0002\000:\000\040\000T\000w\000e\000e\000d\000e\000\040\000W\000e\000t\000\040\000v\000a\000n\000\040\000N\000e\000w\000t\000o\000n\000\040\000\050\000S\000t\000e\000e\000n\000\051}{section.14.1}% 91
\BOOKMARK [1][-]{section.14.2}{\376\377\000E\000e\000r\000s\000t\000e\000\040\000H\000o\000o\000f\000d\000w\000e\000t\000:\000\040\000G\000e\000s\000l\000o\000t\000e\000n\000\040\000S\000y\000s\000t\000e\000m\000e\000n}{chapter.14}% 92
\BOOKMARK [2][-]{subsection.14.2.1}{\376\377\000O\000p\000g\000a\000v\000e\000\040\0001\000:\000\040\000Z\000u\000i\000g\000e\000r\000-\000C\000i\000l\000i\000n\000d\000e\000r}{section.14.2}% 93
\BOOKMARK [1][-]{section.14.3}{\376\377\000E\000e\000r\000s\000t\000e\000\040\000H\000o\000o\000f\000d\000w\000e\000t\000:\000\040\000O\000p\000e\000n\000\040\000S\000y\000s\000t\000e\000m\000e\000n}{chapter.14}% 94
\BOOKMARK [2][-]{subsection.14.3.1}{\376\377\000O\000p\000g\000a\000v\000e\000\040\0001\000:\000\040\000C\000o\000m\000p\000r\000e\000s\000s\000o\000r\000\040\000\050\000H\000e\000l\000i\000u\000m\000\051}{section.14.3}% 95
\BOOKMARK [2][-]{subsection.14.3.2}{\376\377\000O\000p\000g\000a\000v\000e\000\040\0002\000:\000\040\000S\000t\000o\000o\000m\000t\000u\000r\000b\000i\000n\000e}{section.14.3}% 96
\BOOKMARK [2][-]{subsection.14.3.3}{\376\377\000O\000p\000g\000a\000v\000e\000\040\0003\000:\000\040\000E\000x\000p\000a\000n\000s\000i\000e\000v\000e\000n\000t\000i\000e\000l\000\040\000\050\000K\000o\000e\000l\000m\000i\000d\000d\000e\000l\000-\0001\0003\0004\000a\000\051}{section.14.3}% 97
\BOOKMARK [1][-]{section.14.4}{\376\377\000T\000w\000e\000e\000d\000e\000\040\000H\000o\000o\000f\000d\000w\000e\000t\000\040\000e\000n\000\040\000C\000y\000c\000l\000i}{chapter.14}% 98
\BOOKMARK [2][-]{subsection.14.4.1}{\376\377\000O\000p\000g\000a\000v\000e\000\040\0001\000:\000\040\000W\000a\000r\000m\000t\000e\000p\000o\000m\000p}{section.14.4}% 99
