This is pdfTeX, Version 3.141592653-2.6-1.40.28 (TeX Live 2025) (preloaded format=pdflatex 2025.12.15)  16 DEC 2025 01:24
entering extended mode
 restricted \write18 enabled.
 file:line:error style messages enabled.
 %&-line parsing enabled.
**"c:/Users/ruben/OneDrive/Documents/Latex document/School-latex-documents/Warmte en stromigen/Thermische_en_Fluidumwetenschappen.tex"
(c:/Users/ruben/OneDrive/Documents/Latex document/School-latex-documents/Warmte en stromigen/Thermische_en_Fluidumwetenschappen.tex
LaTeX2e <2025-11-01>
L3 programming layer <2025-11-14>
(c:/Users/ruben/AppData/Roaming/TinyTeX/texmf-dist/tex/latex/base/report.cls
Document Class: report 2025/01/22 v1.4n Standard LaTeX document class
(c:/Users/ruben/AppData/Roaming/TinyTeX/texmf-dist/tex/latex/base/size11.clo
File: size11.clo 2025/01/22 v1.4n Standard LaTeX file (size option)
)
\c@part=\count275
\c@chapter=\count276
\c@section=\count277
\c@subsection=\count278
\c@subsubsection=\count279
\c@paragraph=\count280
\c@subparagraph=\count281
\c@figure=\count282
\c@table=\count283
\abovecaptionskip=\skip49
\belowcaptionskip=\skip50
\bibindent=\dimen148
) (c:/Users/ruben/AppData/Roaming/TinyTeX/texmf-dist/tex/generic/babel/babel.sty
Package: babel 2025/12/11 v25.17 The multilingual framework for LuaLaTeX, pdfLaTeX and XeLaTeX
\babel@savecnt=\count284
LaTeX Encoding Info:    Redeclaring text command \ij (encoding OT1) on input line 2068.
LaTeX Encoding Info:    Redeclaring text command \IJ (encoding OT1) on input line 2070.
LaTeX Encoding Info:    Redeclaring text command \ij (encoding T1) on input line 2072.
LaTeX Encoding Info:    Redeclaring text command \IJ (encoding T1) on input line 2073.
LaTeX Encoding Info:    Ignoring declaration for text command \ij (encoding ?) on input line 2074.
LaTeX Encoding Info:    Ignoring declaration for text command \IJ (encoding ?) on input line 2076.
LaTeX Encoding Info:    Ignoring declaration for text command \SS (encoding ?) on input line 2101.
\U@D=\dimen149
\l@unhyphenated=\language3
 (c:/Users/ruben/AppData/Roaming/TinyTeX/texmf-dist/tex/generic/babel/txtbabel.def)
\bbl@readstream=\read2
\bbl@dirlevel=\count285
 (c:/Users/ruben/AppData/Roaming/TinyTeX/texmf-dist/tex/generic/babel/locale/nl/babel-dutch.tex)
Package babel Info: Importing font and identification data for dutch
(babel)             from babel-nl.ini. Reported on input line 4320.
 (c:/Users/ruben/AppData/Roaming/TinyTeX/texmf-dist/tex/generic/babel-dutch/dutch.ldf
Language: dutch 2021/08/29 v3.8l Dutch support from the babel system


Package babel Warning: No hyphenation patterns were preloaded for
(babel)                the language 'Dutch' into the format.
(babel)                Please, configure your TeX system to add them and
(babel)                rebuild the format. Now I will use the patterns
(babel)                preloaded for \language=0 instead on input line 49.

Package babel Info: Hyphen rules for 'dutch' set to \l@english
(babel)             (\language0). Reported on input line 51.
Package babel Info: Making " an active character on input line 127.
)) (c:/Users/ruben/AppData/Roaming/TinyTeX/texmf-dist/tex/latex/base/inputenc.sty
Package: inputenc 2024/02/08 v1.3d Input encoding file
\inpenc@prehook=\toks17
\inpenc@posthook=\toks18
) (c:/Users/ruben/AppData/Roaming/TinyTeX/texmf-dist/tex/latex/amsmath/amsmath.sty
Package: amsmath 2025/07/09 v2.17z AMS math features
\@mathmargin=\skip51

For additional information on amsmath, use the `?' option.
(c:/Users/ruben/AppData/Roaming/TinyTeX/texmf-dist/tex/latex/amsmath/amstext.sty
Package: amstext 2024/11/17 v2.01 AMS text
 (c:/Users/ruben/AppData/Roaming/TinyTeX/texmf-dist/tex/latex/amsmath/amsgen.sty
File: amsgen.sty 1999/11/30 v2.0 generic functions
\@emptytoks=\toks19
\ex@=\dimen150
)) (c:/Users/ruben/AppData/Roaming/TinyTeX/texmf-dist/tex/latex/amsmath/amsbsy.sty
Package: amsbsy 1999/11/29 v1.2d Bold Symbols
\pmbraise@=\dimen151
) (c:/Users/ruben/AppData/Roaming/TinyTeX/texmf-dist/tex/latex/amsmath/amsopn.sty
Package: amsopn 2022/04/08 v2.04 operator names
)
\inf@bad=\count286
LaTeX Info: Redefining \frac on input line 233.
\uproot@=\count287
\leftroot@=\count288
LaTeX Info: Redefining \overline on input line 398.
LaTeX Info: Redefining \colon on input line 409.
\classnum@=\count289
\DOTSCASE@=\count290
LaTeX Info: Redefining \ldots on input line 495.
LaTeX Info: Redefining \dots on input line 498.
LaTeX Info: Redefining \cdots on input line 619.
\Mathstrutbox@=\box53
\strutbox@=\box54
LaTeX Info: Redefining \big on input line 721.
LaTeX Info: Redefining \Big on input line 722.
LaTeX Info: Redefining \bigg on input line 723.
LaTeX Info: Redefining \Bigg on input line 724.
\big@size=\dimen152
LaTeX Font Info:    Redeclaring font encoding OML on input line 742.
LaTeX Font Info:    Redeclaring font encoding OMS on input line 743.
\macc@depth=\count291
LaTeX Info: Redefining \bmod on input line 904.
LaTeX Info: Redefining \pmod on input line 909.
LaTeX Info: Redefining \smash on input line 939.
LaTeX Info: Redefining \relbar on input line 969.
LaTeX Info: Redefining \Relbar on input line 970.
\c@MaxMatrixCols=\count292
\dotsspace@=\muskip17
\c@parentequation=\count293
\dspbrk@lvl=\count294
\tag@help=\toks20
\row@=\count295
\column@=\count296
\maxfields@=\count297
\andhelp@=\toks21
\eqnshift@=\dimen153
\alignsep@=\dimen154
\tagshift@=\dimen155
\tagwidth@=\dimen156
\totwidth@=\dimen157
\lineht@=\dimen158
\@envbody=\toks22
\multlinegap=\skip52
\multlinetaggap=\skip53
\mathdisplay@stack=\toks23
LaTeX Info: Redefining \[ on input line 2950.
LaTeX Info: Redefining \] on input line 2951.
) (c:/Users/ruben/AppData/Roaming/TinyTeX/texmf-dist/tex/latex/amsfonts/amssymb.sty
Package: amssymb 2013/01/14 v3.01 AMS font symbols
 (c:/Users/ruben/AppData/Roaming/TinyTeX/texmf-dist/tex/latex/amsfonts/amsfonts.sty
Package: amsfonts 2013/01/14 v3.01 Basic AMSFonts support
\symAMSa=\mathgroup4
\symAMSb=\mathgroup5
LaTeX Font Info:    Redeclaring math symbol \hbar on input line 98.
LaTeX Font Info:    Overwriting math alphabet `\mathfrak' in version `bold'
(Font)                  U/euf/m/n --> U/euf/b/n on input line 106.
)) (c:/Users/ruben/AppData/Roaming/TinyTeX/texmf-dist/tex/latex/graphics/graphicx.sty
Package: graphicx 2024/12/31 v1.2e Enhanced LaTeX Graphics (DPC,SPQR)
 (c:/Users/ruben/AppData/Roaming/TinyTeX/texmf-dist/tex/latex/graphics/keyval.sty
Package: keyval 2022/05/29 v1.15 key=value parser (DPC)
\KV@toks@=\toks24
) (c:/Users/ruben/AppData/Roaming/TinyTeX/texmf-dist/tex/latex/graphics/graphics.sty
Package: graphics 2024/08/06 v1.4g Standard LaTeX Graphics (DPC,SPQR)
 (c:/Users/ruben/AppData/Roaming/TinyTeX/texmf-dist/tex/latex/graphics/trig.sty
Package: trig 2023/12/02 v1.11 sin cos tan (DPC)
) (c:/Users/ruben/AppData/Roaming/TinyTeX/texmf-dist/tex/latex/graphics-cfg/graphics.cfg
File: graphics.cfg 2016/06/04 v1.11 sample graphics configuration
)
Package graphics Info: Driver file: pdftex.def on input line 106.
 (c:/Users/ruben/AppData/Roaming/TinyTeX/texmf-dist/tex/latex/graphics-def/pdftex.def
File: pdftex.def 2025/09/29 v1.2d Graphics/color driver for pdftex
))
\Gin@req@height=\dimen159
\Gin@req@width=\dimen160
) (c:/Users/ruben/AppData/Roaming/TinyTeX/texmf-dist/tex/latex/geometry/geometry.sty
Package: geometry 2020/01/02 v5.9 Page Geometry
 (c:/Users/ruben/AppData/Roaming/TinyTeX/texmf-dist/tex/generic/iftex/ifvtex.sty
Package: ifvtex 2019/10/25 v1.7 ifvtex legacy package. Use iftex instead.
 (c:/Users/ruben/AppData/Roaming/TinyTeX/texmf-dist/tex/generic/iftex/iftex.sty
Package: iftex 2024/12/12 v1.0g TeX engine tests
))
\Gm@cnth=\count298
\Gm@cntv=\count299
\c@Gm@tempcnt=\count300
\Gm@bindingoffset=\dimen161
\Gm@wd@mp=\dimen162
\Gm@odd@mp=\dimen163
\Gm@even@mp=\dimen164
\Gm@layoutwidth=\dimen165
\Gm@layoutheight=\dimen166
\Gm@layouthoffset=\dimen167
\Gm@layoutvoffset=\dimen168
\Gm@dimlist=\toks25
) (c:/Users/ruben/AppData/Roaming/TinyTeX/texmf-dist/tex/latex/hyperref/hyperref.sty
Package: hyperref 2025-07-12 v7.01o Hypertext links for LaTeX
 (c:/Users/ruben/AppData/Roaming/TinyTeX/texmf-dist/tex/latex/kvsetkeys/kvsetkeys.sty
Package: kvsetkeys 2022-10-05 v1.19 Key value parser (HO)
) (c:/Users/ruben/AppData/Roaming/TinyTeX/texmf-dist/tex/generic/kvdefinekeys/kvdefinekeys.sty
Package: kvdefinekeys 2019-12-19 v1.6 Define keys (HO)
) (c:/Users/ruben/AppData/Roaming/TinyTeX/texmf-dist/tex/generic/pdfescape/pdfescape.sty
Package: pdfescape 2019/12/09 v1.15 Implements pdfTeX's escape features (HO)
 (c:/Users/ruben/AppData/Roaming/TinyTeX/texmf-dist/tex/generic/ltxcmds/ltxcmds.sty
Package: ltxcmds 2023-12-04 v1.26 LaTeX kernel commands for general use (HO)
) (c:/Users/ruben/AppData/Roaming/TinyTeX/texmf-dist/tex/generic/pdftexcmds/pdftexcmds.sty
Package: pdftexcmds 2020-06-27 v0.33 Utility functions of pdfTeX for LuaTeX (HO)
 (c:/Users/ruben/AppData/Roaming/TinyTeX/texmf-dist/tex/generic/infwarerr/infwarerr.sty
Package: infwarerr 2019/12/03 v1.5 Providing info/warning/error messages (HO)
)
Package pdftexcmds Info: \pdf@primitive is available.
Package pdftexcmds Info: \pdf@ifprimitive is available.
Package pdftexcmds Info: \pdfdraftmode found.
)) (c:/Users/ruben/AppData/Roaming/TinyTeX/texmf-dist/tex/latex/hycolor/hycolor.sty
Package: hycolor 2020-01-27 v1.10 Color options for hyperref/bookmark (HO)
) (c:/Users/ruben/AppData/Roaming/TinyTeX/texmf-dist/tex/latex/hyperref/nameref.sty
Package: nameref 2025-06-21 v2.57 Cross-referencing by name of section
 (c:/Users/ruben/AppData/Roaming/TinyTeX/texmf-dist/tex/latex/refcount/refcount.sty
Package: refcount 2019/12/15 v3.6 Data extraction from label references (HO)
) (c:/Users/ruben/AppData/Roaming/TinyTeX/texmf-dist/tex/generic/gettitlestring/gettitlestring.sty
Package: gettitlestring 2019/12/15 v1.6 Cleanup title references (HO)
 (c:/Users/ruben/AppData/Roaming/TinyTeX/texmf-dist/tex/latex/kvoptions/kvoptions.sty
Package: kvoptions 2022-06-15 v3.15 Key value format for package options (HO)
))
\c@section@level=\count301
) (c:/Users/ruben/AppData/Roaming/TinyTeX/texmf-dist/tex/latex/etoolbox/etoolbox.sty
Package: etoolbox 2025/10/02 v2.5m e-TeX tools for LaTeX (JAW)
\etb@tempcnta=\count302
) (c:/Users/ruben/AppData/Roaming/TinyTeX/texmf-dist/tex/generic/stringenc/stringenc.sty
Package: stringenc 2019/11/29 v1.12 Convert strings between diff. encodings (HO)
)
\@linkdim=\dimen169
\Hy@linkcounter=\count303
\Hy@pagecounter=\count304
 (c:/Users/ruben/AppData/Roaming/TinyTeX/texmf-dist/tex/latex/hyperref/pd1enc.def
File: pd1enc.def 2025-07-12 v7.01o Hyperref: PDFDocEncoding definition (HO)
Now handling font encoding PD1 ...
... no UTF-8 mapping file for font encoding PD1
) (c:/Users/ruben/AppData/Roaming/TinyTeX/texmf-dist/tex/generic/intcalc/intcalc.sty
Package: intcalc 2019/12/15 v1.3 Expandable calculations with integers (HO)
)
\Hy@SavedSpaceFactor=\count305
 (c:/Users/ruben/AppData/Roaming/TinyTeX/texmf-dist/tex/latex/hyperref/puenc.def
File: puenc.def 2025-07-12 v7.01o Hyperref: PDF Unicode definition (HO)
Now handling font encoding PU ...
... no UTF-8 mapping file for font encoding PU
)
Package hyperref Info: Option `colorlinks' set `true' on input line 4066.
Package hyperref Info: Hyper figures OFF on input line 4195.
Package hyperref Info: Link nesting OFF on input line 4200.
Package hyperref Info: Hyper index ON on input line 4203.
Package hyperref Info: Plain pages OFF on input line 4210.
Package hyperref Info: Backreferencing OFF on input line 4215.
Package hyperref Info: Implicit mode ON; LaTeX internals redefined.
Package hyperref Info: Bookmarks ON on input line 4462.
\c@Hy@tempcnt=\count306
 (c:/Users/ruben/AppData/Roaming/TinyTeX/texmf-dist/tex/latex/url/url.sty
\Urlmuskip=\muskip18
Package: url 2013/09/16  ver 3.4  Verb mode for urls, etc.
)
LaTeX Info: Redefining \url on input line 4801.
\XeTeXLinkMargin=\dimen170
 (c:/Users/ruben/AppData/Roaming/TinyTeX/texmf-dist/tex/generic/bitset/bitset.sty
Package: bitset 2019/12/09 v1.3 Handle bit-vector datatype (HO)
 (c:/Users/ruben/AppData/Roaming/TinyTeX/texmf-dist/tex/generic/bigintcalc/bigintcalc.sty
Package: bigintcalc 2019/12/15 v1.5 Expandable calculations on big integers (HO)
))
\Fld@menulength=\count307
\Field@Width=\dimen171
\Fld@charsize=\dimen172
Package hyperref Info: Hyper figures OFF on input line 6078.
Package hyperref Info: Link nesting OFF on input line 6083.
Package hyperref Info: Hyper index ON on input line 6086.
Package hyperref Info: backreferencing OFF on input line 6093.
Package hyperref Info: Link coloring ON on input line 6096.
Package hyperref Info: Link coloring with OCG OFF on input line 6103.
Package hyperref Info: PDF/A mode OFF on input line 6108.
\Hy@abspage=\count308
\c@Item=\count309
\c@Hfootnote=\count310
)
Package hyperref Info: Driver (autodetected): hpdftex.
 (c:/Users/ruben/AppData/Roaming/TinyTeX/texmf-dist/tex/latex/hyperref/hpdftex.def
File: hpdftex.def 2025-07-12 v7.01o Hyperref driver for pdfTeX
\Fld@listcount=\count311
\c@bookmark@seq@number=\count312
 (c:/Users/ruben/AppData/Roaming/TinyTeX/texmf-dist/tex/latex/rerunfilecheck/rerunfilecheck.sty
Package: rerunfilecheck 2025-06-21 v1.11 Rerun checks for auxiliary files (HO)
 (c:/Users/ruben/AppData/Roaming/TinyTeX/texmf-dist/tex/generic/uniquecounter/uniquecounter.sty
Package: uniquecounter 2019/12/15 v1.4 Provide unlimited unique counter (HO)
)
Package uniquecounter Info: New unique counter `rerunfilecheck' on input line 284.
)
\Hy@SectionHShift=\skip54
) (c:/Users/ruben/AppData/Roaming/TinyTeX/texmf-dist/tex/latex/booktabs/booktabs.sty
Package: booktabs 2020/01/12 v1.61803398 Publication quality tables
\heavyrulewidth=\dimen173
\lightrulewidth=\dimen174
\cmidrulewidth=\dimen175
\belowrulesep=\dimen176
\belowbottomsep=\dimen177
\aboverulesep=\dimen178
\abovetopsep=\dimen179
\cmidrulesep=\dimen180
\cmidrulekern=\dimen181
\defaultaddspace=\dimen182
\@cmidla=\count313
\@cmidlb=\count314
\@aboverulesep=\dimen183
\@belowrulesep=\dimen184
\@thisruleclass=\count315
\@lastruleclass=\count316
\@thisrulewidth=\dimen185
) (c:/Users/ruben/AppData/Roaming/TinyTeX/texmf-dist/tex/latex/enumitem/enumitem.sty
Package: enumitem 2025/02/06 v3.11 Customized lists
\labelindent=\skip55
\enit@outerparindent=\dimen186
\enit@toks=\toks26
\enit@inbox=\box55
\enit@count@id=\count317
\enitdp@description=\count318
) (c:/Users/ruben/AppData/Roaming/TinyTeX/texmf-dist/tex/latex/float/float.sty
Package: float 2001/11/08 v1.3d Float enhancements (AL)
\c@float@type=\count319
\float@exts=\toks27
\float@box=\box56
\@float@everytoks=\toks28
\@floatcapt=\box57
) (c:/Users/ruben/AppData/Roaming/TinyTeX/texmf-dist/tex/latex/pdfpages/pdfpages.sty
Package: pdfpages 2025/07/23 v0.6g Insert pages of external PDF documents (AM)
 (c:/Users/ruben/AppData/Roaming/TinyTeX/texmf-dist/tex/latex/base/ifthen.sty
Package: ifthen 2024/03/16 v1.1e Standard LaTeX ifthen package (DPC)
) (c:/Users/ruben/AppData/Roaming/TinyTeX/texmf-dist/tex/latex/tools/calc.sty
Package: calc 2025/03/01 v4.3b Infix arithmetic (KKT,FJ)
\calc@Acount=\count320
\calc@Bcount=\count321
\calc@Adimen=\dimen187
\calc@Bdimen=\dimen188
\calc@Askip=\skip56
\calc@Bskip=\skip57
LaTeX Info: Redefining \setlength on input line 86.
LaTeX Info: Redefining \addtolength on input line 87.
\calc@Ccount=\count322
\calc@Cskip=\skip58
) (c:/Users/ruben/AppData/Roaming/TinyTeX/texmf-dist/tex/latex/eso-pic/eso-pic.sty
Package: eso-pic 2025/12/10 v3.0d eso-pic (RN)
\ESO@tempdima=\dimen189
\ESO@tempdimb=\dimen190
 (c:/Users/ruben/AppData/Roaming/TinyTeX/texmf-dist/tex/latex/xcolor/xcolor.sty
Package: xcolor 2024/09/29 v3.02 LaTeX color extensions (UK)
 (c:/Users/ruben/AppData/Roaming/TinyTeX/texmf-dist/tex/latex/graphics-cfg/color.cfg
File: color.cfg 2016/01/02 v1.6 sample color configuration
)
Package xcolor Info: Driver file: pdftex.def on input line 274.
 (c:/Users/ruben/AppData/Roaming/TinyTeX/texmf-dist/tex/latex/graphics/mathcolor.ltx)
Package xcolor Info: Model `cmy' substituted by `cmy0' on input line 1349.
Package xcolor Info: Model `hsb' substituted by `rgb' on input line 1353.
Package xcolor Info: Model `RGB' extended on input line 1365.
Package xcolor Info: Model `HTML' substituted by `rgb' on input line 1367.
Package xcolor Info: Model `Hsb' substituted by `hsb' on input line 1368.
Package xcolor Info: Model `tHsb' substituted by `hsb' on input line 1369.
Package xcolor Info: Model `HSB' substituted by `hsb' on input line 1370.
Package xcolor Info: Model `Gray' substituted by `gray' on input line 1371.
Package xcolor Info: Model `wave' substituted by `hsb' on input line 1372.
))
\AM@pagewidth=\dimen191
\AM@pageheight=\dimen192
\AM@fboxrule=\dimen193
 (c:/Users/ruben/AppData/Roaming/TinyTeX/texmf-dist/tex/latex/pdfpages/pppdftex.def
File: pppdftex.def 2025/07/23 v0.6g Pdfpages driver for pdfTeX (AM)
)
\pdfpages@includegraphics@status=\count323
\AM@pagebox=\box58
\AM@global@opts=\toks29
\AM@pagecnt=\count324
\AM@toc@title=\toks30
\AM@lof@heading=\toks31
\c@AM@survey=\count325
\AM@templatesizebox=\box59
) (c:/Users/ruben/AppData/Roaming/TinyTeX/texmf-dist/tex/latex/pgf/frontendlayer/tikz.sty (c:/Users/ruben/AppData/Roaming/TinyTeX/texmf-dist/tex/latex/pgf/basiclayer/pgf.sty (c:/Users/ruben/AppData/Roaming/TinyTeX/texmf-dist/tex/latex/pgf/utilities/pgfrcs.sty (c:/Users/ruben/AppData/Roaming/TinyTeX/texmf-dist/tex/generic/pgf/utilities/pgfutil-common.tex
\pgfutil@everybye=\toks32
\pgfutil@tempdima=\dimen194
\pgfutil@tempdimb=\dimen195
) (c:/Users/ruben/AppData/Roaming/TinyTeX/texmf-dist/tex/generic/pgf/utilities/pgfutil-latex.def
\pgfutil@abb=\box60
) (c:/Users/ruben/AppData/Roaming/TinyTeX/texmf-dist/tex/generic/pgf/utilities/pgfrcs.code.tex (c:/Users/ruben/AppData/Roaming/TinyTeX/texmf-dist/tex/generic/pgf/pgf.revision.tex)
Package: pgfrcs 2025-08-29 v3.1.11a (3.1.11a)
))
Package: pgf 2025-08-29 v3.1.11a (3.1.11a)
 (c:/Users/ruben/AppData/Roaming/TinyTeX/texmf-dist/tex/latex/pgf/basiclayer/pgfcore.sty (c:/Users/ruben/AppData/Roaming/TinyTeX/texmf-dist/tex/latex/pgf/systemlayer/pgfsys.sty (c:/Users/ruben/AppData/Roaming/TinyTeX/texmf-dist/tex/generic/pgf/systemlayer/pgfsys.code.tex
Package: pgfsys 2025-08-29 v3.1.11a (3.1.11a)
 (c:/Users/ruben/AppData/Roaming/TinyTeX/texmf-dist/tex/generic/pgf/utilities/pgfkeys.code.tex
\pgfkeys@pathtoks=\toks33
\pgfkeys@temptoks=\toks34
 (c:/Users/ruben/AppData/Roaming/TinyTeX/texmf-dist/tex/generic/pgf/utilities/pgfkeyslibraryfiltered.code.tex
\pgfkeys@tmptoks=\toks35
))
\pgf@x=\dimen196
\pgf@y=\dimen197
\pgf@xa=\dimen198
\pgf@ya=\dimen199
\pgf@xb=\dimen256
\pgf@yb=\dimen257
\pgf@xc=\dimen258
\pgf@yc=\dimen259
\pgf@xd=\dimen260
\pgf@yd=\dimen261
\w@pgf@writea=\write3
\r@pgf@reada=\read3
\c@pgf@counta=\count326
\c@pgf@countb=\count327
\c@pgf@countc=\count328
\c@pgf@countd=\count329
\t@pgf@toka=\toks36
\t@pgf@tokb=\toks37
\t@pgf@tokc=\toks38
\pgf@sys@id@count=\count330
 (c:/Users/ruben/AppData/Roaming/TinyTeX/texmf-dist/tex/generic/pgf/systemlayer/pgf.cfg
File: pgf.cfg 2025-08-29 v3.1.11a (3.1.11a)
)
Driver file for pgf: pgfsys-pdftex.def
 (c:/Users/ruben/AppData/Roaming/TinyTeX/texmf-dist/tex/generic/pgf/systemlayer/pgfsys-pdftex.def
File: pgfsys-pdftex.def 2025-08-29 v3.1.11a (3.1.11a)
 (c:/Users/ruben/AppData/Roaming/TinyTeX/texmf-dist/tex/generic/pgf/systemlayer/pgfsys-common-pdf.def
File: pgfsys-common-pdf.def 2025-08-29 v3.1.11a (3.1.11a)
))) (c:/Users/ruben/AppData/Roaming/TinyTeX/texmf-dist/tex/generic/pgf/systemlayer/pgfsyssoftpath.code.tex
File: pgfsyssoftpath.code.tex 2025-08-29 v3.1.11a (3.1.11a)
\pgfsyssoftpath@smallbuffer@items=\count331
\pgfsyssoftpath@bigbuffer@items=\count332
) (c:/Users/ruben/AppData/Roaming/TinyTeX/texmf-dist/tex/generic/pgf/systemlayer/pgfsysprotocol.code.tex
File: pgfsysprotocol.code.tex 2025-08-29 v3.1.11a (3.1.11a)
)) (c:/Users/ruben/AppData/Roaming/TinyTeX/texmf-dist/tex/generic/pgf/basiclayer/pgfcore.code.tex
Package: pgfcore 2025-08-29 v3.1.11a (3.1.11a)
 (c:/Users/ruben/AppData/Roaming/TinyTeX/texmf-dist/tex/generic/pgf/math/pgfmath.code.tex (c:/Users/ruben/AppData/Roaming/TinyTeX/texmf-dist/tex/generic/pgf/math/pgfmathutil.code.tex) (c:/Users/ruben/AppData/Roaming/TinyTeX/texmf-dist/tex/generic/pgf/math/pgfmathparser.code.tex
\pgfmath@dimen=\dimen262
\pgfmath@count=\count333
\pgfmath@box=\box61
\pgfmath@toks=\toks39
\pgfmath@stack@operand=\toks40
\pgfmath@stack@operation=\toks41
) (c:/Users/ruben/AppData/Roaming/TinyTeX/texmf-dist/tex/generic/pgf/math/pgfmathfunctions.code.tex) (c:/Users/ruben/AppData/Roaming/TinyTeX/texmf-dist/tex/generic/pgf/math/pgfmathfunctions.basic.code.tex) (c:/Users/ruben/AppData/Roaming/TinyTeX/texmf-dist/tex/generic/pgf/math/pgfmathfunctions.trigonometric.code.tex) (c:/Users/ruben/AppData/Roaming/TinyTeX/texmf-dist/tex/generic/pgf/math/pgfmathfunctions.random.code.tex) (c:/Users/ruben/AppData/Roaming/TinyTeX/texmf-dist/tex/generic/pgf/math/pgfmathfunctions.comparison.code.tex) (c:/Users/ruben/AppData/Roaming/TinyTeX/texmf-dist/tex/generic/pgf/math/pgfmathfunctions.base.code.tex) (c:/Users/ruben/AppData/Roaming/TinyTeX/texmf-dist/tex/generic/pgf/math/pgfmathfunctions.round.code.tex) (c:/Users/ruben/AppData/Roaming/TinyTeX/texmf-dist/tex/generic/pgf/math/pgfmathfunctions.misc.code.tex) (c:/Users/ruben/AppData/Roaming/TinyTeX/texmf-dist/tex/generic/pgf/math/pgfmathfunctions.integerarithmetics.code.tex) (c:/Users/ruben/AppData/Roaming/TinyTeX/texmf-dist/tex/generic/pgf/math/pgfmathcalc.code.tex) (c:/Users/ruben/AppData/Roaming/TinyTeX/texmf-dist/tex/generic/pgf/math/pgfmathfloat.code.tex
\c@pgfmathroundto@lastzeros=\count334
)) (c:/Users/ruben/AppData/Roaming/TinyTeX/texmf-dist/tex/generic/pgf/math/pgfint.code.tex) (c:/Users/ruben/AppData/Roaming/TinyTeX/texmf-dist/tex/generic/pgf/basiclayer/pgfcorepoints.code.tex
File: pgfcorepoints.code.tex 2025-08-29 v3.1.11a (3.1.11a)
\pgf@picminx=\dimen263
\pgf@picmaxx=\dimen264
\pgf@picminy=\dimen265
\pgf@picmaxy=\dimen266
\pgf@pathminx=\dimen267
\pgf@pathmaxx=\dimen268
\pgf@pathminy=\dimen269
\pgf@pathmaxy=\dimen270
\pgf@xx=\dimen271
\pgf@xy=\dimen272
\pgf@yx=\dimen273
\pgf@yy=\dimen274
\pgf@zx=\dimen275
\pgf@zy=\dimen276
) (c:/Users/ruben/AppData/Roaming/TinyTeX/texmf-dist/tex/generic/pgf/basiclayer/pgfcorepathconstruct.code.tex
File: pgfcorepathconstruct.code.tex 2025-08-29 v3.1.11a (3.1.11a)
\pgf@path@lastx=\dimen277
\pgf@path@lasty=\dimen278
) (c:/Users/ruben/AppData/Roaming/TinyTeX/texmf-dist/tex/generic/pgf/basiclayer/pgfcorepathusage.code.tex
File: pgfcorepathusage.code.tex 2025-08-29 v3.1.11a (3.1.11a)
\pgf@shorten@end@additional=\dimen279
\pgf@shorten@start@additional=\dimen280
) (c:/Users/ruben/AppData/Roaming/TinyTeX/texmf-dist/tex/generic/pgf/basiclayer/pgfcorescopes.code.tex
File: pgfcorescopes.code.tex 2025-08-29 v3.1.11a (3.1.11a)
\pgfpic=\box62
\pgf@hbox=\box63
\pgf@layerbox@main=\box64
\pgf@picture@serial@count=\count335
) (c:/Users/ruben/AppData/Roaming/TinyTeX/texmf-dist/tex/generic/pgf/basiclayer/pgfcoregraphicstate.code.tex
File: pgfcoregraphicstate.code.tex 2025-08-29 v3.1.11a (3.1.11a)
\pgflinewidth=\dimen281
) (c:/Users/ruben/AppData/Roaming/TinyTeX/texmf-dist/tex/generic/pgf/basiclayer/pgfcoretransformations.code.tex
File: pgfcoretransformations.code.tex 2025-08-29 v3.1.11a (3.1.11a)
\pgf@pt@x=\dimen282
\pgf@pt@y=\dimen283
\pgf@pt@temp=\dimen284
) (c:/Users/ruben/AppData/Roaming/TinyTeX/texmf-dist/tex/generic/pgf/basiclayer/pgfcorequick.code.tex
File: pgfcorequick.code.tex 2025-08-29 v3.1.11a (3.1.11a)
) (c:/Users/ruben/AppData/Roaming/TinyTeX/texmf-dist/tex/generic/pgf/basiclayer/pgfcoreobjects.code.tex
File: pgfcoreobjects.code.tex 2025-08-29 v3.1.11a (3.1.11a)
) (c:/Users/ruben/AppData/Roaming/TinyTeX/texmf-dist/tex/generic/pgf/basiclayer/pgfcorepathprocessing.code.tex
File: pgfcorepathprocessing.code.tex 2025-08-29 v3.1.11a (3.1.11a)
) (c:/Users/ruben/AppData/Roaming/TinyTeX/texmf-dist/tex/generic/pgf/basiclayer/pgfcorearrows.code.tex
File: pgfcorearrows.code.tex 2025-08-29 v3.1.11a (3.1.11a)
\pgfarrowsep=\dimen285
) (c:/Users/ruben/AppData/Roaming/TinyTeX/texmf-dist/tex/generic/pgf/basiclayer/pgfcoreshade.code.tex
File: pgfcoreshade.code.tex 2025-08-29 v3.1.11a (3.1.11a)
\pgf@max=\dimen286
\pgf@sys@shading@range@num=\count336
\pgf@shadingcount=\count337
) (c:/Users/ruben/AppData/Roaming/TinyTeX/texmf-dist/tex/generic/pgf/basiclayer/pgfcoreimage.code.tex
File: pgfcoreimage.code.tex 2025-08-29 v3.1.11a (3.1.11a)
) (c:/Users/ruben/AppData/Roaming/TinyTeX/texmf-dist/tex/generic/pgf/basiclayer/pgfcoreexternal.code.tex
File: pgfcoreexternal.code.tex 2025-08-29 v3.1.11a (3.1.11a)
\pgfexternal@startupbox=\box65
) (c:/Users/ruben/AppData/Roaming/TinyTeX/texmf-dist/tex/generic/pgf/basiclayer/pgfcorelayers.code.tex
File: pgfcorelayers.code.tex 2025-08-29 v3.1.11a (3.1.11a)
) (c:/Users/ruben/AppData/Roaming/TinyTeX/texmf-dist/tex/generic/pgf/basiclayer/pgfcoretransparency.code.tex
File: pgfcoretransparency.code.tex 2025-08-29 v3.1.11a (3.1.11a)
) (c:/Users/ruben/AppData/Roaming/TinyTeX/texmf-dist/tex/generic/pgf/basiclayer/pgfcorepatterns.code.tex
File: pgfcorepatterns.code.tex 2025-08-29 v3.1.11a (3.1.11a)
) (c:/Users/ruben/AppData/Roaming/TinyTeX/texmf-dist/tex/generic/pgf/basiclayer/pgfcorerdf.code.tex
File: pgfcorerdf.code.tex 2025-08-29 v3.1.11a (3.1.11a)
))) (c:/Users/ruben/AppData/Roaming/TinyTeX/texmf-dist/tex/generic/pgf/modules/pgfmoduleshapes.code.tex
File: pgfmoduleshapes.code.tex 2025-08-29 v3.1.11a (3.1.11a)
\pgfnodeparttextbox=\box66
) (c:/Users/ruben/AppData/Roaming/TinyTeX/texmf-dist/tex/generic/pgf/modules/pgfmoduleplot.code.tex
File: pgfmoduleplot.code.tex 2025-08-29 v3.1.11a (3.1.11a)
) (c:/Users/ruben/AppData/Roaming/TinyTeX/texmf-dist/tex/latex/pgf/compatibility/pgfcomp-version-0-65.sty
Package: pgfcomp-version-0-65 2025-08-29 v3.1.11a (3.1.11a)
\pgf@nodesepstart=\dimen287
\pgf@nodesepend=\dimen288
) (c:/Users/ruben/AppData/Roaming/TinyTeX/texmf-dist/tex/latex/pgf/compatibility/pgfcomp-version-1-18.sty
Package: pgfcomp-version-1-18 2025-08-29 v3.1.11a (3.1.11a)
)) (c:/Users/ruben/AppData/Roaming/TinyTeX/texmf-dist/tex/latex/pgf/utilities/pgffor.sty (c:/Users/ruben/AppData/Roaming/TinyTeX/texmf-dist/tex/latex/pgf/utilities/pgfkeys.sty (c:/Users/ruben/AppData/Roaming/TinyTeX/texmf-dist/tex/generic/pgf/utilities/pgfkeys.code.tex)) (c:/Users/ruben/AppData/Roaming/TinyTeX/texmf-dist/tex/latex/pgf/math/pgfmath.sty (c:/Users/ruben/AppData/Roaming/TinyTeX/texmf-dist/tex/generic/pgf/math/pgfmath.code.tex))
(c:/Users/ruben/AppData/Roaming/TinyTeX/texmf-dist/tex/generic/pgf/utilities/pgffor.code.tex
Package: pgffor 2025-08-29 v3.1.11a (3.1.11a)
\pgffor@iter=\dimen289
\pgffor@skip=\dimen290
\pgffor@stack=\toks42
\pgffor@toks=\toks43
)) (c:/Users/ruben/AppData/Roaming/TinyTeX/texmf-dist/tex/generic/pgf/frontendlayer/tikz/tikz.code.tex
Package: tikz 2025-08-29 v3.1.11a (3.1.11a)
 (c:/Users/ruben/AppData/Roaming/TinyTeX/texmf-dist/tex/generic/pgf/libraries/pgflibraryplothandlers.code.tex
File: pgflibraryplothandlers.code.tex 2025-08-29 v3.1.11a (3.1.11a)
\pgf@plot@mark@count=\count338
\pgfplotmarksize=\dimen291
)
\tikz@lastx=\dimen292
\tikz@lasty=\dimen293
\tikz@lastxsaved=\dimen294
\tikz@lastysaved=\dimen295
\tikz@lastmovetox=\dimen296
\tikz@lastmovetoy=\dimen297
\tikzleveldistance=\dimen298
\tikzsiblingdistance=\dimen299
\tikz@figbox=\box67
\tikz@figbox@bg=\box68
\tikz@tempbox=\box69
\tikz@tempbox@bg=\box70
\tikztreelevel=\count339
\tikznumberofchildren=\count340
\tikznumberofcurrentchild=\count341
\tikz@fig@count=\count342
 (c:/Users/ruben/AppData/Roaming/TinyTeX/texmf-dist/tex/generic/pgf/modules/pgfmodulematrix.code.tex
File: pgfmodulematrix.code.tex 2025-08-29 v3.1.11a (3.1.11a)
\pgfmatrixcurrentrow=\count343
\pgfmatrixcurrentcolumn=\count344
\pgf@matrix@numberofcolumns=\count345
)
\tikz@expandcount=\count346
 (c:/Users/ruben/AppData/Roaming/TinyTeX/texmf-dist/tex/generic/pgf/frontendlayer/tikz/libraries/tikzlibrarytopaths.code.tex
File: tikzlibrarytopaths.code.tex 2025-08-29 v3.1.11a (3.1.11a)
))) (c:/Users/ruben/AppData/Roaming/TinyTeX/texmf-dist/tex/latex/fancyhdr/fancyhdr.sty
Package: fancyhdr 2025/02/07 v5.2 Extensive control of page headers and footers
\f@nch@headwidth=\skip59
\f@nch@offset@elh=\skip60
\f@nch@offset@erh=\skip61
\f@nch@offset@olh=\skip62
\f@nch@offset@orh=\skip63
\f@nch@offset@elf=\skip64
\f@nch@offset@erf=\skip65
\f@nch@offset@olf=\skip66
\f@nch@offset@orf=\skip67
\f@nch@height=\skip68
\f@nch@footalignment=\skip69
\f@nch@widthL=\skip70
\f@nch@widthC=\skip71
\f@nch@widthR=\skip72
\@temptokenb=\toks44
) (c:/Users/ruben/AppData/Roaming/TinyTeX/texmf-dist/tex/latex/microtype/microtype.sty
Package: microtype 2025/07/09 v3.2b Micro-typographical refinements (RS)
\MT@toks=\toks45
\MT@tempbox=\box71
\MT@count=\count347
LaTeX Info: Redefining \noprotrusionifhmode on input line 1087.
LaTeX Info: Redefining \leftprotrusion on input line 1088.
\MT@prot@toks=\toks46
LaTeX Info: Redefining \rightprotrusion on input line 1107.
LaTeX Info: Redefining \textls on input line 1449.
\MT@outer@kern=\dimen300
LaTeX Info: Redefining \microtypecontext on input line 2053.
LaTeX Info: Redefining \textmicrotypecontext on input line 2070.
\MT@listname@count=\count348
 (c:/Users/ruben/AppData/Roaming/TinyTeX/texmf-dist/tex/latex/microtype/microtype-pdftex.def
File: microtype-pdftex.def 2025/07/09 v3.2b Definitions specific to pdftex (RS)
LaTeX Info: Redefining \lsstyle on input line 944.
LaTeX Info: Redefining \lslig on input line 944.
\MT@outer@space=\skip73
)
Package microtype Info: Loading configuration file microtype.cfg.
 (c:/Users/ruben/AppData/Roaming/TinyTeX/texmf-dist/tex/latex/microtype/microtype.cfg
File: microtype.cfg 2025/07/09 v3.2b microtype main configuration file (RS)
)
LaTeX Info: Redefining \microtypesetup on input line 3065.
) (c:/Users/ruben/AppData/Roaming/TinyTeX/texmf-dist/tex/generic/soul/soul.sty
Package: soul 2023-06-14 v3.1 Permit use of UTF-8 characters in soul (HO)
 (c:/Users/ruben/AppData/Roaming/TinyTeX/texmf-dist/tex/generic/soul/soul-ori.sty
Package: soul-ori 2023-06-14 v3.1 letterspacing/underlining (mf)
\SOUL@word=\toks47
\SOUL@lasttoken=\toks48
\SOUL@syllable=\toks49
\SOUL@cmds=\toks50
\SOUL@buffer=\toks51
\SOUL@token=\toks52
\SOUL@syllgoal=\dimen301
\SOUL@syllwidth=\dimen302
\SOUL@charkern=\dimen303
\SOUL@hyphkern=\dimen304
\SOUL@dimen=\dimen305
\SOUL@dimeni=\dimen306
\SOUL@minus=\count349
\SOUL@comma=\count350
\SOUL@apo=\count351
\SOUL@grave=\count352
\SOUL@spaceskip=\skip74
\SOUL@ttwidth=\dimen307
\SOUL@uldp=\dimen308
\SOUL@ulht=\dimen309
) (c:/Users/ruben/AppData/Roaming/TinyTeX/texmf-dist/tex/generic/etexcmds/etexcmds.sty
Package: etexcmds 2019/12/15 v1.7 Avoid name clashes with e-TeX commands (HO)
)) (c:/Users/ruben/AppData/Roaming/TinyTeX/texmf-dist/tex/latex/mdframed/mdframed.sty
Package: mdframed 2013/07/01 1.9b: mdframed
 (c:/Users/ruben/AppData/Roaming/TinyTeX/texmf-dist/tex/latex/l3packages/xparse/xparse.sty (c:/Users/ruben/AppData/Roaming/TinyTeX/texmf-dist/tex/latex/l3kernel/expl3.sty
Package: expl3 2025-11-14 L3 programming layer (loader) 
 (c:/Users/ruben/AppData/Roaming/TinyTeX/texmf-dist/tex/latex/l3backend/l3backend-pdftex.def
File: l3backend-pdftex.def 2025-10-09 L3 backend support: PDF output (pdfTeX)
\l__color_backend_stack_int=\count353
))
Package: xparse 2025-10-09 L3 Experimental document command parser
) (c:/Users/ruben/AppData/Roaming/TinyTeX/texmf-dist/tex/latex/zref/zref-abspage.sty
Package: zref-abspage 2025-06-08 v2.36 Module abspage for zref (HO)
 (c:/Users/ruben/AppData/Roaming/TinyTeX/texmf-dist/tex/latex/zref/zref-base.sty
Package: zref-base 2025-06-08 v2.36 Module base for zref (HO)
 (c:/Users/ruben/AppData/Roaming/TinyTeX/texmf-dist/tex/latex/auxhook/auxhook.sty
Package: auxhook 2019-12-17 v1.6 Hooks for auxiliary files (HO)
)
Package zref Info: New property list: main on input line 767.
Package zref Info: New property: default on input line 768.
Package zref Info: New property: page on input line 769.
)
\c@abspage=\count354
Package zref Info: New property: abspage on input line 67.
) (c:/Users/ruben/AppData/Roaming/TinyTeX/texmf-dist/tex/latex/needspace/needspace.sty
Package: needspace 2025/03/13 v1.3e reserve vertical space
)
\mdf@templength=\skip75
\c@mdf@globalstyle@cnt=\count355
\mdf@skipabove@length=\skip76
\mdf@skipbelow@length=\skip77
\mdf@leftmargin@length=\skip78
\mdf@rightmargin@length=\skip79
\mdf@innerleftmargin@length=\skip80
\mdf@innerrightmargin@length=\skip81
\mdf@innertopmargin@length=\skip82
\mdf@innerbottommargin@length=\skip83
\mdf@splittopskip@length=\skip84
\mdf@splitbottomskip@length=\skip85
\mdf@outermargin@length=\skip86
\mdf@innermargin@length=\skip87
\mdf@linewidth@length=\skip88
\mdf@innerlinewidth@length=\skip89
\mdf@middlelinewidth@length=\skip90
\mdf@outerlinewidth@length=\skip91
\mdf@roundcorner@length=\skip92
\mdf@footenotedistance@length=\skip93
\mdf@userdefinedwidth@length=\skip94
\mdf@needspace@length=\skip95
\mdf@frametitleaboveskip@length=\skip96
\mdf@frametitlebelowskip@length=\skip97
\mdf@frametitlerulewidth@length=\skip98
\mdf@frametitleleftmargin@length=\skip99
\mdf@frametitlerightmargin@length=\skip100
\mdf@shadowsize@length=\skip101
\mdf@extratopheight@length=\skip102
\mdf@subtitleabovelinewidth@length=\skip103
\mdf@subtitlebelowlinewidth@length=\skip104
\mdf@subtitleaboveskip@length=\skip105
\mdf@subtitlebelowskip@length=\skip106
\mdf@subtitleinneraboveskip@length=\skip107
\mdf@subtitleinnerbelowskip@length=\skip108
\mdf@subsubtitleabovelinewidth@length=\skip109
\mdf@subsubtitlebelowlinewidth@length=\skip110
\mdf@subsubtitleaboveskip@length=\skip111
\mdf@subsubtitlebelowskip@length=\skip112
\mdf@subsubtitleinneraboveskip@length=\skip113
\mdf@subsubtitleinnerbelowskip@length=\skip114
 (c:/Users/ruben/AppData/Roaming/TinyTeX/texmf-dist/tex/latex/mdframed/md-frame-1.mdf
File: md-frame-1.mdf 2013/07/01\ 1.9b: md-frame-1
)
\mdf@frametitlebox=\box72
\mdf@footnotebox=\box73
\mdf@splitbox@one=\box74
\mdf@splitbox@two=\box75
\mdf@splitbox@save=\box76
\mdfsplitboxwidth=\skip115
\mdfsplitboxtotalwidth=\skip116
\mdfsplitboxheight=\skip117
\mdfsplitboxdepth=\skip118
\mdfsplitboxtotalheight=\skip119
\mdfframetitleboxwidth=\skip120
\mdfframetitleboxtotalwidth=\skip121
\mdfframetitleboxheight=\skip122
\mdfframetitleboxdepth=\skip123
\mdfframetitleboxtotalheight=\skip124
\mdffootnoteboxwidth=\skip125
\mdffootnoteboxtotalwidth=\skip126
\mdffootnoteboxheight=\skip127
\mdffootnoteboxdepth=\skip128
\mdffootnoteboxtotalheight=\skip129
\mdftotallinewidth=\skip130
\mdfboundingboxwidth=\skip131
\mdfboundingboxtotalwidth=\skip132
\mdfboundingboxheight=\skip133
\mdfboundingboxdepth=\skip134
\mdfboundingboxtotalheight=\skip135
\mdf@freevspace@length=\skip136
\mdf@horizontalwidthofbox@length=\skip137
\mdf@verticalmarginwhole@length=\skip138
\mdf@horizontalspaceofbox=\skip139
\mdfsubtitleheight=\skip140
\mdfsubsubtitleheight=\skip141
\c@mdfcountframes=\count356

****** mdframed patching \endmdf@trivlist

****** -- success******

\mdf@envdepth=\count357
\c@mdf@env@i=\count358
\c@mdf@env@ii=\count359
\c@mdf@zref@counter=\count360
Package zref Info: New property: mdf@pagevalue on input line 895.
) (c:/Users/ruben/AppData/Roaming/TinyTeX/texmf-dist/tex/latex/titlesec/titlesec.sty
Package: titlesec 2025/01/04 v2.17 Sectioning titles
\ttl@box=\box77
\beforetitleunit=\skip142
\aftertitleunit=\skip143
\ttl@plus=\dimen310
\ttl@minus=\dimen311
\ttl@toksa=\toks53
\titlewidth=\dimen312
\titlewidthlast=\dimen313
\titlewidthfirst=\dimen314
)
\c@opgave=\count361
 (./Thermische_en_Fluidumwetenschappen.aux
Package babel Info: 'dutch' activates 'dutch' shorthands.
(babel)             Reported on input line 9.
)
\openout1 = `Thermische_en_Fluidumwetenschappen.aux'.

LaTeX Font Info:    Checking defaults for OML/cmm/m/it on input line 127.
LaTeX Font Info:    ... okay on input line 127.
LaTeX Font Info:    Checking defaults for OMS/cmsy/m/n on input line 127.
LaTeX Font Info:    ... okay on input line 127.
LaTeX Font Info:    Checking defaults for OT1/cmr/m/n on input line 127.
LaTeX Font Info:    ... okay on input line 127.
LaTeX Font Info:    Checking defaults for T1/cmr/m/n on input line 127.
LaTeX Font Info:    ... okay on input line 127.
LaTeX Font Info:    Checking defaults for TS1/cmr/m/n on input line 127.
LaTeX Font Info:    ... okay on input line 127.
LaTeX Font Info:    Checking defaults for OMX/cmex/m/n on input line 127.
LaTeX Font Info:    ... okay on input line 127.
LaTeX Font Info:    Checking defaults for U/cmr/m/n on input line 127.
LaTeX Font Info:    ... okay on input line 127.
LaTeX Font Info:    Checking defaults for PD1/pdf/m/n on input line 127.
LaTeX Font Info:    ... okay on input line 127.
LaTeX Font Info:    Checking defaults for PU/pdf/m/n on input line 127.
LaTeX Font Info:    ... okay on input line 127.
 (c:/Users/ruben/AppData/Roaming/TinyTeX/texmf-dist/tex/latex/epstopdf-pkg/epstopdf-base.sty
Package: epstopdf-base 2020-01-24 v2.11 Base part for package epstopdf
Package epstopdf-base Info: Redefining graphics rule for `.eps' on input line 485.
 (c:/Users/ruben/AppData/Roaming/TinyTeX/texmf-dist/tex/latex/latexconfig/epstopdf-sys.cfg
File: epstopdf-sys.cfg 2010/07/13 v1.3 Configuration of (r)epstopdf for TeX Live
))
*geometry* driver: auto-detecting
*geometry* detected driver: pdftex
*geometry* verbose mode - [ preamble ] result:
* driver: pdftex
* paper: a4paper
* layout: <same size as paper>
* layoutoffset:(h,v)=(0.0pt,0.0pt)
* modes: twoside 
* h-part:(L,W,R)=(71.13188pt, 455.24411pt, 71.13188pt)
* v-part:(T,H,B)=(71.13188pt, 702.78308pt, 71.13188pt)
* \paperwidth=597.50787pt
* \paperheight=845.04684pt
* \textwidth=455.24411pt
* \textheight=702.78308pt
* \oddsidemargin=-1.1381pt
* \evensidemargin=-1.1381pt
* \topmargin=-29.1381pt
* \headheight=16.0pt
* \headsep=12.0pt
* \topskip=11.0pt
* \footskip=18.0pt
* \marginparwidth=103.0pt
* \marginparsep=10.0pt
* \columnsep=10.0pt
* \skip\footins=10.0pt plus 4.0pt minus 2.0pt
* \hoffset=0.0pt
* \voffset=0.0pt
* \mag=1000
* \@twocolumnfalse
* \@twosidetrue
* \@mparswitchtrue
* \@reversemarginfalse
* (1in=72.27pt=25.4mm, 1cm=28.453pt)

Package hyperref Info: Link coloring ON on input line 127.
(./Thermische_en_Fluidumwetenschappen.out) (./Thermische_en_Fluidumwetenschappen.out)
\@outlinefile=\write4
\openout4 = `Thermische_en_Fluidumwetenschappen.out'.

 (c:/Users/ruben/AppData/Roaming/TinyTeX/texmf-dist/tex/latex/pdflscape/pdflscape.sty
Package: pdflscape 2025-06-23 v0.14 Display of landscape pages in PDF
 (c:/Users/ruben/AppData/Roaming/TinyTeX/texmf-dist/tex/latex/pdflscape/pdflscape-nometadata.sty
Package: pdflscape-nometadata 2025-06-23 v0.14 Display of landscape pages in PDF (HO)
 (c:/Users/ruben/AppData/Roaming/TinyTeX/texmf-dist/tex/latex/graphics/lscape.sty
Package: lscape 2020/05/28 v3.02 Landscape Pages (DPC)
)
Package pdflscape Info: Auto-detected driver: pdftex on input line 81.
))
LaTeX Info: Redefining \microtypecontext on input line 127.
Package microtype Info: Applying patch `item' on input line 127.
Package microtype Info: Applying patch `toc' on input line 127.
Package microtype Info: Applying patch `eqnum' on input line 127.
Package microtype Info: Applying patch `footnote' on input line 127.
Package microtype Info: Applying patch `verbatim' on input line 127.
LaTeX Info: Redefining \microtypesetup on input line 127.
Package microtype Info: Generating PDF output.
Package microtype Info: Character protrusion enabled (level 2).
Package microtype Info: Using default protrusion set `alltext'.
Package microtype Info: No font expansion.
Package microtype Info: No adjustment of tracking.
Package microtype Info: No adjustment of interword spacing.
Package microtype Info: No adjustment of character kerning.
 (c:/Users/ruben/AppData/Roaming/TinyTeX/texmf-dist/tex/latex/microtype/mt-cmr.cfg
File: mt-cmr.cfg 2013/05/19 v2.2 microtype config. file: Computer Modern Roman (RS)
)
LaTeX Font Info:    Trying to load font information for U+msa on input line 129.
 (c:/Users/ruben/AppData/Roaming/TinyTeX/texmf-dist/tex/latex/amsfonts/umsa.fd
File: umsa.fd 2013/01/14 v3.01 AMS symbols A
) (c:/Users/ruben/AppData/Roaming/TinyTeX/texmf-dist/tex/latex/microtype/mt-msa.cfg
File: mt-msa.cfg 2006/02/04 v1.1 microtype config. file: AMS symbols (a) (RS)
)
LaTeX Font Info:    Trying to load font information for U+msb on input line 129.
 (c:/Users/ruben/AppData/Roaming/TinyTeX/texmf-dist/tex/latex/amsfonts/umsb.fd
File: umsb.fd 2013/01/14 v3.01 AMS symbols B
) (c:/Users/ruben/AppData/Roaming/TinyTeX/texmf-dist/tex/latex/microtype/mt-msb.cfg
File: mt-msb.cfg 2005/06/01 v1.0 microtype config. file: AMS symbols (b) (RS)
) [1

{c:/Users/ruben/AppData/Roaming/TinyTeX/texmf-var/fonts/map/pdftex/updmap/pdftex.map}] (./Thermische_en_Fluidumwetenschappen.toc [2

]
Package babel Info: 'dutch' activates 'dutch' shorthands.
(babel)             Reported on input line 85.
 [3])
\tf@toc=\write5
\openout5 = `Thermische_en_Fluidumwetenschappen.toc'.

 [4]
<Warmte en stroming_Thermal-Fluid Sciences Formularium.pdf, id=457, 597.55246pt x 845.07718pt>
File: Warmte en stroming_Thermal-Fluid Sciences Formularium.pdf Graphic file (type pdf)
<use Warmte en stroming_Thermal-Fluid Sciences Formularium.pdf>
Package pdftex.def Info: Warmte en stroming_Thermal-Fluid Sciences Formularium.pdf  used on input line 135.
(pdftex.def)             Requested size: 597.551pt x 845.07512pt.
<Warmte en stroming_Thermal-Fluid Sciences Formularium.pdf, id=459, page=1, 597.55246pt x 845.07718pt>
File: Warmte en stroming_Thermal-Fluid Sciences Formularium.pdf Graphic file (type pdf)
<use Warmte en stroming_Thermal-Fluid Sciences Formularium.pdf, page 1>
Package pdftex.def Info: Warmte en stroming_Thermal-Fluid Sciences Formularium.pdf , page1 used on input line 135.
(pdftex.def)             Requested size: 597.551pt x 845.07512pt.
File: Warmte en stroming_Thermal-Fluid Sciences Formularium.pdf Graphic file (type pdf)
<use Warmte en stroming_Thermal-Fluid Sciences Formularium.pdf, page 1>
Package pdftex.def Info: Warmte en stroming_Thermal-Fluid Sciences Formularium.pdf , page1 used on input line 135.
(pdftex.def)             Requested size: 597.57834pt x 845.1138pt.
 [5

]
File: Warmte en stroming_Thermal-Fluid Sciences Formularium.pdf Graphic file (type pdf)
<use Warmte en stroming_Thermal-Fluid Sciences Formularium.pdf, page 1>
Package pdftex.def Info: Warmte en stroming_Thermal-Fluid Sciences Formularium.pdf , page1 used on input line 135.
(pdftex.def)             Requested size: 597.57834pt x 845.1138pt.
File: Warmte en stroming_Thermal-Fluid Sciences Formularium.pdf Graphic file (type pdf)
<use Warmte en stroming_Thermal-Fluid Sciences Formularium.pdf, page 1>
Package pdftex.def Info: Warmte en stroming_Thermal-Fluid Sciences Formularium.pdf , page1 used on input line 135.
(pdftex.def)             Requested size: 597.57834pt x 845.1138pt.
File: Warmte en stroming_Thermal-Fluid Sciences Formularium.pdf Graphic file (type pdf)
<use Warmte en stroming_Thermal-Fluid Sciences Formularium.pdf, page 1>
Package pdftex.def Info: Warmte en stroming_Thermal-Fluid Sciences Formularium.pdf , page1 used on input line 135.
(pdftex.def)             Requested size: 597.57834pt x 845.1138pt.
 [6

 <./Warmte en stroming_Thermal-Fluid Sciences Formularium.pdf>]
LaTeX Font Info:    Trying to load font information for OMS+cmr on input line 139.
 (c:/Users/ruben/AppData/Roaming/TinyTeX/texmf-dist/tex/latex/base/omscmr.fd
File: omscmr.fd 2024/11/19 v2.5n Standard LaTeX font definitions
)
LaTeX Font Info:    Font shape `OMS/cmr/bx/n' in size <10> not available
(Font)              Font shape `OMS/cmsy/b/n' tried instead on input line 139.
Package mdframed Info: mdframed works in twoside mode on input line 165.
Package mdframed Info: mdframed works in twoside mode on input line 166.
Package mdframed Info: mdframed works in twoside mode on input line 167.
Package mdframed Info: mdframed works in twoside mode on input line 168.
Package mdframed Info: mdframed works in twoside mode on input line 169.

Underfull \vbox (badness 10000) has occurred while \output is active []

 [7]
Overfull \hbox (31.73245pt too wide) detected at line 202
[]
 []

Package mdframed Info: mdframed works in twoside mode on input line 203.
Package mdframed Info: mdframed works in twoside mode on input line 204.
[8]
Package mdframed Info: Not enough space on this page on input line 204.
Package mdframed Info: mdframed works in twoside mode on input line 205.
Package mdframed Info: mdframed works in twoside mode on input line 206.
 [9]
Overfull \hbox (49.94395pt too wide) in paragraph at lines 223--224
[]\OT1/cmr/m/n/10.95 In de wereld van de in-ge-nieur-sweten-schap-pen vor-men de dis-ci-plines ther-mo-dy-nam-ica, flu[]^^Pdummechanica
 []


Overfull \hbox (0.10188pt too wide) in paragraph at lines 223--224
\OT1/cmr/m/n/10.95 Deze vakge-bieden, vaak geza-men-lijk aange-duid als de []\OT1/cmr/bx/n/10.95 ther-mis-che en flu[]^^Pdumwetenschappen[]\OT1/cmr/m/n/10.95 ,
 []

[10


] [11

]
Hoofdstuk 1.
Package mdframed Info: mdframed works in twoside mode on input line 238.
Package mdframed Info: mdframed works in twoside mode on input line 239.
Package mdframed Info: mdframed works in twoside mode on input line 247.
Package mdframed Info: mdframed works in twoside mode on input line 248.
Package mdframed Info: mdframed works in twoside mode on input line 259.
[12

]
Package mdframed Info: mdframed works in twoside mode on input line 264.
Package mdframed Info: mdframed works in twoside mode on input line 265.
Package mdframed Info: mdframed works in twoside mode on input line 266.
Package mdframed Info: mdframed works in twoside mode on input line 268.
 [13
pdfTeX warning (ext4): destination with the same identifier (name{figure.1.1}) has been already used, duplicate ignored
<argument> ...shipout:D \box_use:N \l_shipout_box 
                                                  \__shipout_drop_firstpage_...
l.310 \chapter
              {Fluïdumstatica (Hydrostatica)}]
Hoofdstuk 2.
Package mdframed Info: mdframed works in twoside mode on input line 346.
Package mdframed Info: mdframed works in twoside mode on input line 358.
Package mdframed Info: Not enough space on this page on input line 358.
[14

]
Package mdframed Info: Not enough space on this page on input line 358.
 [15]
<assets/hydrostatic_pressure.jpg, id=563, 353.82187pt x 318.43968pt>
File: assets/hydrostatic_pressure.jpg Graphic file (type jpg)
<use assets/hydrostatic_pressure.jpg>
Package pdftex.def Info: assets/hydrostatic_pressure.jpg  used on input line 434.
(pdftex.def)             Requested size: 182.09486pt x 163.88893pt.
<assets/wikipedia/manometer_utube_pd_500.png, id=564, 501.875pt x 837.1275pt>
File: assets/wikipedia/manometer_utube_pd_500.png Graphic file (type png)
<use assets/wikipedia/manometer_utube_pd_500.png>
Package pdftex.def Info: assets/wikipedia/manometer_utube_pd_500.png  used on input line 441.
(pdftex.def)             Requested size: 91.04742pt x 151.86438pt.
 [16
pdfTeX warning (ext4): destination with the same identifier (name{figure.2.1}) has been already used, duplicate ignored
<argument> ...shipout:D \box_use:N \l_shipout_box 
                                                  \__shipout_drop_firstpage_...
l.459     \item G
                 eoriënteerd verticaal ($\theta = 90^\circ$)
pdfTeX warning (ext4): destination with the same identifier (name{figure.2.2}) has been already used, duplicate ignored
<argument> ...shipout:D \box_use:N \l_shipout_box 
                                                  \__shipout_drop_firstpage_...
l.459     \item G
                 eoriënteerd verticaal ($\theta = 90^\circ$) <./assets/hydrostatic_pressure.jpg> <./assets/wikipedia/manometer_utube_pd_500.png>]
Overfull \hbox (5.39499pt too wide) in paragraph at lines 472--474
[]\OT1/cmr/bx/n/10.95 Aangrijpingspunt (Cen-ter of Pres-sure): \OT1/cmr/m/n/10.95 Het mo-ment van de drukkracht om de bovenkant
 []

[17]
<assets/submerged_plane.png, id=582, 691.821pt x 494.064pt>
File: assets/submerged_plane.png Graphic file (type png)
<use assets/submerged_plane.png>
Package pdftex.def Info: assets/submerged_plane.png  used on input line 534.
(pdftex.def)             Requested size: 364.19667pt x 260.0886pt.
 [18
pdfTeX warning (ext4): destination with the same identifier (name{figure.2.3}) has been already used, duplicate ignored
<argument> ...shipout:D \box_use:N \l_shipout_box 
                                                  \__shipout_drop_firstpage_...
l.561 \end{align*}
                   <./assets/submerged_plane.png>]
<assets/wikipedia/buoyancy_cc_by_sa_960.png, id=589, 963.6pt x 1208.515pt>
File: assets/wikipedia/buoyancy_cc_by_sa_960.png Graphic file (type png)
<use assets/wikipedia/buoyancy_cc_by_sa_960.png>
Package pdftex.def Info: assets/wikipedia/buoyancy_cc_by_sa_960.png  used on input line 571.
(pdftex.def)             Requested size: 136.57462pt x 171.2747pt.
 [19
pdfTeX warning (ext4): destination with the same identifier (name{figure.2.4}) has been already used, duplicate ignored
<argument> ...shipout:D \box_use:N \l_shipout_box 
                                                  \__shipout_drop_firstpage_...
l.585 \chapter
              {Kinematica van Stromingen} <./assets/wikipedia/buoyancy_cc_by_sa_960.png>]
Hoofdstuk 3.
Package mdframed Info: mdframed works in twoside mode on input line 592.
Package mdframed Info: mdframed works in twoside mode on input line 593.
[20


pdfTeX warning (ext4): destination with the same identifier (name{figure.3.1}) has been already used, duplicate ignored
<argument> ...shipout:D \box_use:N \l_shipout_box 
                                                  \__shipout_drop_firstpage_...
l.645 \chapter
              {Fluïdumdynamica: De Bewegingsvergelijkingen}]
Hoofdstuk 4.
<assets/continuity.png, id=605, 1284.8pt x 481.8pt>
File: assets/continuity.png Graphic file (type png)
<use assets/continuity.png>
Package pdftex.def Info: assets/continuity.png  used on input line 665.
(pdftex.def)             Requested size: 364.19667pt x 136.5719pt.
[21


pdfTeX warning (ext4): destination with the same identifier (name{figure.4.1}) has been already used, duplicate ignored
<argument> ...shipout:D \box_use:N \l_shipout_box 
                                                  \__shipout_drop_firstpage_...
l.700 \]
        
pdfTeX warning (ext4): destination with the same identifier (name{figure.4.2}) has been already used, duplicate ignored
<argument> ...shipout:D \box_use:N \l_shipout_box 
                                                  \__shipout_drop_firstpage_...
l.700 \]
         <./assets/continuity.png>] [22
pdfTeX warning (ext4): destination with the same identifier (name{figure.4.3}) has been already used, duplicate ignored
<argument> ...shipout:D \box_use:N \l_shipout_box 
                                                  \__shipout_drop_firstpage_...
l.757 ... 0 \cdot dy - g \cdot dz) = -\rho g dz \]
                                                  ]
<assets/bernoulli.png, id=621, 963.6pt x 451.6875pt>
File: assets/bernoulli.png Graphic file (type png)
<use assets/bernoulli.png>
Package pdftex.def Info: assets/bernoulli.png  used on input line 812.
(pdftex.def)             Requested size: 364.19667pt x 170.71259pt.
 [23]
<assets/wikipedia/venturi_pd.png, id=627, 610.9224pt x 299.6796pt>
File: assets/wikipedia/venturi_pd.png Graphic file (type png)
<use assets/wikipedia/venturi_pd.png>
Package pdftex.def Info: assets/wikipedia/venturi_pd.png  used on input line 819.
(pdftex.def)             Requested size: 373.3035pt x 183.1198pt.
 [24
pdfTeX warning (ext4): destination with the same identifier (name{figure.4.4}) has been already used, duplicate ignored
<argument> ...shipout:D \box_use:N \l_shipout_box 
                                                  \__shipout_drop_firstpage_...
l.838 \]
        
pdfTeX warning (ext4): destination with the same identifier (name{figure.4.5}) has been already used, duplicate ignored
<argument> ...shipout:D \box_use:N \l_shipout_box 
                                                  \__shipout_drop_firstpage_...
l.838 \]
         <./assets/bernoulli.png> <./assets/wikipedia/venturi_pd.png>] [25]
Hoofdstuk 5.

Overfull \hbox (11.6291pt too wide) in paragraph at lines 841--841
|[]\OT1/cmr/bx/n/20.74 Differenti[]ele Anal-yse van Flu[]^^Pdumstroming| 
 []

[26

]
Overfull \hbox (18.08073pt too wide) in paragraph at lines 885--887
\OT1/cmr/m/n/10.95 Vergelijkbare vergeli-jkin-gen gelden voor de y- en z-richtingen. Samen met de con-tinu[]^^Pteitsvergelijking
 []

<assets/control_volume.png, id=648, 1027.84pt x 553.06625pt>
File: assets/control_volume.png Graphic file (type png)
<use assets/control_volume.png>
Package pdftex.def Info: assets/control_volume.png  used on input line 890.
(pdftex.def)             Requested size: 273.14923pt x 146.97537pt.
<assets/poiseuille_plates.png, id=649, 1027.84pt x 503.8825pt>
File: assets/poiseuille_plates.png Graphic file (type png)
<use assets/poiseuille_plates.png>
Package pdftex.def Info: assets/poiseuille_plates.png  used on input line 900.
(pdftex.def)             Requested size: 364.19667pt x 178.54507pt.
[27
pdfTeX warning (ext4): destination with the same identifier (name{figure.5.1}) has been already used, duplicate ignored
<argument> ...shipout:D \box_use:N \l_shipout_box 
                                                  \__shipout_drop_firstpage_...
l.921 \]
        
pdfTeX warning (ext4): destination with the same identifier (name{figure.5.2}) has been already used, duplicate ignored
<argument> ...shipout:D \box_use:N \l_shipout_box 
                                                  \__shipout_drop_firstpage_...
l.921 \]
         <./assets/control_volume.png> <./assets/poiseuille_plates.png>] [28]
<assets/hagen_poiseuille.png, id=662, 602.25pt x 263.48438pt>
File: assets/hagen_poiseuille.png Graphic file (type png)
<use assets/hagen_poiseuille.png>
Package pdftex.def Info: assets/hagen_poiseuille.png  used on input line 1001.
(pdftex.def)             Requested size: 318.66948pt x 139.4209pt.
 [29
pdfTeX warning (ext4): destination with the same identifier (name{figure.5.3}) has been already used, duplicate ignored
<argument> ...shipout:D \box_use:N \l_shipout_box 
                                                  \__shipout_drop_firstpage_...
l.1006 \chapter
               {Interne en Externe Stroming} <./assets/hagen_poiseuille.png>]
Hoofdstuk 6.
Package mdframed Info: mdframed works in twoside mode on input line 1022.
Package mdframed Info: mdframed works in twoside mode on input line 1023.
<assets/laminar_turbulent.png, id=669, 289.08pt x 408.77719pt>
File: assets/laminar_turbulent.png Graphic file (type png)
<use assets/laminar_turbulent.png>
Package pdftex.def Info: assets/laminar_turbulent.png  used on input line 1035.
(pdftex.def)             Requested size: 273.14923pt x 386.27153pt.

Underfull \vbox (badness 5064) has occurred while \output is active []

 [30

] [31
pdfTeX warning (ext4): destination with the same identifier (name{figure.6.1}) has been already used, duplicate ignored
<argument> ...shipout:D \box_use:N \l_shipout_box 
                                                  \__shipout_drop_firstpage_...
l.1096 \]
         
pdfTeX warning (ext4): destination with the same identifier (name{figure.6.2}) has been already used, duplicate ignored
<argument> ...shipout:D \box_use:N \l_shipout_box 
                                                  \__shipout_drop_firstpage_...
l.1096 \]
          <./assets/laminar_turbulent.png>]
<assets/moody_diagram.png, id=683, 2569.6pt x 1589.94pt>
File: assets/moody_diagram.png Graphic file (type png)
<use assets/moody_diagram.png>
Package pdftex.def Info: assets/moody_diagram.png  used on input line 1144.
(pdftex.def)             Requested size: 364.19667pt x 225.33151pt.
 [32] [33
pdfTeX warning (ext4): destination with the same identifier (name{figure.6.3}) has been already used, duplicate ignored
<argument> ...shipout:D \box_use:N \l_shipout_box 
                                                  \__shipout_drop_firstpage_...
l.1176 ...major} = f \frac{L}{D} \frac{V^2}{2g} \]
                                                   <./assets/moody_diagram.png>] [34
pdfTeX warning (ext4): destination with the same identifier (name{figure.6.4}) has been already used, duplicate ignored
<argument> ...shipout:D \box_use:N \l_shipout_box 
                                                  \__shipout_drop_firstpage_...
l.1238 \end{itemize}
                    ] [35
pdfTeX warning (ext4): destination with the same identifier (name{figure.6.5}) has been already used, duplicate ignored
<argument> ...shipout:D \box_use:N \l_shipout_box 
                                                  \__shipout_drop_firstpage_...
l.1297 ...qrt{15.95} \approx 3.99\,\mathrm{m/s} \]
                                                  ]
Overfull \hbox (2.70981pt too wide) in paragraph at lines 1324--1325
[]\OT1/cmr/bx/n/10.95 Drukweerstand (Vormweer-stand): \OT1/cmr/m/n/10.95 Veroorza-akt door drukver-schillen. Aan de voorkant
 []

<assets/drag_coefficient.png, id=709, 912.40875pt x 563.85657pt>
File: assets/drag_coefficient.png Graphic file (type png)
<use assets/drag_coefficient.png>
Package pdftex.def Info: assets/drag_coefficient.png  used on input line 1329.
(pdftex.def)             Requested size: 227.62206pt x 140.66266pt.
[36
pdfTeX warning (ext4): destination with the same identifier (name{figure.6.6}) has been already used, duplicate ignored
<argument> ...shipout:D \box_use:N \l_shipout_box 
                                                  \__shipout_drop_firstpage_...
l.1339     \item
                 Zet snelheid om naar m/s: $V = 108 / 3.6 = 30 \, m/s$. <./assets/drag_coefficient.png>]
<assets/Lift.png, id=718, 2569.6pt x 1230.5975pt>
File: assets/Lift.png Graphic file (type png)
<use assets/Lift.png>
Package pdftex.def Info: assets/Lift.png  used on input line 1356.
(pdftex.def)             Requested size: 182.09486pt x 87.20215pt.
 [37
pdfTeX warning (ext4): destination with the same identifier (name{figure.6.7}) has been already used, duplicate ignored
<argument> ...shipout:D \box_use:N \l_shipout_box 
                                                  \__shipout_drop_firstpage_...
l.1373 \part
            {Warmte} <./assets/Lift.png>] [38

]
Hoofdstuk 7.

Overfull \hbox (4.95642pt too wide) in paragraph at lines 1381--1383
[]\OT1/cmr/m/n/10.95 We on-der-schei-den twee hoofd-typen sys-te-men, die elk een eigen wiskundige be-nader-ing vereisen: 
 []

Package mdframed Info: mdframed works in twoside mode on input line 1387.
Package mdframed Info: mdframed works in twoside mode on input line 1388.
Package mdframed Info: mdframed works in twoside mode on input line 1389.
Package mdframed Info: mdframed works in twoside mode on input line 1390.

Underfull \vbox (badness 10000) has occurred while \output is active []

 [39

]
Package mdframed Info: mdframed works in twoside mode on input line 1420.
Package mdframed Info: mdframed works in twoside mode on input line 1421.
Package mdframed Info: mdframed works in twoside mode on input line 1422.
Package mdframed Info: mdframed works in twoside mode on input line 1423.
 [40
pdfTeX warning (ext4): destination with the same identifier (name{figure.7.1}) has been already used, duplicate ignored
<argument> ...shipout:D \box_use:N \l_shipout_box 
                                                  \__shipout_drop_firstpage_...
l.1438 
       ] [41]
Hoofdstuk 8.

Overfull \hbox (8.81232pt too wide) in paragraph at lines 1478--1479
\OT1/cmr/m/n/10.95 tuur en ac-tiviteit. Dit om-vat trans-la-tionele, ro-ta-tionele en vi-bra-tionele en-ergie van moleculen,
 []

[42

]
Overfull \hbox (0.4938pt too wide) in paragraph at lines 1549--1549
|[]\OT1/cmr/bx/n/14.4 De Eerste Hoofd-wet voor Open Sys-te-men (Con-trolevol-umes)| 
 []

[43
pdfTeX warning (ext4): destination with the same identifier (name{figure.8.1}) has been already used, duplicate ignored
<argument> ...shipout:D \box_use:N \l_shipout_box 
                                                  \__shipout_drop_firstpage_...
l.1561 \]
         ] [44
pdfTeX warning (ext4): destination with the same identifier (name{figure.8.2}) has been already used, duplicate ignored
<argument> ...shipout:D \box_use:N \l_shipout_box 
                                                  \__shipout_drop_firstpage_...
l.1614 \chapter
               {Eigenschappen van Zuivere Stoffen}]
Hoofdstuk 9.
<assets/wikipedia/phase_diagram_water_960.png, id=762, 963.6pt x 803.0pt>
File: assets/wikipedia/phase_diagram_water_960.png Graphic file (type png)
<use assets/wikipedia/phase_diagram_water_960.png>
Package pdftex.def Info: assets/wikipedia/phase_diagram_water_960.png  used on input line 1663.
(pdftex.def)             Requested size: 227.62206pt x 189.68524pt.
[45


pdfTeX warning (ext4): destination with the same identifier (name{figure.9.1}) has been already used, duplicate ignored
<argument> ...shipout:D \box_use:N \l_shipout_box 
                                                  \__shipout_drop_firstpage_...
l.1666 O
        nder de koepel bevindt zich het menggebied, waar vloeistof en damp i...]
Package mdframed Info: mdframed works in twoside mode on input line 1693.
Package mdframed Info: Not enough space on this page on input line 1693.
 [46
pdfTeX warning (ext4): destination with the same identifier (name{figure.9.2}) has been already used, duplicate ignored
<argument> ...shipout:D \box_use:N \l_shipout_box 
                                                  \__shipout_drop_firstpage_...
l.1693 ...W{R}{specifieke gasconstante}{J/(kg\,K)}
                                                   <./assets/wikipedia/phase_diagram_water_960.png>]
Package mdframed Info: Not enough space on this page on input line 1693.
Package mdframed Info: mdframed works in twoside mode on input line 1694.

Overfull \hbox (3.49246pt too wide) in paragraph at lines 1695--1696
\OT1/cmr/m/n/10.95 Hierin is $\OML/cmm/m/it/10.95 R$ \OT1/cmr/m/n/10.95 de spec-i-fieke gas-con-stante, die ver-schilt per gas ($\OML/cmm/m/it/10.95 R \OT1/cmr/m/n/10.95 = \OML/cmm/m/it/10.95 R[]=M$\OT1/cmr/m/n/10.95 , met $\OML/cmm/m/it/10.95 R[] \OT1/cmr/m/n/10.95 = 8\OML/cmm/m/it/10.95 :\OT1/cmr/m/n/10.95 314 \OML/cmm/m/it/10.95 kJ=kmol \OMS/cmsy/m/n/10.95 ^^A
 []

Package mdframed Info: mdframed works in twoside mode on input line 1703.
Package mdframed Info: mdframed works in twoside mode on input line 1704.
[47]
Hoofdstuk 10.
Package mdframed Info: mdframed works in twoside mode on input line 1742.
[48

] [49
pdfTeX warning (ext4): destination with the same identifier (name{figure.10.1}) has been already used, duplicate ignored
<argument> ...shipout:D \box_use:N \l_shipout_box 
                                                  \__shipout_drop_firstpage_...
l.1809 \chapter
               {Thermodynamische Cycli}]
Hoofdstuk 11.
[50


pdfTeX warning (ext4): destination with the same identifier (name{figure.11.1}) has been already used, duplicate ignored
<argument> ...shipout:D \box_use:N \l_shipout_box 
                                                  \__shipout_drop_firstpage_...
l.1871 	\textbf{Oplossing:}
                           ]
<assets/otto_cycle.png, id=799, 501.875pt x 494.84875pt>
File: assets/otto_cycle.png Graphic file (type png)
<use assets/otto_cycle.png>
Package pdftex.def Info: assets/otto_cycle.png  used on input line 1886.
(pdftex.def)             Requested size: 273.14923pt x 269.33612pt.

Overfull \hbox (34.88142pt too wide) in paragraph at lines 1897--1898
[]\OT1/cmr/bx/n/10.95 Condensor: \OT1/cmr/m/n/10.95 De stoom con-denseert terug naar vloeistof bij con-stante druk (iso-bare warmteafvoer). 
 []

[51
pdfTeX warning (ext4): destination with the same identifier (name{figure.11.2}) has been already used, duplicate ignored
<argument> ...shipout:D \box_use:N \l_shipout_box 
                                                  \__shipout_drop_firstpage_...
l.1898 \end{enumerate}
                       <./assets/otto_cycle.png>]
<assets/wikipedia/rankine_cycle_layout_cc0_1024.png, id=808, 1027.84pt x 668.4975pt>
File: assets/wikipedia/rankine_cycle_layout_cc0_1024.png Graphic file (type png)
<use assets/wikipedia/rankine_cycle_layout_cc0_1024.png>
Package pdftex.def Info: assets/wikipedia/rankine_cycle_layout_cc0_1024.png  used on input line 1902.
(pdftex.def)             Requested size: 364.19667pt x 236.87454pt.

Underfull \vbox (badness 6792) has occurred while \output is active []

 [52
pdfTeX warning (ext4): destination with the same identifier (name{figure.11.3}) has been already used, duplicate ignored
<argument> ...shipout:D \box_use:N \l_shipout_box 
                                                  \__shipout_drop_firstpage_...
l.1942 
        <./assets/wikipedia/rankine_cycle_layout_cc0_1024.png>] [53
pdfTeX warning (ext4): destination with the same identifier (name{figure.11.4}) has been already used, duplicate ignored
<argument> ...shipout:D \box_use:N \l_shipout_box 
                                                  \__shipout_drop_firstpage_...
l.1977 \chapter
               {Warmteoverdracht Mechanismen}
pdfTeX warning (ext4): destination with the same identifier (name{figure.11.5}) has been already used, duplicate ignored
<argument> ...shipout:D \box_use:N \l_shipout_box 
                                                  \__shipout_drop_firstpage_...
l.1977 \chapter
               {Warmteoverdracht Mechanismen}]
Hoofdstuk 12.
[54


pdfTeX warning (ext4): destination with the same identifier (name{figure.12.1}) has been already used, duplicate ignored
<argument> ...shipout:D \box_use:N \l_shipout_box 
                                                  \__shipout_drop_firstpage_...
l.2053     \item \textbf
                        {Natuurlijke (vrije) convectie:} De stroming ontstaa...] [55
pdfTeX warning (ext4): destination with the same identifier (name{figure.12.2}) has been already used, duplicate ignored
<argument> ...shipout:D \box_use:N \l_shipout_box 
                                                  \__shipout_drop_firstpage_...
l.2129 \]
         ] [56
pdfTeX warning (ext4): destination with the same identifier (name{figure.12.3}) has been already used, duplicate ignored
<argument> ...shipout:D \box_use:N \l_shipout_box 
                                                  \__shipout_drop_firstpage_...
l.2166 \part
            {Oefeningen Warmte en Stromingen}] [57

]
Hoofdstuk 13.
<assets/hydrostatica.png, id=846, 529.98pt x 629.35126pt>
File: assets/hydrostatica.png Graphic file (type png)
<use assets/hydrostatica.png>
Package pdftex.def Info: assets/hydrostatica.png  used on input line 2195.
(pdftex.def)             Requested size: 182.09486pt x 216.23332pt.

Underfull \vbox (badness 10000) has occurred while \output is active []

 [58

] [59
pdfTeX warning (ext4): destination with the same identifier (name{figure.13.1}) has been already used, duplicate ignored
<argument> ...shipout:D \box_use:N \l_shipout_box 
                                                  \__shipout_drop_firstpage_...
l.2234 ...\frac{4,5}{15} = 2,5 + 0,3 = 2,8 \, m \]
                                                   <./assets/hydrostatica.png>]
<assets/ex_11_20_schema.png, id=859, 468.24937pt x 252.945pt>
File: assets/ex_11_20_schema.png Graphic file (type png)
<use assets/ex_11_20_schema.png>
Package pdftex.def Info: assets/ex_11_20_schema.png  used on input line 2288.
(pdftex.def)             Requested size: 273.14923pt x 147.56117pt.
 [60
pdfTeX warning (ext4): destination with the same identifier (name{figure.13.2}) has been already used, duplicate ignored
<argument> ...shipout:D \box_use:N \l_shipout_box 
                                                  \__shipout_drop_firstpage_...
l.2320 \]
          <./assets/ex_11_20_schema.png>] [61] [62
pdfTeX warning (ext4): destination with the same identifier (name{figure.13.3}) has been already used, duplicate ignored
<argument> ...shipout:D \box_use:N \l_shipout_box 
                                                  \__shipout_drop_firstpage_...
l.2465     \item D
                  e auto is goed afgesloten en bevat binnenin lucht op atmos...] [63
pdfTeX warning (ext4): destination with the same identifier (name{figure.13.4}) has been already used, duplicate ignored
<argument> ...shipout:D \box_use:N \l_shipout_box 
                                                  \__shipout_drop_firstpage_...
l.2555 
       ] [64
pdfTeX warning (ext4): destination with the same identifier (name{figure.13.5}) has been already used, duplicate ignored
<argument> ...shipout:D \box_use:N \l_shipout_box 
                                                  \__shipout_drop_firstpage_...
l.2624     \item \textbf
                        {Continuïteitsvergelijking:} $A_1 V_1 = A_2 V_2$ \\
pdfTeX warning (ext4): destination with the same identifier (name{figure.13.6}) has been already used, duplicate ignored
<argument> ...shipout:D \box_use:N \l_shipout_box 
                                                  \__shipout_drop_firstpage_...
l.2624     \item \textbf
                        {Continuïteitsvergelijking:} $A_1 V_1 = A_2 V_2$ \\]
Overfull \hbox (9.77965pt too wide) in paragraph at lines 2632--2634
[]\OT1/cmr/bx/n/10.95 Netto ver-mo-gen uit tur-bine (con-trolevol-ume): $[] \OT1/cmr/m/n/10.95 = \OML/cmm/m/it/10.95 ^^Q [] []$ 
 []

[65]
<assets/ex_12_34.png, id=903, 251.43938pt x 310.15875pt>
File: assets/ex_12_34.png Graphic file (type png)
<use assets/ex_12_34.png>
Package pdftex.def Info: assets/ex_12_34.png  used on input line 2711.
(pdftex.def)             Requested size: 136.57462pt x 168.4676pt.
 [66
pdfTeX warning (ext4): destination with the same identifier (name{figure.13.7}) has been already used, duplicate ignored
<argument> ...shipout:D \box_use:N \l_shipout_box 
                                                  \__shipout_drop_firstpage_...
l.2743 
        <./assets/ex_12_34.png>] [67]
<assets/compressor_exercise.png, id=918, 240.14719pt x 312.41719pt>
File: assets/compressor_exercise.png Graphic file (type png)
<use assets/compressor_exercise.png>
Package pdftex.def Info: assets/compressor_exercise.png  used on input line 2841.
(pdftex.def)             Requested size: 182.09486pt x 236.89607pt.
 [68
pdfTeX warning (ext4): destination with the same identifier (name{figure.13.8}) has been already used, duplicate ignored
<argument> ...shipout:D \box_use:N \l_shipout_box 
                                                  \__shipout_drop_firstpage_...
l.2858 ..._{in} = 5,1926 \cdot (460 - 295) + 15 \]
                                                   <./assets/compressor_exercise.png>]
<assets/Turbine_oefening.png, id=926, 291.33844pt x 414.79968pt>
File: assets/Turbine_oefening.png Graphic file (type png)
<use assets/Turbine_oefening.png>
Package pdftex.def Info: assets/Turbine_oefening.png  used on input line 2871.
(pdftex.def)             Requested size: 182.09486pt x 259.26816pt.

Overfull \hbox (4.05997pt too wide) in paragraph at lines 2884--2889
[]\OT1/cmr/bx/n/10.95 Oplossing: \OT1/cmr/m/n/10.95 Uit su-per-heated gas tabellen (of gegeven): $\OML/cmm/m/it/10.95 h[] \OT1/cmr/m/n/10.95 = 3658\OML/cmm/m/it/10.95 ; \OT1/cmr/m/n/10.95 8 \OML/cmm/m/it/10.95 kJ=kg$ $h[] \OT1/cmr/m/n/10.95 = 2855\OML/cmm/m/it/10.95 ; \OT1/cmr/m/n/10.95 8 \OML/cmm/m/it/10.95 kJ=kg$
 []

[69
pdfTeX warning (ext4): destination with the same identifier (name{figure.13.9}) has been already used, duplicate ignored
<argument> ...shipout:D \box_use:N \l_shipout_box 
                                                  \__shipout_drop_firstpage_...
l.2894 ..._2 - \frac{V_2^2}{2}) - \dot{W}_{out} \]
                                                   <./assets/Turbine_oefening.png>]
Overfull \hbox (24.32043pt too wide) in paragraph at lines 2907--2909
[]\OT1/cmr/bx/n/10.95 Oplossing: \OT1/cmr/m/n/10.95 Voor een wurg-pro-ces (adi-a-batisch, geen ar-beid, ver-waar-loos-bare kinetis-che/potenti[]ele
 []

[70]
Overfull \hbox (33.99162pt too wide) in paragraph at lines 2957--2957
|[]\OT1/cmr/bx/n/14.4 Oefenzitting 11: Navier-Stokes, Moody di-a-gram, stro-mingsweer-
 []

[71
pdfTeX warning (ext4): destination with the same identifier (name{figure.13.10}) has been already used, duplicate ignored
<argument> ...shipout:D \box_use:N \l_shipout_box 
                                                  \__shipout_drop_firstpage_...
l.3022 \[
         ] [72] [73] [74

]
Overfull \hbox (51.17986pt too wide) in paragraph at lines 3099--3107
 [][] 
 []


Overfull \hbox (142.86465pt too wide) in paragraph at lines 3117--3118
[]\OT1/cmr/m/n/10.95 Meerkeuzevragen Thermo, [][]$\OT1/cmtt/m/n/10.95 https : / / drive . google . com / open ? id = 1lxMZjQMHufqMOW5fe86Rk0IvT8AmGgEeLlQJ5k5YsNs$[][] 
 []

[75

] (./Thermische_en_Fluidumwetenschappen.aux)
 ***********
LaTeX2e <2025-11-01>
L3 programming layer <2025-11-14>
 ***********
Package rerunfilecheck Info: File `Thermische_en_Fluidumwetenschappen.out' has not changed.
(rerunfilecheck)             Checksum: F73615ADEDF55A6DC14F7E073AF47D29;18005.
 ) 
Here is how much of TeX's memory you used:
 27859 strings out of 469519
 522194 string characters out of 5468255
 966364 words of memory out of 5000000
 55793 multiletter control sequences out of 15000+600000
 641363 words of font info for 91 fonts, out of 8000000 for 9000
 14 hyphenation exceptions out of 8191
 84i,17n,94p,1125b,1100s stack positions out of 10000i,1000n,20000p,200000b,200000s
 <c:/Users/ruben/AppData/Roaming/TinyTeX/texmf-var/fonts/pk/ljfour/jknappen/ec/tcrm1095.600pk><c:/Users/ruben/AppData/Roaming/TinyTeX/texmf-dist/fonts/type1/public/amsfonts/cm/cmbsy10.pfb><c:/Users/ruben/AppData/Roaming/TinyTeX/texmf-dist/fonts/type1/public/amsfonts/cm/cmbx10.pfb><c:/Users/ruben/AppData/Roaming/TinyTeX/texmf-dist/fonts/type1/public/amsfonts/cm/cmbx12.pfb><c:/Users/ruben/AppData/Roaming/TinyTeX/texmf-dist/fonts/type1/public/amsfonts/cm/cmex10.pfb><c:/Users/ruben/AppData/Roaming/TinyTeX/texmf-dist/fonts/type1/public/amsfonts/cm/cmmi10.pfb><c:/Users/ruben/AppData/Roaming/TinyTeX/texmf-dist/fonts/type1/public/amsfonts/cm/cmmi12.pfb><c:/Users/ruben/AppData/Roaming/TinyTeX/texmf-dist/fonts/type1/public/amsfonts/cm/cmmi6.pfb><c:/Users/ruben/AppData/Roaming/TinyTeX/texmf-dist/fonts/type1/public/amsfonts/cm/cmmi8.pfb><c:/Users/ruben/AppData/Roaming/TinyTeX/texmf-dist/fonts/type1/public/amsfonts/cm/cmmi9.pfb><c:/Users/ruben/AppData/Roaming/TinyTeX/texmf-dist/fonts/type1/public/amsfonts/cm/cmr10.pfb><c:/Users/ruben/AppData/Roaming/TinyTeX/texmf-dist/fonts/type1/public/amsfonts/cm/cmr12.pfb><c:/Users/ruben/AppData/Roaming/TinyTeX/texmf-dist/fonts/type1/public/amsfonts/cm/cmr6.pfb><c:/Users/ruben/AppData/Roaming/TinyTeX/texmf-dist/fonts/type1/public/amsfonts/cm/cmr8.pfb><c:/Users/ruben/AppData/Roaming/TinyTeX/texmf-dist/fonts/type1/public/amsfonts/cm/cmr9.pfb><c:/Users/ruben/AppData/Roaming/TinyTeX/texmf-dist/fonts/type1/public/amsfonts/cm/cmsy10.pfb><c:/Users/ruben/AppData/Roaming/TinyTeX/texmf-dist/fonts/type1/public/amsfonts/cm/cmsy6.pfb><c:/Users/ruben/AppData/Roaming/TinyTeX/texmf-dist/fonts/type1/public/amsfonts/cm/cmsy8.pfb><c:/Users/ruben/AppData/Roaming/TinyTeX/texmf-dist/fonts/type1/public/amsfonts/cm/cmti10.pfb><c:/Users/ruben/AppData/Roaming/TinyTeX/texmf-dist/fonts/type1/public/amsfonts/cm/cmtt10.pfb><c:/Users/ruben/AppData/Roaming/TinyTeX/texmf-dist/fonts/type1/public/amsfonts/cm/cmtt8.pfb>
Output written on Thermische_en_Fluidumwetenschappen.pdf (75 pages, 2936985 bytes).
PDF statistics:
 1130 PDF objects out of 1200 (max. 8388607)
 940 compressed objects within 10 object streams
 258 named destinations out of 1000 (max. 500000)
 12594 words of extra memory for PDF output out of 14400 (max. 10000000)

