\BOOKMARK [0][-]{chapter*.2}{\376\377\000F\000o\000r\000m\000u\000l\000a\000r\000i\000u\000m}{}% 1
\BOOKMARK [-1][-]{part.1}{\376\377\000I\000\040\000S\000t\000r\000o\000m\000i\000n\000g\000e\000n}{}% 2
\BOOKMARK [0][-]{chapter.1}{\376\377\000E\000i\000g\000e\000n\000s\000c\000h\000a\000p\000p\000e\000n\000\040\000v\000a\000n\000\040\000F\000l\000u\000\357\000d\000a}{part.1}% 3
\BOOKMARK [1][-]{section.1.1}{\376\377\000D\000e\000f\000i\000n\000i\000t\000i\000e\000\040\000v\000a\000n\000\040\000e\000e\000n\000\040\000F\000l\000u\000\357\000d\000u\000m}{chapter.1}% 4
\BOOKMARK [1][-]{section.1.2}{\376\377\000D\000i\000c\000h\000t\000h\000e\000i\000d}{chapter.1}% 5
\BOOKMARK [1][-]{section.1.3}{\376\377\000V\000i\000s\000c\000o\000s\000i\000t\000e\000i\000t}{chapter.1}% 6
\BOOKMARK [2][-]{subsection.1.3.1}{\376\377\000V\000i\000s\000c\000o\000s\000i\000t\000e\000i\000t\000\040\000i\000n\000\040\000R\000o\000t\000e\000r\000e\000n\000d\000e\000\040\000S\000y\000s\000t\000e\000m\000e\000n}{section.1.3}% 7
\BOOKMARK [2][-]{subsection.1.3.2}{\376\377\000D\000e\000\040\000A\000l\000g\000e\000m\000e\000n\000e\000\040\000C\000o\000n\000s\000t\000i\000t\000u\000t\000i\000e\000v\000e\000\040\000V\000e\000r\000g\000e\000l\000i\000j\000k\000i\000n\000g}{section.1.3}% 8
\BOOKMARK [0][-]{chapter.2}{\376\377\000F\000l\000u\000\357\000d\000u\000m\000s\000t\000a\000t\000i\000c\000a\000\040\000\050\000H\000y\000d\000r\000o\000s\000t\000a\000t\000i\000c\000a\000\051}{part.1}% 9
\BOOKMARK [1][-]{section.2.1}{\376\377\000D\000r\000u\000k\000v\000e\000r\000d\000e\000l\000i\000n\000g\000\040\000i\000n\000\040\000e\000e\000n\000\040\000F\000l\000u\000\357\000d\000u\000m\000\040\000i\000n\000\040\000R\000u\000s\000t}{chapter.2}% 10
\BOOKMARK [2][-]{subsection.2.1.1}{\376\377\000H\000e\000t\000\040\000I\000n\000f\000i\000n\000i\000t\000e\000s\000i\000m\000a\000l\000e\000\040\000C\000o\000n\000t\000r\000o\000l\000e\000\040\000V\000o\000l\000u\000m\000e}{section.2.1}% 11
\BOOKMARK [2][-]{subsection.2.1.2}{\376\377\000I\000d\000e\000n\000t\000i\000f\000i\000c\000a\000t\000i\000e\000\040\000v\000a\000n\000\040\000K\000r\000a\000c\000h\000t\000e\000n}{section.2.1}% 12
\BOOKMARK [2][-]{subsection.2.1.3}{\376\377\000K\000r\000a\000c\000h\000t\000e\000n\000e\000v\000e\000n\000w\000i\000c\000h\000t}{section.2.1}% 13
\BOOKMARK [2][-]{subsection.2.1.4}{\376\377\000I\000n\000t\000e\000g\000r\000a\000t\000i\000e}{section.2.1}% 14
\BOOKMARK [1][-]{section.2.2}{\376\377\000K\000r\000a\000c\000h\000t\000e\000n\000\040\000o\000p\000\040\000O\000n\000d\000e\000r\000d\000o\000m\000p\000e\000l\000d\000e\000\040\000O\000p\000p\000e\000r\000v\000l\000a\000k\000k\000e\000n}{chapter.2}% 15
\BOOKMARK [2][-]{subsection.2.2.1}{\376\377\000R\000e\000c\000h\000t\000h\000o\000e\000k\000i\000g\000\040\000O\000p\000p\000e\000r\000v\000l\000a\000k\000\040\000-\000\040\000B\000a\000s\000i\000s\000p\000r\000o\000b\000l\000e\000e\000m}{section.2.2}% 16
\BOOKMARK [2][-]{subsection.2.2.2}{\376\377\000S\000c\000h\000u\000i\000n\000\040\000R\000e\000c\000h\000t\000h\000o\000e\000k\000i\000g\000\040\000O\000p\000p\000e\000r\000v\000l\000a\000k\000\040\000o\000n\000d\000e\000r\000\040\000H\000o\000e\000k\000\040\000t\000h\000e\000t\000a}{section.2.2}% 17
\BOOKMARK [2][-]{subsection.2.2.3}{\376\377\000A\000l\000g\000e\000m\000e\000n\000e\000\040\000F\000o\000r\000m\000u\000l\000e\000s}{section.2.2}% 18
\BOOKMARK [2][-]{subsection.2.2.4}{\376\377\000D\000e\000\040\000M\000e\000t\000h\000o\000d\000e\000\040\000v\000a\000n\000\040\000h\000e\000t\000\040\000D\000r\000u\000k\000p\000r\000i\000s\000m\000a}{section.2.2}% 19
\BOOKMARK [1][-]{section.2.3}{\376\377\000K\000r\000a\000c\000h\000t\000e\000n\000\040\000o\000p\000\040\000G\000e\000k\000r\000o\000m\000d\000e\000\040\000O\000p\000p\000e\000r\000v\000l\000a\000k\000k\000e\000n}{chapter.2}% 20
\BOOKMARK [2][-]{subsection.2.3.1}{\376\377\000H\000o\000r\000i\000z\000o\000n\000t\000a\000l\000e\000\040\000C\000o\000m\000p\000o\000n\000e\000n\000t\000\040\000\050\000F\000H\000\051}{section.2.3}% 21
\BOOKMARK [2][-]{subsection.2.3.2}{\376\377\000V\000e\000r\000t\000i\000c\000a\000l\000e\000\040\000C\000o\000m\000p\000o\000n\000e\000n\000t\000\040\000\050\000F\000V\000\051}{section.2.3}% 22
\BOOKMARK [2][-]{subsection.2.3.3}{\376\377\000R\000e\000s\000u\000l\000t\000a\000n\000t\000e}{section.2.3}% 23
\BOOKMARK [1][-]{section.2.4}{\376\377\000A\000r\000c\000h\000i\000m\000e\000d\000e\000s\000'\000\040\000k\000r\000a\000c\000h\000t\000\040\000e\000n\000\040\000D\000r\000i\000j\000f\000v\000e\000r\000m\000o\000g\000e\000n}{chapter.2}% 24
\BOOKMARK [0][-]{chapter.3}{\376\377\000K\000i\000n\000e\000m\000a\000t\000i\000c\000a\000\040\000v\000a\000n\000\040\000S\000t\000r\000o\000m\000i\000n\000g\000e\000n}{part.1}% 25
\BOOKMARK [1][-]{section.3.1}{\376\377\000E\000u\000l\000e\000r\000i\000a\000a\000n\000s\000e\000\040\000B\000e\000s\000c\000h\000r\000i\000j\000v\000i\000n\000g}{chapter.3}% 26
\BOOKMARK [1][-]{section.3.2}{\376\377\000M\000a\000t\000e\000r\000i\000\353\000l\000e\000\040\000A\000f\000g\000e\000l\000e\000i\000d\000e}{chapter.3}% 27
\BOOKMARK [1][-]{section.3.3}{\376\377\000R\000e\000y\000n\000o\000l\000d\000s\000\040\000T\000r\000a\000n\000s\000p\000o\000r\000t\000\040\000S\000t\000e\000l\000l\000i\000n\000g\000\040\000\050\000R\000T\000T\000\051}{chapter.3}% 28
\BOOKMARK [0][-]{chapter.4}{\376\377\000F\000l\000u\000\357\000d\000u\000m\000d\000y\000n\000a\000m\000i\000c\000a\000:\000\040\000D\000e\000\040\000B\000e\000w\000e\000g\000i\000n\000g\000s\000v\000e\000r\000g\000e\000l\000i\000j\000k\000i\000n\000g\000e\000n}{part.1}% 29
\BOOKMARK [1][-]{section.4.1}{\376\377\000B\000e\000h\000o\000u\000d\000s\000w\000e\000t\000t\000e\000n\000\040\000e\000n\000\040\000C\000o\000n\000t\000r\000o\000l\000\040\000V\000o\000l\000u\000m\000e\000\040\000A\000n\000a\000l\000y\000s\000e}{chapter.4}% 30
\BOOKMARK [2][-]{subsection.4.1.1}{\376\377\000C\000o\000n\000t\000i\000n\000u\000\357\000t\000e\000i\000t\000s\000v\000e\000r\000g\000e\000l\000i\000j\000k\000i\000n\000g\000\040\000\050\000M\000a\000s\000s\000a\000b\000e\000h\000o\000u\000d\000\051}{section.4.1}% 31
\BOOKMARK [2][-]{subsection.4.1.2}{\376\377\000I\000m\000p\000u\000l\000s\000b\000e\000h\000o\000u\000d\000\040\000\050\000M\000o\000m\000e\000n\000t\000u\000m\000v\000e\000r\000g\000e\000l\000i\000j\000k\000i\000n\000g\000\051}{section.4.1}% 32
\BOOKMARK [1][-]{section.4.2}{\376\377\000A\000f\000l\000e\000i\000d\000i\000n\000g\000\040\000v\000a\000n\000\040\000d\000e\000\040\000W\000e\000t\000\040\000v\000a\000n\000\040\000B\000e\000r\000n\000o\000u\000l\000l\000i}{chapter.4}% 33
\BOOKMARK [2][-]{subsection.4.2.1}{\376\377\000A\000f\000l\000e\000i\000d\000i\000n\000g\000\040\000v\000i\000a\000\040\000E\000u\000l\000e\000r\000\040\000V\000e\000r\000g\000e\000l\000i\000j\000k\000i\000n\000g}{section.4.2}% 34
\BOOKMARK [2][-]{subsection.4.2.2}{\376\377\000P\000r\000o\000j\000e\000c\000t\000i\000e\000\040\000o\000p\000\040\000e\000e\000n\000\040\000S\000t\000r\000o\000o\000m\000l\000i\000j\000n}{section.4.2}% 35
\BOOKMARK [2][-]{subsection.4.2.3}{\376\377\000B\000e\000p\000e\000r\000k\000i\000n\000g\000e\000n\000\040\000v\000a\000n\000\040\000B\000e\000r\000n\000o\000u\000l\000l\000i}{section.4.2}% 36
\BOOKMARK [2][-]{subsection.4.2.4}{\376\377\000I\000n\000t\000e\000r\000p\000r\000e\000t\000a\000t\000i\000e\000\040\000v\000a\000n\000\040\000d\000e\000\040\000T\000e\000r\000m\000e\000n}{section.4.2}% 37
\BOOKMARK [1][-]{section.4.3}{\376\377\000D\000e\000\040\000A\000l\000g\000e\000m\000e\000n\000e\000\040\000E\000n\000e\000r\000g\000i\000e\000v\000e\000r\000g\000e\000l\000i\000j\000k\000i\000n\000g}{chapter.4}% 38
\BOOKMARK [2][-]{subsection.4.3.1}{\376\377\000C\000o\000r\000r\000e\000c\000t\000i\000e\000f\000a\000c\000t\000o\000r\000e\000n\000\040\000v\000o\000o\000r\000\040\000P\000r\000o\000f\000i\000e\000l\000e\000n}{section.4.3}% 39
\BOOKMARK [0][-]{chapter.5}{\376\377\000D\000i\000f\000f\000e\000r\000e\000n\000t\000i\000\353\000l\000e\000\040\000A\000n\000a\000l\000y\000s\000e\000\040\000v\000a\000n\000\040\000F\000l\000u\000\357\000d\000u\000m\000s\000t\000r\000o\000m\000i\000n\000g}{part.1}% 40
\BOOKMARK [1][-]{section.5.1}{\376\377\000A\000f\000l\000e\000i\000d\000i\000n\000g\000\040\000v\000a\000n\000\040\000d\000e\000\040\000N\000a\000v\000i\000e\000r\000-\000S\000t\000o\000k\000e\000s\000\040\000V\000e\000r\000g\000e\000l\000i\000j\000k\000i\000n\000g\000e\000n}{chapter.5}% 41
\BOOKMARK [2][-]{subsection.5.1.1}{\376\377\000N\000e\000w\000t\000o\000n\000'\000s\000\040\000T\000w\000e\000e\000d\000e\000\040\000W\000e\000t\000\040\000v\000o\000o\000r\000\040\000e\000e\000n\000\040\000F\000l\000u\000\357\000d\000u\000m\000d\000e\000e\000l\000t\000j\000e}{section.5.1}% 42
\BOOKMARK [2][-]{subsection.5.1.2}{\376\377\000K\000r\000a\000c\000h\000t\000e\000n\000b\000a\000l\000a\000n\000s}{section.5.1}% 43
\BOOKMARK [2][-]{subsection.5.1.3}{\376\377\000D\000e\000\040\000N\000a\000v\000i\000e\000r\000-\000S\000t\000o\000k\000e\000s\000\040\000V\000e\000r\000g\000e\000l\000i\000j\000k\000i\000n\000g}{section.5.1}% 44
\BOOKMARK [2][-]{subsection.5.1.4}{\376\377\000S\000t\000a\000p\000p\000e\000n\000p\000l\000a\000n\000\040\000v\000o\000o\000r\000\040\000V\000e\000r\000e\000e\000n\000v\000o\000u\000d\000i\000g\000i\000n\000g\000\040\000\050\000"\000E\000x\000a\000c\000t\000e\000\040\000O\000p\000l\000o\000s\000s\000i\000n\000g\000e\000n\000"\000\051}{section.5.1}% 45
\BOOKMARK [1][-]{section.5.2}{\376\377\000O\000p\000l\000o\000s\000s\000i\000n\000g\000:\000\040\000S\000t\000r\000o\000m\000i\000n\000g\000\040\000t\000u\000s\000s\000e\000n\000\040\000P\000a\000r\000a\000l\000l\000e\000l\000l\000e\000\040\000P\000l\000a\000t\000e\000n\000\040\000\050\000P\000o\000i\000s\000e\000u\000i\000l\000l\000e\000\051}{chapter.5}% 46
\BOOKMARK [1][-]{section.5.3}{\376\377\000W\000e\000t\000\040\000v\000a\000n\000\040\000P\000o\000i\000s\000e\000u\000i\000l\000l\000e\000\040\000v\000o\000o\000r\000\040\000C\000i\000l\000i\000n\000d\000r\000i\000s\000c\000h\000e\000\040\000B\000u\000i\000s}{chapter.5}% 47
\BOOKMARK [0][-]{chapter.6}{\376\377\000I\000n\000t\000e\000r\000n\000e\000\040\000e\000n\000\040\000E\000x\000t\000e\000r\000n\000e\000\040\000S\000t\000r\000o\000m\000i\000n\000g}{part.1}% 48
\BOOKMARK [1][-]{section.6.1}{\376\377\000I\000n\000t\000e\000r\000n\000e\000\040\000S\000t\000r\000o\000m\000i\000n\000g\000:\000\040\000L\000a\000m\000i\000n\000a\000i\000r\000\040\000v\000s\000.\000\040\000T\000u\000r\000b\000u\000l\000e\000n\000t}{chapter.6}% 49
\BOOKMARK [2][-]{subsection.6.1.1}{\376\377\000R\000e\000y\000n\000o\000l\000d\000s\000\040\000G\000e\000t\000a\000l}{section.6.1}% 50
\BOOKMARK [2][-]{subsection.6.1.2}{\376\377\000O\000v\000e\000r\000g\000a\000n\000g\000\040\000L\000a\000m\000i\000n\000a\000i\000r\000-\000T\000u\000r\000b\000u\000l\000e\000n\000t}{section.6.1}% 51
\BOOKMARK [2][-]{subsection.6.1.3}{\376\377\000R\000e\000y\000n\000o\000l\000d\000s\000\040\000D\000e\000c\000o\000m\000p\000o\000s\000i\000t\000i\000e}{section.6.1}% 52
\BOOKMARK [2][-]{subsection.6.1.4}{\376\377\000W\000r\000i\000j\000v\000i\000n\000g\000s\000f\000a\000c\000t\000o\000r\000\040\000e\000n\000\040\000D\000r\000u\000k\000v\000a\000l}{section.6.1}% 53
\BOOKMARK [2][-]{subsection.6.1.5}{\376\377\000M\000a\000j\000o\000r\000\040\000e\000n\000\040\000M\000i\000n\000o\000r\000\040\000L\000o\000s\000s\000e\000s}{section.6.1}% 54
\BOOKMARK [2][-]{subsection.6.1.6}{\376\377\000L\000e\000i\000d\000i\000n\000g\000s\000y\000s\000t\000e\000m\000e\000n\000:\000\040\000S\000e\000r\000i\000e\000\040\000e\000n\000\040\000P\000a\000r\000a\000l\000l\000e\000l}{section.6.1}% 55
\BOOKMARK [2][-]{subsection.6.1.7}{\376\377\000I\000t\000e\000r\000a\000t\000i\000e\000v\000e\000\040\000O\000p\000l\000o\000s\000s\000i\000n\000g\000s\000m\000e\000t\000h\000o\000d\000e\000n\000\040\000\050\000T\000y\000p\000e\000\040\0002\000\040\000P\000r\000o\000b\000l\000e\000m\000e\000n\000\051}{section.6.1}% 56
\BOOKMARK [1][-]{section.6.2}{\376\377\000E\000x\000t\000e\000r\000n\000e\000\040\000S\000t\000r\000o\000m\000i\000n\000g\000:\000\040\000W\000e\000e\000r\000s\000t\000a\000n\000d\000\040\000e\000n\000\040\000L\000i\000f\000t}{chapter.6}% 57
\BOOKMARK [2][-]{subsection.6.2.1}{\376\377\000W\000e\000e\000r\000s\000t\000a\000n\000d\000\040\000\050\000D\000r\000a\000g\000\051}{section.6.2}% 58
\BOOKMARK [2][-]{subsection.6.2.2}{\376\377\000L\000i\000f\000t}{section.6.2}% 59
\BOOKMARK [1][-]{section.6.3}{\376\377\000E\000x\000t\000r\000a\000\040\000o\000e\000f\000e\000n\000i\000n\000g\000e\000n\000:\000\040\000I\000n\000t\000e\000r\000n\000e\000\040\000e\000n\000\040\000E\000x\000t\000e\000r\000n\000e\000\040\000S\000t\000r\000o\000m\000i\000n\000g}{chapter.6}% 60
\BOOKMARK [2][-]{subsection.6.3.1}{\376\377\000O\000e\000f\000e\000n\000i\000n\000g\000\040\0001\000:\000\040\000D\000r\000u\000k\000v\000e\000r\000l\000i\000e\000s\000\040\000i\000n\000\040\000e\000e\000n\000\040\000L\000e\000i\000d\000i\000n\000g\000s\000y\000s\000t\000e\000e\000m}{section.6.3}% 61
\BOOKMARK [2][-]{subsection.6.3.2}{\376\377\000O\000e\000f\000e\000n\000i\000n\000g\000\040\0002\000:\000\040\000L\000u\000c\000h\000t\000w\000e\000e\000r\000s\000t\000a\000n\000d\000\040\000o\000p\000\040\000e\000e\000n\000\040\000A\000u\000t\000o}{section.6.3}% 62
\BOOKMARK [2][-]{subsection.6.3.3}{\376\377\000O\000e\000f\000e\000n\000i\000n\000g\000\040\0003\000:\000\040\000L\000i\000f\000t\000k\000r\000a\000c\000h\000t\000\040\000o\000p\000\040\000e\000e\000n\000\040\000V\000l\000e\000u\000g\000e\000l}{section.6.3}% 63
\BOOKMARK [2][-]{subsection.6.3.4}{\376\377\000O\000e\000f\000e\000n\000i\000n\000g\000\040\0004\000:\000\040\000R\000e\000y\000n\000o\000l\000d\000s\000g\000e\000t\000a\000l\000\040\000e\000n\000\040\000S\000t\000r\000o\000m\000i\000n\000g\000s\000r\000e\000g\000i\000m\000e}{section.6.3}% 64
\BOOKMARK [2][-]{subsection.6.3.5}{\376\377\000O\000e\000f\000e\000n\000i\000n\000g\000\040\0005\000:\000\040\000D\000r\000u\000k\000v\000e\000r\000l\000i\000e\000s\000\040\000i\000n\000\040\000e\000e\000n\000\040\000B\000u\000i\000s\000\040\000\050\000L\000a\000m\000i\000n\000a\000i\000r\000e\000\040\000S\000t\000r\000o\000m\000i\000n\000g\000\051}{section.6.3}% 65
\BOOKMARK [2][-]{subsection.6.3.6}{\376\377\000O\000e\000f\000e\000n\000i\000n\000g\000\040\0006\000:\000\040\000W\000e\000e\000r\000s\000t\000a\000n\000d\000\040\000o\000p\000\040\000e\000e\000n\000\040\000B\000o\000l\000\040\000\050\000S\000p\000h\000e\000r\000e\000\051}{section.6.3}% 66
\BOOKMARK [2][-]{subsection.6.3.7}{\376\377\000O\000e\000f\000e\000n\000i\000n\000g\000\040\0007\000:\000\040\000W\000e\000e\000r\000s\000t\000a\000n\000d\000\040\000e\000n\000\040\000V\000e\000r\000m\000o\000g\000e\000n\000\040\000v\000o\000o\000r\000\040\000e\000e\000n\000\040\000A\000u\000t\000o\000\040\000i\000n\000\040\000W\000i\000n\000d}{section.6.3}% 67
\BOOKMARK [-1][-]{part.2}{\376\377\000I\000I\000\040\000W\000a\000r\000m\000t\000e}{}% 68
\BOOKMARK [0][-]{chapter.7}{\376\377\000F\000u\000n\000d\000a\000m\000e\000n\000t\000e\000l\000e\000\040\000C\000o\000n\000c\000e\000p\000t\000e\000n\000\040\000v\000a\000n\000\040\000d\000e\000\040\000T\000h\000e\000r\000m\000o\000d\000y\000n\000a\000m\000i\000c\000a}{part.2}% 69
\BOOKMARK [1][-]{section.7.1}{\376\377\000S\000y\000s\000t\000e\000m\000e\000n\000\040\000e\000n\000\040\000C\000o\000n\000t\000r\000o\000l\000e\000\040\000V\000o\000l\000u\000m\000e\000s}{chapter.7}% 70
\BOOKMARK [1][-]{section.7.2}{\376\377\000E\000i\000g\000e\000n\000s\000c\000h\000a\000p\000p\000e\000n\000\040\000v\000a\000n\000\040\000e\000e\000n\000\040\000S\000y\000s\000t\000e\000e\000m}{chapter.7}% 71
\BOOKMARK [1][-]{section.7.3}{\376\377\000T\000o\000e\000s\000t\000a\000n\000d\000\040\000e\000n\000\040\000E\000v\000e\000n\000w\000i\000c\000h\000t}{chapter.7}% 72
\BOOKMARK [1][-]{section.7.4}{\376\377\000P\000r\000o\000c\000e\000s\000s\000e\000n\000\040\000e\000n\000\040\000C\000y\000c\000l\000i}{chapter.7}% 73
\BOOKMARK [0][-]{chapter.8}{\376\377\000D\000e\000\040\000E\000e\000r\000s\000t\000e\000\040\000H\000o\000o\000f\000d\000w\000e\000t\000\040\000v\000a\000n\000\040\000d\000e\000\040\000T\000h\000e\000r\000m\000o\000d\000y\000n\000a\000m\000i\000c\000a\000:\000\040\000E\000n\000e\000r\000g\000i\000e\000b\000e\000h\000o\000u\000d}{part.2}% 74
\BOOKMARK [1][-]{section.8.1}{\376\377\000V\000o\000r\000m\000e\000n\000\040\000v\000a\000n\000\040\000E\000n\000e\000r\000g\000i\000e}{chapter.8}% 75
\BOOKMARK [1][-]{section.8.2}{\376\377\000E\000n\000e\000r\000g\000i\000e\000-\000o\000v\000e\000r\000d\000r\000a\000c\000h\000t\000:\000\040\000W\000a\000r\000m\000t\000e\000\040\000e\000n\000\040\000A\000r\000b\000e\000i\000d}{chapter.8}% 76
\BOOKMARK [1][-]{section.8.3}{\376\377\000A\000r\000b\000e\000i\000d\000\040\000b\000i\000j\000\040\000G\000r\000e\000n\000s\000v\000e\000r\000p\000l\000a\000a\000t\000s\000i\000n\000g\000\040\000\050\000M\000o\000v\000i\000n\000g\000\040\000B\000o\000u\000n\000d\000a\000r\000y\000\040\000W\000o\000r\000k\000\051}{chapter.8}% 77
\BOOKMARK [1][-]{section.8.4}{\376\377\000D\000e\000\040\000E\000e\000r\000s\000t\000e\000\040\000H\000o\000o\000f\000d\000w\000e\000t\000\040\000v\000o\000o\000r\000\040\000O\000p\000e\000n\000\040\000S\000y\000s\000t\000e\000m\000e\000n\000\040\000\050\000C\000o\000n\000t\000r\000o\000l\000e\000v\000o\000l\000u\000m\000e\000s\000\051}{chapter.8}% 78
\BOOKMARK [2][-]{subsection.8.4.1}{\376\377\000S\000p\000e\000c\000i\000f\000i\000e\000k\000e\000\040\000C\000o\000m\000p\000o\000n\000e\000n\000t\000e\000n\000:\000\040\000S\000m\000o\000r\000i\000n\000g\000\040\000e\000n\000\040\000M\000e\000n\000g\000k\000a\000m\000e\000r\000s}{section.8.4}% 79
\BOOKMARK [0][-]{chapter.9}{\376\377\000E\000i\000g\000e\000n\000s\000c\000h\000a\000p\000p\000e\000n\000\040\000v\000a\000n\000\040\000Z\000u\000i\000v\000e\000r\000e\000\040\000S\000t\000o\000f\000f\000e\000n}{part.2}% 80
\BOOKMARK [1][-]{section.9.1}{\376\377\000F\000a\000s\000e\000n\000\040\000e\000n\000\040\000F\000a\000s\000e\000v\000e\000r\000a\000n\000d\000e\000r\000i\000n\000g}{chapter.9}% 81
\BOOKMARK [1][-]{section.9.2}{\376\377\000H\000e\000t\000\040\000S\000t\000a\000a\000t\000s\000p\000o\000s\000t\000u\000l\000a\000a\000t\000\040\000e\000n\000\040\000O\000n\000a\000f\000h\000a\000n\000k\000e\000l\000i\000j\000k\000h\000e\000i\000d}{chapter.9}% 82
\BOOKMARK [1][-]{section.9.3}{\376\377\000E\000i\000g\000e\000n\000s\000c\000h\000a\000p\000s\000d\000i\000a\000g\000r\000a\000m\000m\000e\000n\000\040\000e\000n\000\040\000T\000a\000b\000e\000l\000l\000e\000n}{chapter.9}% 83
\BOOKMARK [1][-]{section.9.4}{\376\377\000D\000e\000\040\000I\000d\000e\000a\000l\000e\000\040\000G\000a\000s\000w\000e\000t}{chapter.9}% 84
\BOOKMARK [0][-]{chapter.10}{\376\377\000D\000e\000\040\000T\000w\000e\000e\000d\000e\000\040\000H\000o\000o\000f\000d\000w\000e\000t\000\040\000e\000n\000\040\000E\000n\000t\000r\000o\000p\000i\000e}{part.2}% 85
\BOOKMARK [1][-]{section.10.1}{\376\377\000K\000e\000l\000v\000i\000n\000-\000P\000l\000a\000n\000c\000k\000\040\000e\000n\000\040\000C\000l\000a\000u\000s\000i\000u\000s}{chapter.10}% 86
\BOOKMARK [1][-]{section.10.2}{\376\377\000E\000n\000t\000r\000o\000p\000i\000e}{chapter.10}% 87
\BOOKMARK [1][-]{section.10.3}{\376\377\000E\000n\000t\000r\000o\000p\000i\000e\000b\000a\000l\000a\000n\000s\000\040\000e\000n\000\040\000E\000f\000f\000i\000c\000i\000\353\000n\000t\000i\000e}{chapter.10}% 88
\BOOKMARK [2][-]{subsection.10.3.1}{\376\377\000E\000n\000t\000r\000o\000p\000i\000e\000b\000a\000l\000a\000n\000s\000\040\000v\000o\000o\000r\000\040\000O\000p\000e\000n\000\040\000S\000y\000s\000t\000e\000m\000e\000n}{section.10.3}% 89
\BOOKMARK [2][-]{subsection.10.3.2}{\376\377\000I\000s\000e\000n\000t\000r\000o\000p\000i\000s\000c\000h\000e\000\040\000E\000f\000f\000i\000c\000i\000\353\000n\000t\000i\000e\000s}{section.10.3}% 90
\BOOKMARK [0][-]{chapter.11}{\376\377\000T\000h\000e\000r\000m\000o\000d\000y\000n\000a\000m\000i\000s\000c\000h\000e\000\040\000C\000y\000c\000l\000i}{part.2}% 91
\BOOKMARK [1][-]{section.11.1}{\376\377\000D\000e\000\040\000C\000a\000r\000n\000o\000t\000\040\000C\000y\000c\000l\000u\000s}{chapter.11}% 92
\BOOKMARK [1][-]{section.11.2}{\376\377\000O\000t\000t\000o\000\040\000e\000n\000\040\000D\000i\000e\000s\000e\000l\000\040\000C\000y\000c\000l\000i}{chapter.11}% 93
\BOOKMARK [1][-]{section.11.3}{\376\377\000R\000a\000n\000k\000i\000n\000e\000\040\000C\000y\000c\000l\000u\000s}{chapter.11}% 94
\BOOKMARK [1][-]{section.11.4}{\376\377\000D\000a\000m\000p\000c\000o\000m\000p\000r\000e\000s\000s\000i\000e\000\040\000K\000o\000e\000l\000c\000y\000c\000l\000u\000s}{chapter.11}% 95
\BOOKMARK [1][-]{section.11.5}{\376\377\000O\000m\000k\000e\000e\000r\000b\000a\000r\000e\000\040\000v\000e\000r\000s\000u\000s\000\040\000O\000n\000o\000m\000k\000e\000e\000r\000b\000a\000r\000e\000\040\000C\000y\000c\000l\000i}{chapter.11}% 96
\BOOKMARK [0][-]{chapter.12}{\376\377\000W\000a\000r\000m\000t\000e\000o\000v\000e\000r\000d\000r\000a\000c\000h\000t\000\040\000M\000e\000c\000h\000a\000n\000i\000s\000m\000e\000n}{part.2}% 97
\BOOKMARK [1][-]{section.12.1}{\376\377\000C\000o\000n\000v\000e\000c\000t\000i\000e}{chapter.12}% 98
\BOOKMARK [1][-]{section.12.2}{\376\377\000S\000t\000r\000a\000l\000i\000n\000g}{chapter.12}% 99
\BOOKMARK [1][-]{section.12.3}{\376\377\000C\000o\000m\000b\000i\000n\000a\000t\000i\000e\000\040\000v\000a\000n\000\040\000C\000o\000n\000v\000e\000c\000t\000i\000e\000,\000\040\000G\000e\000l\000e\000i\000d\000i\000n\000g\000\040\000e\000n\000\040\000S\000t\000r\000a\000l\000i\000n\000g}{chapter.12}% 100
\BOOKMARK [-1][-]{part.3}{\376\377\000I\000I\000I\000\040\000O\000e\000f\000e\000n\000i\000n\000g\000e\000n\000\040\000W\000a\000r\000m\000t\000e\000\040\000e\000n\000\040\000S\000t\000r\000o\000m\000i\000n\000g\000e\000n}{}% 101
\BOOKMARK [0][-]{chapter.13}{\376\377\000O\000e\000f\000e\000n\000i\000n\000g\000e\000n}{part.3}% 102
\BOOKMARK [1][-]{section.13.1}{\376\377\000O\000e\000f\000e\000n\000z\000i\000t\000t\000i\000n\000g\000\040\0001\000\046\0002\000:\000\040\000H\000y\000d\000r\000o\000s\000t\000a\000t\000i\000c\000a}{chapter.13}% 103
\BOOKMARK [1][-]{section.13.2}{\376\377\000O\000e\000f\000e\000n\000z\000i\000t\000t\000i\000n\000g\000\040\0003\000:\000\040\000S\000t\000r\000o\000m\000i\000n\000g\000s\000l\000e\000e\000r\000\046\000B\000e\000r\000n\000o\000u\000l\000l\000i\000\040\000e\000n\000\040\000e\000n\000e\000r\000g\000i\000e\000v\000e\000r\000g\000e\000l\000i\000j\000k\000i\000n\000g}{chapter.13}% 104
\BOOKMARK [1][-]{section.13.3}{\376\377\000O\000e\000f\000e\000n\000z\000i\000t\000t\000i\000n\000g\000\040\0004\000:\000\040\000T\000a\000b\000e\000l\000l\000e\000n\000\040\000e\000n\000\040\000e\000e\000n\000h\000e\000d\000e\000n}{chapter.13}% 105
\BOOKMARK [1][-]{section.13.4}{\376\377\000O\000e\000f\000e\000n\000z\000i\000t\000t\000i\000n\000g\000\040\0005\000:\000\040\000G\000e\000s\000l\000o\000t\000e\000n\000\040\000s\000y\000s\000t\000e\000m\000e\000n}{chapter.13}% 106
\BOOKMARK [1][-]{section.13.5}{\376\377\000O\000e\000f\000e\000n\000z\000i\000t\000t\000i\000n\000g\000\040\0006\000:\000\040\000O\000p\000e\000n\000\040\000s\000y\000s\000t\000e\000m\000e\000n}{chapter.13}% 107
\BOOKMARK [1][-]{section.13.6}{\376\377\000O\000e\000f\000e\000n\000z\000i\000t\000t\000i\000n\000g\000\040\0007\000:\000\040\000E\000e\000r\000s\000t\000e\000\040\000h\000o\000o\000f\000d\000w\000e\000t\000\040\000c\000y\000c\000l\000i}{chapter.13}% 108
\BOOKMARK [1][-]{section.13.7}{\376\377\000O\000e\000f\000e\000n\000z\000i\000t\000t\000i\000n\000g\000\040\0007\000:\000\040\000C\000y\000c\000l\000i\000\040\000e\000n\000\040\000T\000w\000e\000e\000d\000e\000\040\000H\000o\000o\000f\000d\000w\000e\000t}{chapter.13}% 109
\BOOKMARK [1][-]{section.13.8}{\376\377\000O\000e\000f\000e\000n\000z\000i\000t\000t\000i\000n\000g\000\040\0008\000\040\000:\000\040\000E\000n\000t\000r\000o\000p\000i\000e\000\040\000e\000n\000\040\000t\000w\000e\000e\000d\000e\000\040\000h\000o\000o\000f\000d\000w\000e\000t}{chapter.13}% 110
\BOOKMARK [1][-]{section.13.9}{\376\377\000O\000e\000f\000e\000n\000z\000i\000t\000t\000i\000n\000g\000\040\0009\000:\000\040\000O\000t\000t\000o\000-\000c\000y\000c\000l\000i\000\040\000e\000n\000\040\000v\000e\000r\000b\000r\000a\000n\000d\000i\000n\000g\000s\000m\000o\000t\000o\000r\000e\000n}{chapter.13}% 111
\BOOKMARK [1][-]{section.13.10}{\376\377\000O\000e\000f\000e\000n\000z\000i\000t\000t\000i\000n\000g\000\040\0001\0001\000:\000\040\000N\000a\000v\000i\000e\000r\000-\000S\000t\000o\000k\000e\000s\000,\000\040\000M\000o\000o\000d\000y\000\040\000d\000i\000a\000g\000r\000a\000m\000,\000\040\000s\000t\000r\000o\000m\000i\000n\000g\000s\000w\000e\000e\000r\000s\000t\000a\000n\000d}{chapter.13}% 112
\BOOKMARK [1][-]{section.13.11}{\376\377\000O\000e\000f\000e\000n\000z\000i\000t\000t\000i\000n\000g\000\040\0001\0002\000:\000\040\000T\000u\000r\000b\000u\000l\000e\000n\000t\000i\000e\000,\000\040\000l\000e\000i\000d\000i\000n\000g\000e\000n\000,\000\040\000u\000i\000t\000w\000e\000n\000d\000i\000g\000e\000\040\000s\000t\000r\000o\000m\000i\000n\000g\000,\000\040\000d\000r\000a\000g\000\046\000l\000i\000f\000t\000\040\000f\000o\000r\000c\000e}{chapter.13}% 113
\BOOKMARK [0][-]{chapter.14}{\376\377\000B\000i\000j\000l\000a\000g\000e\000n}{part.3}% 114
