\BOOKMARK [1][-]{section.1}{\376\377\000F\000o\000r\000m\000u\000l\000a\000r\000i\000u\000m}{}% 1
\BOOKMARK [2][-]{subsection.1.1}{\376\377\000L\000a\000p\000l\000a\000c\000e\000\040\000t\000r\000a\000n\000s\000f\000o\000r\000m\000\040\000\050\000L\000T\000\051}{section.1}% 2
\BOOKMARK [2][-]{subsection.1.2}{\376\377\000F\000o\000u\000r\000i\000e\000r\000\040\000t\000r\000a\000n\000s\000f\000o\000r\000m\000\040\000\050\000F\000T\000C\000\051}{section.1}% 3
\BOOKMARK [2][-]{subsection.1.3}{\376\377\000F\000o\000u\000r\000i\000e\000r\000\040\000s\000e\000r\000i\000e\000s\000\040\000\050\000F\000S\000\051}{section.1}% 4
\BOOKMARK [1][-]{section.2}{\376\377\000H\000o\000o\000f\000d\000s\000t\000u\000k\000\040\0001\000:\000\040\000S\000i\000g\000n\000a\000l\000e\000n\000\040\000e\000n\000\040\000S\000y\000s\000t\000e\000m\000e\000n\000\040\000-\000\040\000E\000e\000r\000s\000t\000e\000\040\000K\000e\000n\000n\000i\000s\000m\000a\000k\000i\000n\000g}{}% 5
\BOOKMARK [2][-]{subsection.2.1}{\376\377\000O\000e\000f\000e\000n\000i\000n\000g\000\040\0001\000.\0001\000:\000\040\000L\000i\000n\000e\000a\000i\000r\000e\000\040\000S\000y\000s\000t\000e\000m\000e\000n}{section.2}% 6
\BOOKMARK [2][-]{subsection.2.2}{\376\377\000O\000e\000f\000e\000n\000i\000n\000g\000\040\0001\000.\0002\000:\000\040\000R\000C\000-\000C\000i\000r\000c\000u\000i\000t}{section.2}% 7
\BOOKMARK [2][-]{subsection.2.3}{\376\377\000O\000e\000f\000e\000n\000i\000n\000g\000\040\0001\000.\0003\000:\000\040\000R\000a\000d\000i\000o\000a\000c\000t\000i\000e\000f\000\040\000V\000e\000r\000v\000a\000l}{section.2}% 8
\BOOKMARK [2][-]{subsection.2.4}{\376\377\000O\000e\000f\000e\000n\000i\000n\000g\000\040\0001\000.\0004\000:\000\040\000H\000o\000m\000o\000g\000e\000n\000i\000t\000e\000i\000t\000\040\000e\000n\000\040\000A\000d\000d\000i\000t\000i\000v\000i\000t\000e\000i\000t}{section.2}% 9
\BOOKMARK [2][-]{subsection.2.5}{\376\377\000O\000e\000f\000e\000n\000i\000n\000g\000\040\0001\000.\0005\000:\000\040\000L\000T\000I\000-\000S\000y\000s\000t\000e\000e\000m\000\040\000H\000e\000r\000k\000e\000n\000n\000i\000n\000g}{section.2}% 10
\BOOKMARK [2][-]{subsection.2.6}{\376\377\000O\000e\000f\000e\000n\000i\000n\000g\000\040\0001\000.\0006\000:\000\040\000C\000a\000u\000s\000a\000l\000i\000t\000e\000i\000t\000\040\000e\000n\000\040\000I\000n\000v\000e\000r\000t\000i\000b\000i\000l\000i\000t\000e\000i\000t}{section.2}% 11
\BOOKMARK [2][-]{subsection.2.7}{\376\377\000O\000e\000f\000e\000n\000i\000n\000g\000\040\0001\000.\0007\000:\000\040\000S\000n\000e\000l\000l\000e\000\040\000c\000h\000e\000c\000k\000\040\000\050\000l\000i\000n\000e\000a\000r\000i\000t\000e\000i\000t\000,\000\040\000T\000I\000\040\000e\000n\000\040\000c\000a\000u\000s\000a\000l\000i\000t\000e\000i\000t\000\051}{section.2}% 12
\BOOKMARK [1][-]{section.3}{\376\377\000H\000o\000o\000f\000d\000s\000t\000u\000k\000\040\0002\000:\000\040\000B\000a\000s\000i\000s\000s\000i\000g\000n\000a\000l\000e\000n\000\040\000e\000n\000\040\000B\000e\000w\000e\000r\000k\000i\000n\000g\000e\000n}{}% 13
\BOOKMARK [2][-]{subsection.3.1}{\376\377\000O\000e\000f\000e\000n\000i\000n\000g\000\040\0002\000.\0001\000:\000\040\000E\000x\000p\000o\000n\000e\000n\000t\000i\000\353\000l\000e\000\040\000F\000u\000n\000c\000t\000i\000e\000s}{section.3}% 14
\BOOKMARK [2][-]{subsection.3.2}{\376\377\000O\000e\000f\000e\000n\000i\000n\000g\000\040\0002\000.\0002\000:\000\040\000S\000i\000n\000u\000s\000\040\000e\000n\000\040\000C\000o\000s\000i\000n\000u\000s}{section.3}% 15
\BOOKMARK [2][-]{subsection.3.3}{\376\377\000O\000e\000f\000e\000n\000i\000n\000g\000\040\0002\000.\0003\000:\000\040\000C\000o\000m\000p\000l\000e\000x\000e\000\040\000E\000x\000p\000o\000n\000e\000n\000t\000i\000\353\000l\000e\000\040\000F\000u\000n\000c\000t\000i\000e}{section.3}% 16
\BOOKMARK [2][-]{subsection.3.4}{\376\377\000O\000e\000f\000e\000n\000i\000n\000g\000\040\0002\000.\0004\000:\000\040\000C\000o\000n\000v\000o\000l\000u\000t\000i\000e}{section.3}% 17
\BOOKMARK [2][-]{subsection.3.5}{\376\377\000O\000e\000f\000e\000n\000i\000n\000g\000\040\0002\000.\0005\000:\000\040\000S\000i\000g\000n\000a\000a\000l\000v\000e\000r\000s\000c\000h\000u\000i\000v\000i\000n\000g\000\040\000e\000n\000\040\000S\000c\000h\000a\000l\000i\000n\000g}{section.3}% 18
\BOOKMARK [2][-]{subsection.3.6}{\376\377\000O\000e\000f\000e\000n\000i\000n\000g\000\040\0002\000.\0006\000:\000\040\000S\000i\000g\000n\000a\000a\000l\000e\000n\000e\000r\000g\000i\000e}{section.3}% 19
\BOOKMARK [2][-]{subsection.3.7}{\376\377\000O\000e\000f\000e\000n\000i\000n\000g\000\040\0002\000.\0007\000:\000\040\000D\000r\000i\000e\000h\000o\000e\000k\000s\000i\000g\000n\000a\000a\000l\000\040\000m\000e\000t\000\040\000S\000t\000a\000p\000f\000u\000n\000c\000t\000i\000e\000s}{section.3}% 20
\BOOKMARK [2][-]{subsection.3.8}{\376\377\000O\000e\000f\000e\000n\000i\000n\000g\000\040\0002\000.\0008\000:\000\040\000B\000a\000s\000i\000s\000\040\000s\000i\000g\000n\000a\000a\000l\000b\000e\000w\000e\000r\000k\000i\000n\000g\000e\000n\000\040\000\050\000s\000t\000a\000p\000f\000u\000n\000c\000t\000i\000e\000\051}{section.3}% 21
\BOOKMARK [1][-]{section.4}{\376\377\000H\000o\000o\000f\000d\000s\000t\000u\000k\000\040\0003\000:\000\040\000L\000a\000p\000l\000a\000c\000e\000t\000r\000a\000n\000s\000f\000o\000r\000m\000a\000t\000i\000e}{}% 22
\BOOKMARK [2][-]{subsection.4.1}{\376\377\000O\000e\000f\000e\000n\000i\000n\000g\000\040\0003\000.\0001\000:\000\040\000S\000t\000a\000n\000d\000a\000a\000r\000d\000\040\000L\000a\000p\000l\000a\000c\000e\000-\000p\000a\000r\000e\000n}{section.4}% 23
\BOOKMARK [2][-]{subsection.4.2}{\376\377\000O\000e\000f\000e\000n\000i\000n\000g\000\040\0003\000.\0002\000:\000\040\000I\000n\000v\000e\000r\000s\000e\000\040\000L\000a\000p\000l\000a\000c\000e\000t\000r\000a\000n\000s\000f\000o\000r\000m\000a\000t\000i\000e\000\040\000m\000e\000t\000\040\000P\000a\000r\000t\000i\000e\000e\000l\000b\000r\000e\000u\000k\000e\000n}{section.4}% 24
\BOOKMARK [2][-]{subsection.4.3}{\376\377\000O\000e\000f\000e\000n\000i\000n\000g\000\040\0003\000.\0003\000:\000\040\000E\000e\000r\000s\000t\000e\000-\000O\000r\000d\000e\000\040\000S\000y\000s\000t\000e\000e\000m}{section.4}% 25
\BOOKMARK [2][-]{subsection.4.4}{\376\377\000O\000e\000f\000e\000n\000i\000n\000g\000\040\0003\000.\0004\000:\000\040\000T\000w\000e\000e\000d\000e\000-\000O\000r\000d\000e\000\040\000S\000y\000s\000t\000e\000e\000m\000:\000\040\000K\000a\000r\000a\000k\000t\000e\000r\000i\000s\000t\000i\000s\000c\000h\000e\000\040\000W\000o\000r\000t\000e\000l\000s}{section.4}% 26
\BOOKMARK [2][-]{subsection.4.5}{\376\377\000O\000e\000f\000e\000n\000i\000n\000g\000\040\0003\000.\0005\000:\000\040\000L\000a\000p\000l\000a\000c\000e\000t\000r\000a\000n\000s\000f\000o\000r\000m\000a\000t\000i\000e\000\040\000m\000e\000t\000\040\000V\000e\000r\000s\000c\000h\000u\000i\000v\000i\000n\000g\000\040\000\050\000T\000i\000j\000d\000d\000o\000m\000e\000i\000n\000\051}{section.4}% 27
\BOOKMARK [2][-]{subsection.4.6}{\376\377\000O\000e\000f\000e\000n\000i\000n\000g\000\040\0003\000.\0006\000:\000\040\000P\000a\000r\000t\000i\000e\000e\000l\000b\000r\000e\000u\000k\000o\000n\000t\000w\000i\000k\000k\000e\000l\000i\000n\000g\000\040\000G\000e\000a\000v\000a\000n\000c\000e\000e\000r\000d}{section.4}% 28
\BOOKMARK [2][-]{subsection.4.7}{\376\377\000O\000e\000f\000e\000n\000i\000n\000g\000\040\0003\000.\0007\000:\000\040\000B\000e\000g\000i\000n\000-\000\040\000e\000n\000\040\000E\000i\000n\000d\000w\000a\000a\000r\000d\000e\000s\000t\000e\000l\000l\000i\000n\000g}{section.4}% 29
\BOOKMARK [2][-]{subsection.4.8}{\376\377\000O\000e\000f\000e\000n\000i\000n\000g\000\040\0003\000.\0008\000:\000\040\000C\000o\000n\000v\000o\000l\000u\000t\000i\000e\000\040\000v\000i\000a\000\040\000L\000a\000p\000l\000a\000c\000e}{section.4}% 30
\BOOKMARK [2][-]{subsection.4.9}{\376\377\000O\000e\000f\000e\000n\000i\000n\000g\000\040\0003\000.\0009\000:\000\040\000S\000a\000m\000e\000n\000v\000a\000t\000t\000i\000n\000g\000s\000o\000e\000f\000e\000n\000i\000n\000g\000\040\000L\000a\000p\000l\000a\000c\000e}{section.4}% 31
\BOOKMARK [2][-]{subsection.4.10}{\376\377\000O\000e\000f\000e\000n\000i\000n\000g\000\040\0003\000.\0001\0000\000:\000\040\000S\000t\000a\000p\000r\000e\000s\000p\000o\000n\000s\000\040\000v\000a\000n\000\040\000E\000e\000r\000s\000t\000e\000-\000O\000r\000d\000e\000\040\000S\000y\000s\000t\000e\000e\000m}{section.4}% 32
\BOOKMARK [2][-]{subsection.4.11}{\376\377\000O\000e\000f\000e\000n\000i\000n\000g\000\040\0003\000.\0001\0001\000:\000\040\000I\000n\000v\000e\000r\000s\000e\000\040\000L\000a\000p\000l\000a\000c\000e\000t\000r\000a\000n\000s\000f\000o\000r\000m\000a\000t\000i\000e\000\040\000m\000e\000t\000\040\000T\000i\000j\000d\000s\000v\000e\000r\000s\000c\000h\000u\000i\000v\000i\000n\000g}{section.4}% 33
\BOOKMARK [2][-]{subsection.4.12}{\376\377\000O\000e\000f\000e\000n\000i\000n\000g\000\040\0003\000.\0001\0002\000:\000\040\000D\000i\000f\000f\000e\000r\000e\000n\000t\000i\000a\000a\000l\000v\000e\000r\000g\000e\000l\000i\000j\000k\000i\000n\000g\000\040\000m\000e\000t\000\040\000B\000e\000g\000i\000n\000v\000o\000o\000r\000w\000a\000a\000r\000d\000e\000n}{section.4}% 34
\BOOKMARK [1][-]{section.5}{\376\377\000H\000o\000o\000f\000d\000s\000t\000u\000k\000\040\0004\000:\000\040\000F\000o\000u\000r\000i\000e\000r\000t\000r\000a\000n\000s\000f\000o\000r\000m\000a\000t\000i\000e}{}% 35
\BOOKMARK [2][-]{subsection.5.1}{\376\377\000O\000e\000f\000e\000n\000i\000n\000g\000\040\0004\000.\0001\000:\000\040\000F\000o\000u\000r\000i\000e\000r\000t\000r\000a\000n\000s\000f\000o\000r\000m\000a\000t\000i\000e\000\040\000v\000a\000n\000\040\000R\000e\000c\000h\000t\000h\000o\000e\000k\000p\000u\000l\000s}{section.5}% 36
\BOOKMARK [2][-]{subsection.5.2}{\376\377\000O\000e\000f\000e\000n\000i\000n\000g\000\040\0004\000.\0002\000:\000\040\000V\000e\000r\000s\000c\000h\000u\000i\000v\000i\000n\000g\000s\000s\000t\000e\000l\000l\000i\000n\000g}{section.5}% 37
\BOOKMARK [2][-]{subsection.5.3}{\376\377\000O\000e\000f\000e\000n\000i\000n\000g\000\040\0004\000.\0003\000:\000\040\000M\000o\000d\000u\000l\000a\000t\000i\000o\000n\000\040\000P\000r\000o\000p\000e\000r\000t\000y}{section.5}% 38
\BOOKMARK [2][-]{subsection.5.4}{\376\377\000O\000e\000f\000e\000n\000i\000n\000g\000\040\0004\000.\0004\000:\000\040\000P\000a\000r\000s\000e\000v\000a\000l\000'\000s\000\040\000S\000t\000e\000l\000l\000i\000n\000g}{section.5}% 39
\BOOKMARK [2][-]{subsection.5.5}{\376\377\000O\000e\000f\000e\000n\000i\000n\000g\000\040\0004\000.\0005\000:\000\040\000E\000x\000p\000o\000n\000e\000n\000t\000i\000e\000e\000l\000\040\000S\000i\000g\000n\000a\000a\000l}{section.5}% 40
\BOOKMARK [2][-]{subsection.5.6}{\376\377\000O\000e\000f\000e\000n\000i\000n\000g\000\040\0004\000.\0006\000:\000\040\000D\000i\000r\000a\000c\000\040\000D\000e\000l\000t\000a}{section.5}% 41
\BOOKMARK [2][-]{subsection.5.7}{\376\377\000O\000e\000f\000e\000n\000i\000n\000g\000\040\0004\000.\0007\000:\000\040\000V\000e\000r\000s\000c\000h\000u\000i\000v\000i\000n\000g\000\040\000i\000n\000\040\000d\000e\000\040\000T\000i\000j\000d\000\040\000\050\000F\000T\000C\000\051}{section.5}% 42
\BOOKMARK [2][-]{subsection.5.8}{\376\377\000O\000e\000f\000e\000n\000i\000n\000g\000\040\0004\000.\0008\000:\000\040\000F\000T\000C\000\040\000v\000a\000n\000\040\000d\000e\000l\000t\000a\000'\000s}{section.5}% 43
\BOOKMARK [2][-]{subsection.5.9}{\376\377\000O\000e\000f\000e\000n\000i\000n\000g\000\040\0004\000.\0009\000:\000\040\000S\000p\000e\000c\000t\000r\000u\000m\000\040\000v\000a\000n\000\040\000e\000e\000n\000\040\000S\000a\000m\000e\000n\000g\000e\000s\000t\000e\000l\000d\000\040\000S\000i\000g\000n\000a\000a\000l}{section.5}% 44
\BOOKMARK [2][-]{subsection.5.10}{\376\377\000O\000e\000f\000e\000n\000i\000n\000g\000\040\0004\000.\0001\0000\000:\000\040\000D\000u\000a\000l\000i\000t\000e\000i\000t\000s\000e\000i\000g\000e\000n\000s\000c\000h\000a\000p\000\040\000v\000a\000n\000\040\000F\000T\000C}{section.5}% 45
\BOOKMARK [1][-]{section.6}{\376\377\000H\000o\000o\000f\000d\000s\000t\000u\000k\000\040\0005\000:\000\040\000F\000o\000u\000r\000i\000e\000r\000r\000e\000e\000k\000s\000e\000n}{}% 46
\BOOKMARK [2][-]{subsection.6.1}{\376\377\000O\000e\000f\000e\000n\000i\000n\000g\000\040\0005\000.\0001\000:\000\040\000B\000l\000o\000k\000g\000o\000l\000f}{section.6}% 47
\BOOKMARK [2][-]{subsection.6.2}{\376\377\000O\000e\000f\000e\000n\000i\000n\000g\000\040\0005\000.\0002\000:\000\040\000Z\000a\000a\000g\000t\000a\000n\000d\000g\000o\000l\000f}{section.6}% 48
\BOOKMARK [2][-]{subsection.6.3}{\376\377\000O\000e\000f\000e\000n\000i\000n\000g\000\040\0005\000.\0003\000:\000\040\000D\000r\000i\000e\000h\000o\000e\000k\000g\000o\000l\000f}{section.6}% 49
\BOOKMARK [2][-]{subsection.6.4}{\376\377\000O\000e\000f\000e\000n\000i\000n\000g\000\040\0005\000.\0004\000:\000\040\000P\000a\000r\000s\000e\000v\000a\000l\000'\000s\000\040\000S\000t\000e\000l\000l\000i\000n\000g\000\040\000v\000o\000o\000r\000\040\000F\000o\000u\000r\000i\000e\000r\000r\000e\000e\000k\000s\000e\000n}{section.6}% 50
\BOOKMARK [2][-]{subsection.6.5}{\376\377\000O\000e\000f\000e\000n\000i\000n\000g\000\040\0005\000.\0005\000:\000\040\000C\000o\000m\000p\000l\000e\000x\000e\000\040\000F\000o\000u\000r\000i\000e\000r\000r\000e\000e\000k\000s\000\040\000e\000n\000\040\000L\000i\000n\000k\000\040\000m\000e\000t\000\040\000F\000T\000C}{section.6}% 51
\BOOKMARK [2][-]{subsection.6.6}{\376\377\000O\000e\000f\000e\000n\000i\000n\000g\000\040\0005\000.\0006\000:\000\040\000F\000o\000u\000r\000i\000e\000r\000r\000e\000e\000k\000s\000\040\000v\000a\000n\000\040\000e\000e\000n\000\040\000e\000e\000n\000v\000o\000u\000d\000i\000g\000e\000\040\000s\000o\000m}{section.6}% 52
\BOOKMARK [2][-]{subsection.6.7}{\376\377\000O\000e\000f\000e\000n\000i\000n\000g\000\040\0005\000.\0007\000:\000\040\000D\000e\000\040\000B\000l\000o\000k\000g\000o\000l\000f\000\040\000\050\000S\000y\000m\000m\000e\000t\000r\000i\000e\000\051\000\040\040\024\000\040\000S\000t\000a\000r\000t\000e\000r\000\040\000L\000e\000v\000e\000l}{section.6}% 53
\BOOKMARK [2][-]{subsection.6.8}{\376\377\000O\000e\000f\000e\000n\000i\000n\000g\000\040\0005\000.\0008\000:\000\040\000F\000o\000u\000r\000i\000e\000r\000r\000e\000e\000k\000s\000\040\000d\000o\000o\000r\000\040\000I\000n\000s\000p\000e\000c\000t\000i\000e\000\040\040\024\000\040\000S\000t\000a\000r\000t\000e\000r\000\040\000L\000e\000v\000e\000l}{section.6}% 54
\BOOKMARK [2][-]{subsection.6.9}{\376\377\000O\000e\000f\000e\000n\000i\000n\000g\000\040\0005\000.\0009\000:\000\040\000P\000a\000r\000s\000e\000v\000a\000l\000\040\000\050\000E\000n\000e\000r\000g\000i\000e\000\051\000\040\040\024\000\040\000S\000t\000a\000r\000t\000e\000r\000\040\000L\000e\000v\000e\000l}{section.6}% 55
\BOOKMARK [1][-]{section.7}{\376\377\000H\000o\000o\000f\000d\000s\000t\000u\000k\000\040\0006\000:\000\040\000L\000T\000C\000-\000S\000y\000s\000t\000e\000m\000e\000n}{}% 56
\BOOKMARK [2][-]{subsection.7.1}{\376\377\000O\000e\000f\000e\000n\000i\000n\000g\000\040\0006\000.\0001\000:\000\040\000I\000m\000p\000u\000l\000s\000r\000e\000s\000p\000o\000n\000s}{section.7}% 57
\BOOKMARK [2][-]{subsection.7.2}{\376\377\000O\000e\000f\000e\000n\000i\000n\000g\000\040\0006\000.\0002\000:\000\040\000M\000a\000s\000s\000a\000-\000V\000e\000e\000r\000-\000D\000e\000m\000p\000e\000r}{section.7}% 58
\BOOKMARK [2][-]{subsection.7.3}{\376\377\000O\000e\000f\000e\000n\000i\000n\000g\000\040\0006\000.\0003\000:\000\040\000F\000r\000e\000q\000u\000e\000n\000t\000i\000e\000r\000e\000s\000p\000o\000n\000s}{section.7}% 59
\BOOKMARK [2][-]{subsection.7.4}{\376\377\000O\000e\000f\000e\000n\000i\000n\000g\000\040\0006\000.\0004\000:\000\040\000C\000a\000s\000c\000a\000d\000e\000\040\000S\000y\000s\000t\000e\000m\000e\000n}{section.7}% 60
\BOOKMARK [2][-]{subsection.7.5}{\376\377\000O\000e\000f\000e\000n\000i\000n\000g\000\040\0006\000.\0005\000:\000\040\000S\000t\000a\000b\000i\000l\000i\000t\000e\000i\000t\000\040\000e\000n\000\040\000P\000o\000l\000e\000n}{section.7}% 61
\BOOKMARK [2][-]{subsection.7.6}{\376\377\000O\000e\000f\000e\000n\000i\000n\000g\000\040\0006\000.\0006\000:\000\040\000O\000v\000e\000r\000d\000r\000a\000c\000h\000t\000,\000\040\000I\000m\000p\000u\000l\000s\000r\000e\000s\000p\000o\000n\000s\000\040\000e\000n\000\040\000N\000u\000l\000t\000o\000e\000s\000t\000a\000n\000d\000s\000r\000e\000s\000p\000o\000n\000s}{section.7}% 62
\BOOKMARK [2][-]{subsection.7.7}{\376\377\000O\000e\000f\000e\000n\000i\000n\000g\000\040\0006\000.\0007\000:\000\040\000I\000m\000p\000u\000l\000s\000-\000\040\000e\000n\000\040\000s\000t\000a\000p\000r\000e\000s\000p\000o\000n\000s\000\040\000\050\000b\000a\000s\000i\000s\000\051}{section.7}% 63
\BOOKMARK [2][-]{subsection.7.8}{\376\377\000O\000e\000f\000e\000n\000i\000n\000g\000\040\0006\000.\0008\000:\000\040\000V\000a\000n\000\040\000D\000V\000\040\000n\000a\000a\000r\000\040\000H\000\050\000s\000\051\000\040\040\024\000\040\000S\000t\000a\000r\000t\000e\000r\000\040\000L\000e\000v\000e\000l}{section.7}% 64
\BOOKMARK [2][-]{subsection.7.9}{\376\377\000O\000e\000f\000e\000n\000i\000n\000g\000\040\0006\000.\0009\000:\000\040\000I\000m\000p\000u\000l\000s\000r\000e\000s\000p\000o\000n\000s\000\040\000e\000n\000\040\000S\000t\000a\000b\000i\000l\000i\000t\000e\000i\000t\000\040\040\024\000\040\000S\000t\000a\000r\000t\000e\000r\000\040\000L\000e\000v\000e\000l}{section.7}% 65
\BOOKMARK [2][-]{subsection.7.10}{\376\377\000O\000e\000f\000e\000n\000i\000n\000g\000\040\0006\000.\0001\0000\000:\000\040\000G\000e\000d\000r\000a\000g\000\040\000b\000i\000j\000\040\000f\000r\000e\000q\000u\000e\000n\000t\000i\000e\000s\000\040\040\024\000\040\000S\000t\000a\000r\000t\000e\000r\000\040\000L\000e\000v\000e\000l}{section.7}% 66
\BOOKMARK [1][-]{section.8}{\376\377\000H\000o\000o\000f\000d\000s\000t\000u\000k\000\040\0007\000:\000\040\000E\000i\000g\000e\000n\000w\000a\000a\000r\000d\000e\000n\000\040\000e\000n\000\040\000E\000i\000g\000e\000n\000v\000e\000c\000t\000o\000r\000e\000n}{}% 67
\BOOKMARK [2][-]{subsection.8.1}{\376\377\000O\000e\000f\000e\000n\000i\000n\000g\000\040\0007\000.\0001\000:\000\040\000E\000i\000g\000e\000n\000w\000a\000a\000r\000d\000e\000n\000\040\000B\000e\000r\000e\000k\000e\000n\000e\000n}{section.8}% 68
\BOOKMARK [2][-]{subsection.8.2}{\376\377\000O\000e\000f\000e\000n\000i\000n\000g\000\040\0007\000.\0002\000:\000\040\000E\000i\000g\000e\000n\000w\000a\000a\000r\000d\000e\000n\000\040\000v\000a\000n\000\040\000T\000w\000e\000e\000d\000e\000-\000O\000r\000d\000e\000\040\000S\000y\000s\000t\000e\000e\000m}{section.8}% 69
\BOOKMARK [2][-]{subsection.8.3}{\376\377\000O\000e\000f\000e\000n\000i\000n\000g\000\040\0007\000.\0003\000:\000\040\000D\000i\000a\000g\000o\000n\000a\000l\000i\000s\000a\000t\000i\000e}{section.8}% 70
\BOOKMARK [2][-]{subsection.8.4}{\376\377\000O\000e\000f\000e\000n\000i\000n\000g\000\040\0007\000.\0004\000:\000\040\000G\000e\000r\000s\000c\000h\000g\000o\000r\000i\000n\000-\000C\000i\000r\000k\000e\000l\000s\000t\000e\000l\000l\000i\000n\000g}{section.8}% 71
\BOOKMARK [2][-]{subsection.8.5}{\376\377\000O\000e\000f\000e\000n\000i\000n\000g\000\040\0007\000.\0005\000:\000\040\000E\000i\000g\000e\000n\000v\000e\000c\000t\000o\000r\000e\000n\000\040\000e\000n\000\040\000O\000r\000t\000h\000o\000g\000o\000n\000a\000l\000i\000t\000e\000i\000t}{section.8}% 72
\BOOKMARK [2][-]{subsection.8.6}{\376\377\000O\000e\000f\000e\000n\000i\000n\000g\000\040\0007\000.\0006\000:\000\040\000M\000a\000t\000r\000i\000x\000\040\000E\000x\000p\000o\000n\000e\000n\000t\000i\000\353\000l\000e}{section.8}% 73
\BOOKMARK [2][-]{subsection.8.7}{\376\377\000O\000e\000f\000e\000n\000i\000n\000g\000\040\0007\000.\0007\000:\000\040\000N\000i\000e\000t\000-\000d\000i\000a\000g\000o\000n\000a\000l\000i\000s\000e\000e\000r\000b\000a\000a\000r\000\040\000e\000n\000\040\000M\000a\000t\000r\000i\000x\000e\000x\000p\000o\000n\000e\000n\000t\000i\000a\000a\000l}{section.8}% 74
\BOOKMARK [2][-]{subsection.8.8}{\376\377\000O\000e\000f\000e\000n\000i\000n\000g\000\040\0007\000.\0008\000:\000\040\000E\000i\000g\000e\000n\000w\000a\000a\000r\000d\000e\000n\000\040\000v\000a\000n\000\040\000e\000e\000n\000\040\000d\000i\000a\000g\000o\000n\000a\000a\000l\000m\000a\000t\000r\000i\000x\000\040\000\050\000b\000a\000s\000i\000s\000\051}{section.8}% 75
\BOOKMARK [2][-]{subsection.8.9}{\376\377\000O\000e\000f\000e\000n\000i\000n\000g\000\040\0007\000.\0009\000:\000\040\000K\000a\000r\000a\000k\000t\000e\000r\000i\000s\000t\000i\000e\000k\000e\000\040\000V\000e\000r\000g\000e\000l\000i\000j\000k\000i\000n\000g\000\040\040\024\000\040\000S\000t\000a\000r\000t\000e\000r\000\040\000L\000e\000v\000e\000l}{section.8}% 76
\BOOKMARK [2][-]{subsection.8.10}{\376\377\000O\000e\000f\000e\000n\000i\000n\000g\000\040\0007\000.\0001\0000\000:\000\040\000E\000i\000g\000e\000n\000v\000e\000c\000t\000o\000r\000e\000n\000\040\000v\000i\000n\000d\000e\000n\000\040\040\024\000\040\000S\000t\000a\000r\000t\000e\000r\000\040\000L\000e\000v\000e\000l}{section.8}% 77
\BOOKMARK [2][-]{subsection.8.11}{\376\377\000O\000e\000f\000e\000n\000i\000n\000g\000\040\0007\000.\0001\0001\000:\000\040\000D\000i\000a\000g\000o\000n\000a\000a\000l\000m\000a\000t\000r\000i\000x\000\040\000e\000n\000\040\000m\000a\000c\000h\000t\000e\000n\000\040\040\024\000\040\000S\000t\000a\000r\000t\000e\000r\000\040\000L\000e\000v\000e\000l}{section.8}% 78
\BOOKMARK [1][-]{section.9}{\376\377\000H\000o\000o\000f\000d\000s\000t\000u\000k\000\040\0008\000:\000\040\000E\000x\000a\000m\000e\000n\000g\000e\000r\000i\000c\000h\000t\000e\000\040\000O\000e\000f\000e\000n\000i\000n\000g\000e\000n}{}% 79
\BOOKMARK [2][-]{subsection.9.1}{\376\377\000O\000e\000f\000e\000n\000i\000n\000g\000\040\0008\000.\0001\000:\000\040\000S\000i\000g\000n\000a\000a\000l\000s\000p\000e\000k\000t\000r\000u\000m\000\040\000e\000n\000\040\000S\000y\000m\000m\000e\000t\000r\000i\000e}{section.9}% 80
\BOOKMARK [2][-]{subsection.9.2}{\376\377\000O\000e\000f\000e\000n\000i\000n\000g\000\040\0008\000.\0002\000:\000\040\000F\000o\000u\000r\000i\000e\000r\000t\000r\000a\000n\000s\000f\000o\000r\000m\000a\000t\000i\000e\000\040\000m\000e\000t\000\040\000V\000e\000r\000s\000c\000h\000u\000i\000v\000i\000n\000g\000\040\000e\000n\000\040\000M\000o\000d\000u\000l\000a\000t\000i\000e}{section.9}% 81
\BOOKMARK [2][-]{subsection.9.3}{\376\377\000O\000e\000f\000e\000n\000i\000n\000g\000\040\0008\000.\0003\000:\000\040\000I\000m\000p\000u\000l\000s\000r\000e\000s\000p\000o\000n\000s\000,\000\040\000C\000a\000u\000s\000a\000l\000i\000t\000e\000i\000t\000\040\000e\000n\000\040\000C\000o\000n\000v\000o\000l\000u\000t\000i\000e}{section.9}% 82
\BOOKMARK [2][-]{subsection.9.4}{\376\377\000O\000e\000f\000e\000n\000i\000n\000g\000\040\0008\000.\0004\000:\000\040\000C\000o\000m\000p\000l\000e\000x\000e\000\040\000F\000o\000u\000r\000i\000e\000r\000r\000e\000e\000k\000s\000\040\000v\000a\000n\000\040\000P\000e\000r\000i\000o\000d\000i\000e\000k\000\040\000S\000i\000g\000n\000a\000a\000l}{section.9}% 83
\BOOKMARK [2][-]{subsection.9.5}{\376\377\000O\000e\000f\000e\000n\000i\000n\000g\000\040\0008\000.\0005\000:\000\040\000L\000a\000p\000l\000a\000c\000e\000t\000r\000a\000n\000s\000f\000o\000r\000m\000a\000t\000i\000e\000\040\000m\000e\000t\000\040\000V\000e\000r\000s\000c\000h\000u\000i\000v\000i\000n\000g}{section.9}% 84
\BOOKMARK [2][-]{subsection.9.6}{\376\377\000O\000e\000f\000e\000n\000i\000n\000g\000\040\0008\000.\0006\000:\000\040\000D\000i\000f\000f\000e\000r\000e\000n\000t\000i\000a\000a\000l\000v\000e\000r\000g\000e\000l\000i\000j\000k\000i\000n\000g\000\040\000v\000i\000a\000\040\000L\000a\000p\000l\000a\000c\000e\000\040\000\050\000m\000e\000t\000\040\000B\000e\000g\000i\000n\000v\000o\000o\000r\000w\000a\000a\000r\000d\000e\000n\000\051}{section.9}% 85
\BOOKMARK [2][-]{subsection.9.7}{\376\377\000O\000e\000f\000e\000n\000i\000n\000g\000\040\0008\000.\0007\000:\000\040\000L\000T\000I\000-\000S\000y\000s\000t\000e\000e\000m\000:\000\040\000S\000t\000a\000b\000i\000l\000i\000t\000e\000i\000t\000,\000\040\000I\000m\000p\000u\000l\000s\000-\000\040\000e\000n\000\040\000S\000t\000a\000p\000r\000e\000s\000p\000o\000n\000s}{section.9}% 86
\BOOKMARK [2][-]{subsection.9.8}{\376\377\000O\000e\000f\000e\000n\000i\000n\000g\000\040\0008\000.\0008\000:\000\040\000C\000o\000n\000v\000o\000l\000u\000t\000i\000e\000:\000\040\000T\000i\000j\000d\000s\000d\000o\000m\000e\000i\000n\000\040\000v\000e\000r\000s\000u\000s\000\040\000F\000r\000e\000q\000u\000e\000n\000t\000i\000e\000d\000o\000m\000e\000i\000n}{section.9}% 87
\BOOKMARK [2][-]{subsection.9.9}{\376\377\000O\000e\000f\000e\000n\000i\000n\000g\000\040\0008\000.\0009\000:\000\040\000F\000o\000u\000r\000i\000e\000r\000t\000r\000a\000n\000s\000f\000o\000r\000m\000a\000t\000i\000e\000\040\000e\000n\000\040\000E\000n\000e\000r\000g\000i\000e\000a\000n\000a\000l\000y\000s\000e}{section.9}% 88
\BOOKMARK [2][-]{subsection.9.10}{\376\377\000O\000e\000f\000e\000n\000i\000n\000g\000\040\0008\000.\0001\0000\000:\000\040\000R\000e\000\353\000l\000e\000\040\000F\000o\000u\000r\000i\000e\000r\000r\000e\000e\000k\000s\000:\000\040\000S\000y\000m\000m\000e\000t\000r\000i\000e\000\040\000e\000n\000\040\000S\000p\000e\000c\000t\000r\000u\000m}{section.9}% 89
\BOOKMARK [2][-]{subsection.9.11}{\376\377\000O\000e\000f\000e\000n\000i\000n\000g\000\040\0008\000.\0001\0001\000:\000\040\000S\000t\000a\000a\000t\000r\000u\000i\000m\000t\000e\000v\000e\000r\000g\000e\000l\000i\000j\000k\000i\000n\000g\000\040\000e\000n\000\040\000S\000t\000a\000b\000i\000l\000i\000t\000e\000i\000t}{section.9}% 90
\BOOKMARK [1][-]{section.10}{\376\377\000O\000p\000l\000o\000s\000s\000i\000n\000g\000e\000n}{}% 91
\BOOKMARK [2][-]{subsection.10.1}{\376\377\000O\000p\000l\000o\000s\000s\000i\000n\000g\000e\000n\000\040\000H\000o\000o\000f\000d\000s\000t\000u\000k\000\040\0001\000:\000\040\000S\000i\000g\000n\000a\000l\000e\000n\000\040\000e\000n\000\040\000S\000y\000s\000t\000e\000m\000e\000n\000\040\000-\000\040\000E\000e\000r\000s\000t\000e\000\040\000K\000e\000n\000n\000i\000s\000m\000a\000k\000i\000n\000g}{section.10}% 92
\BOOKMARK [2][-]{subsection.10.2}{\376\377\000O\000p\000l\000o\000s\000s\000i\000n\000g\000e\000n\000\040\000H\000o\000o\000f\000d\000s\000t\000u\000k\000\040\0002\000:\000\040\000B\000a\000s\000i\000s\000s\000i\000g\000n\000a\000l\000e\000n\000\040\000e\000n\000\040\000B\000e\000w\000e\000r\000k\000i\000n\000g\000e\000n}{section.10}% 93
\BOOKMARK [2][-]{subsection.10.3}{\376\377\000O\000p\000l\000o\000s\000s\000i\000n\000g\000e\000n\000\040\000H\000o\000o\000f\000d\000s\000t\000u\000k\000\040\0003\000:\000\040\000L\000a\000p\000l\000a\000c\000e\000t\000r\000a\000n\000s\000f\000o\000r\000m\000a\000t\000i\000e}{section.10}% 94
\BOOKMARK [2][-]{subsection.10.4}{\376\377\000O\000p\000l\000o\000s\000s\000i\000n\000g\000e\000n\000\040\000H\000o\000o\000f\000d\000s\000t\000u\000k\000\040\0004\000:\000\040\000F\000o\000u\000r\000i\000e\000r\000t\000r\000a\000n\000s\000f\000o\000r\000m\000a\000t\000i\000e}{section.10}% 95
\BOOKMARK [2][-]{subsection.10.5}{\376\377\000O\000p\000l\000o\000s\000s\000i\000n\000g\000e\000n\000\040\000H\000o\000o\000f\000d\000s\000t\000u\000k\000\040\0005\000:\000\040\000F\000o\000u\000r\000i\000e\000r\000r\000e\000e\000k\000s\000e\000n}{section.10}% 96
\BOOKMARK [2][-]{subsection.10.6}{\376\377\000O\000p\000l\000o\000s\000s\000i\000n\000g\000e\000n\000\040\000H\000o\000o\000f\000d\000s\000t\000u\000k\000\040\0006\000:\000\040\000L\000T\000C\000-\000S\000y\000s\000t\000e\000m\000e\000n}{section.10}% 97
\BOOKMARK [2][-]{subsection.10.7}{\376\377\000O\000p\000l\000o\000s\000s\000i\000n\000g\000e\000n\000\040\000H\000o\000o\000f\000d\000s\000t\000u\000k\000\040\0007\000:\000\040\000E\000i\000g\000e\000n\000w\000a\000a\000r\000d\000e\000n\000\040\000e\000n\000\040\000E\000i\000g\000e\000n\000v\000e\000c\000t\000o\000r\000e\000n}{section.10}% 98
\BOOKMARK [2][-]{subsection.10.8}{\376\377\000O\000p\000l\000o\000s\000s\000i\000n\000g\000e\000n\000\040\000H\000o\000o\000f\000d\000s\000t\000u\000k\000\040\0008\000:\000\040\000E\000x\000a\000m\000e\000n\000g\000e\000r\000i\000c\000h\000t\000e\000\040\000O\000e\000f\000e\000n\000i\000n\000g\000e\000n}{section.10}% 99
\BOOKMARK [2][-]{subsection.10.9}{\376\377\000O\000p\000l\000o\000s\000s\000i\000n\000g\000e\000n\000\040\000H\000o\000o\000f\000d\000s\000t\000u\000k\000\040\0008}{section.10}% 100
