\BOOKMARK [1][-]{section.0.1}{\376\377\000F\000o\000r\000m\000u\000l\000a\000r\000i\000u\000m}{}% 1
\BOOKMARK [2][-]{subsection.0.1.1}{\376\377\000L\000a\000p\000l\000a\000c\000e\000\040\000t\000r\000a\000n\000s\000f\000o\000r\000m\000\040\000\050\000L\000T\000\051}{section.0.1}% 2
\BOOKMARK [2][-]{subsection.0.1.2}{\376\377\000F\000o\000u\000r\000i\000e\000r\000\040\000t\000r\000a\000n\000s\000f\000o\000r\000m\000\040\000\050\000F\000T\000C\000\051}{section.0.1}% 3
\BOOKMARK [2][-]{subsection.0.1.3}{\376\377\000F\000o\000u\000r\000i\000e\000r\000\040\000s\000e\000r\000i\000e\000s\000\040\000\050\000F\000S\000\051}{section.0.1}% 4
\BOOKMARK [0][-]{chapter.1}{\376\377\000A\000f\000g\000e\000l\000e\000i\000d\000e\000n\000\040\000e\000n\000\040\000I\000n\000t\000e\000g\000r\000a\000l\000e\000n}{}% 5
\BOOKMARK [1][-]{section.1.1}{\376\377\000F\000u\000n\000d\000a\000m\000e\000n\000t\000e\000l\000e\000\040\000A\000n\000a\000l\000y\000s\000e\000\040\000i\000n\000\040\000S\000y\000s\000t\000e\000e\000m\000c\000o\000n\000t\000e\000x\000t}{chapter.1}% 6
\BOOKMARK [2][-]{subsection.1.1.1}{\376\377\000D\000i\000f\000f\000e\000r\000e\000n\000t\000i\000a\000t\000i\000e\000:\000\040\000D\000e\000\040\000S\000n\000e\000l\000h\000e\000i\000d\000\040\000v\000a\000n\000\040\000V\000e\000r\000a\000n\000d\000e\000r\000i\000n\000g}{section.1.1}% 7
\BOOKMARK [2][-]{subsection.1.1.2}{\376\377\000I\000n\000t\000e\000g\000r\000a\000t\000i\000e\000:\000\040\000A\000c\000c\000u\000m\000u\000l\000a\000t\000i\000e\000\040\000e\000n\000\040\000O\000p\000p\000e\000r\000v\000l\000a\000k\000t\000e}{section.1.1}% 8
\BOOKMARK [1][-]{section.1.2}{\376\377\000P\000r\000a\000k\000t\000i\000s\000c\000h\000e\000\040\000T\000o\000e\000p\000a\000s\000s\000i\000n\000g\000e\000n\000\040\000e\000n\000\040\000O\000e\000f\000e\000n\000i\000n\000g\000e\000n}{chapter.1}% 9
\BOOKMARK [2][-]{subsection.1.2.1}{\376\377\000O\000e\000f\000e\000n\000i\000n\000g\000\040\0001\000.\0001\000:\000\040\000A\000n\000a\000l\000y\000s\000e\000\040\000v\000a\000n\000\040\000G\000o\000n\000i\000o\000m\000e\000t\000r\000i\000s\000c\000h\000e\000\040\000T\000r\000a\000n\000s\000f\000o\000r\000m\000a\000t\000i\000e\000s}{section.1.2}% 10
\BOOKMARK [2][-]{subsection.1.2.2}{\376\377\000O\000e\000f\000e\000n\000i\000n\000g\000\040\0001\000.\0002\000:\000\040\000I\000n\000t\000e\000g\000r\000a\000t\000i\000e\000\040\000v\000a\000n\000\040\000G\000e\000m\000o\000d\000u\000l\000e\000e\000r\000d\000e\000\040\000S\000i\000g\000n\000a\000l\000e\000n}{section.1.2}% 11
\BOOKMARK [2][-]{subsection.1.2.3}{\376\377\000O\000e\000f\000e\000n\000i\000n\000g\000\040\0001\000.\0003\000:\000\040\000O\000n\000e\000i\000g\000e\000n\000l\000i\000j\000k\000e\000\040\000I\000n\000t\000e\000g\000r\000a\000a\000l}{section.1.2}% 12
\BOOKMARK [2][-]{subsection.1.2.4}{\376\377\000O\000e\000f\000e\000n\000i\000n\000g\000\040\0001\000.\0004\000:\000\040\000P\000a\000r\000t\000i\000\353\000l\000e\000\040\000I\000n\000t\000e\000g\000r\000a\000t\000i\000e}{section.1.2}% 13
\BOOKMARK [0][-]{chapter.2}{\376\377\000D\000i\000f\000f\000e\000r\000e\000n\000t\000i\000a\000a\000l\000v\000e\000r\000g\000e\000l\000i\000j\000k\000i\000n\000g\000e\000n}{}% 14
\BOOKMARK [1][-]{section.2.1}{\376\377\000M\000o\000d\000e\000l\000l\000e\000r\000i\000n\000g\000\040\000v\000a\000n\000\040\000D\000y\000n\000a\000m\000i\000s\000c\000h\000e\000\040\000S\000y\000s\000t\000e\000m\000e\000n}{chapter.2}% 15
\BOOKMARK [2][-]{subsection.2.1.1}{\376\377\000D\000e\000\040\000H\000o\000m\000o\000g\000e\000n\000e\000\040\000O\000p\000l\000o\000s\000s\000i\000n\000g\000:\000\040\000N\000a\000t\000u\000u\000r\000l\000i\000j\000k\000\040\000G\000e\000d\000r\000a\000g}{section.2.1}% 16
\BOOKMARK [2][-]{subsection.2.1.2}{\376\377\000D\000e\000\040\000P\000a\000r\000t\000i\000c\000u\000l\000i\000e\000r\000e\000\040\000O\000p\000l\000o\000s\000s\000i\000n\000g\000:\000\040\000G\000e\000d\000w\000o\000n\000g\000e\000n\000\040\000R\000e\000s\000p\000o\000n\000s}{section.2.1}% 17
\BOOKMARK [2][-]{subsection.2.1.3}{\376\377\000D\000e\000\040\000A\000l\000g\000e\000m\000e\000n\000e\000\040\000O\000p\000l\000o\000s\000s\000i\000n\000g\000\040\000e\000n\000\040\000B\000e\000g\000i\000n\000v\000o\000o\000r\000w\000a\000a\000r\000d\000e\000n}{section.2.1}% 18
\BOOKMARK [1][-]{section.2.2}{\376\377\000A\000n\000a\000l\000y\000s\000e\000\040\000v\000a\000n\000\040\000S\000y\000s\000t\000e\000e\000m\000g\000e\000d\000r\000a\000g}{chapter.2}% 19
\BOOKMARK [2][-]{subsection.2.2.1}{\376\377\000C\000a\000s\000u\000s\000\040\0001\000:\000\040\000V\000r\000i\000j\000\040\000V\000e\000r\000v\000a\000l\000\040\000v\000a\000n\000\040\000e\000e\000n\000\040\000E\000e\000r\000s\000t\000e\000-\000O\000r\000d\000e\000\040\000S\000y\000s\000t\000e\000e\000m}{section.2.2}% 20
\BOOKMARK [2][-]{subsection.2.2.2}{\376\377\000C\000a\000s\000u\000s\000\040\0002\000:\000\040\000R\000e\000s\000o\000n\000a\000n\000t\000i\000e\000\040\000e\000n\000\040\000G\000e\000d\000w\000o\000n\000g\000e\000n\000\040\000O\000s\000c\000i\000l\000l\000a\000t\000i\000e}{section.2.2}% 21
\BOOKMARK [2][-]{subsection.2.2.3}{\376\377\000C\000a\000s\000u\000s\000\040\0003\000:\000\040\000O\000p\000l\000a\000d\000e\000n\000\040\000v\000a\000n\000\040\000e\000e\000n\000\040\000C\000o\000n\000d\000e\000n\000s\000a\000t\000o\000r}{section.2.2}% 22
\BOOKMARK [0][-]{chapter.3}{\376\377\000S\000i\000g\000n\000a\000l\000e\000n\000\040\000e\000n\000\040\000S\000y\000s\000t\000e\000m\000e\000n\000:\000\040\000E\000e\000n\000\040\000E\000e\000r\000s\000t\000e\000\040\000K\000e\000n\000n\000i\000s\000m\000a\000k\000i\000n\000g}{}% 23
\BOOKMARK [1][-]{section.3.1}{\376\377\000S\000y\000s\000t\000e\000e\000m\000e\000i\000g\000e\000n\000s\000c\000h\000a\000p\000p\000e\000n\000\040\000e\000n\000\040\000C\000l\000a\000s\000s\000i\000f\000i\000c\000a\000t\000i\000e}{chapter.3}% 24
\BOOKMARK [2][-]{subsection.3.1.1}{\376\377\000L\000i\000n\000e\000a\000r\000i\000t\000e\000i\000t}{section.3.1}% 25
\BOOKMARK [2][-]{subsection.3.1.2}{\376\377\000T\000i\000j\000d\000s\000i\000n\000v\000a\000r\000i\000a\000n\000t\000i\000e}{section.3.1}% 26
\BOOKMARK [2][-]{subsection.3.1.3}{\376\377\000C\000a\000u\000s\000a\000l\000i\000t\000e\000i\000t}{section.3.1}% 27
\BOOKMARK [1][-]{section.3.2}{\376\377\000O\000e\000f\000e\000n\000i\000n\000g\000e\000n\000:\000\040\000S\000y\000s\000t\000e\000e\000m\000a\000n\000a\000l\000y\000s\000e}{chapter.3}% 28
\BOOKMARK [2][-]{subsection.3.2.1}{\376\377\000O\000e\000f\000e\000n\000i\000n\000g\000\040\0003\000.\0001\000:\000\040\000A\000n\000a\000l\000y\000s\000e\000\040\000v\000a\000n\000\040\000L\000i\000n\000e\000a\000r\000i\000t\000e\000i\000t}{section.3.2}% 29
\BOOKMARK [2][-]{subsection.3.2.2}{\376\377\000O\000e\000f\000e\000n\000i\000n\000g\000\040\0003\000.\0002\000:\000\040\000A\000n\000a\000l\000y\000s\000e\000\040\000v\000a\000n\000\040\000e\000e\000n\000\040\000V\000e\000r\000t\000r\000a\000a\000g\000d\000\040\000F\000e\000e\000d\000b\000a\000c\000k\000\040\000S\000y\000s\000t\000e\000e\000m}{section.3.2}% 30
\BOOKMARK [2][-]{subsection.3.2.3}{\376\377\000O\000e\000f\000e\000n\000i\000n\000g\000\040\0003\000.\0003\000:\000\040\000M\000o\000d\000e\000l\000l\000e\000r\000i\000n\000g\000\040\000v\000a\000n\000\040\000e\000e\000n\000\040\000R\000C\000-\000K\000r\000i\000n\000g}{section.3.2}% 31
\BOOKMARK [2][-]{subsection.3.2.4}{\376\377\000O\000e\000f\000e\000n\000i\000n\000g\000\040\0003\000.\0004\000:\000\040\000S\000t\000a\000b\000i\000l\000i\000t\000e\000i\000t\000\040\000v\000a\000n\000\040\000e\000e\000n\000\040\000S\000y\000s\000t\000e\000e\000m}{section.3.2}% 32
\BOOKMARK [2][-]{subsection.3.2.5}{\376\377\000O\000e\000f\000e\000n\000i\000n\000g\000\040\0003\000.\0005\000:\000\040\000K\000w\000a\000d\000r\000a\000t\000i\000s\000c\000h\000\040\000M\000o\000d\000u\000l\000a\000t\000i\000e\000s\000y\000s\000t\000e\000e\000m}{section.3.2}% 33
\BOOKMARK [2][-]{subsection.3.2.6}{\376\377\000O\000e\000f\000e\000n\000i\000n\000g\000\040\0003\000.\0006\000:\000\040\000N\000i\000e\000t\000-\000c\000a\000u\000s\000a\000a\000l\000\040\000I\000n\000t\000e\000g\000r\000a\000t\000o\000r\000s\000y\000s\000t\000e\000e\000m}{section.3.2}% 34
\BOOKMARK [2][-]{subsection.3.2.7}{\376\377\000O\000e\000f\000e\000n\000i\000n\000g\000\040\0003\000.\0001\000:\000\040\000C\000l\000a\000s\000s\000i\000f\000i\000c\000a\000t\000i\000e\000\040\000v\000a\000n\000\040\000S\000y\000s\000t\000e\000m\000e\000n}{section.3.2}% 35
\BOOKMARK [0][-]{chapter.4}{\376\377\000B\000a\000s\000i\000s\000s\000i\000g\000n\000a\000l\000e\000n\000\040\000e\000n\000\040\000B\000e\000w\000e\000r\000k\000i\000n\000g\000e\000n}{}% 36
\BOOKMARK [1][-]{section.4.1}{\376\377\000D\000e\000\040\000B\000o\000u\000w\000s\000t\000e\000n\000e\000n\000\040\000v\000a\000n\000\040\000S\000i\000g\000n\000a\000a\000l\000a\000n\000a\000l\000y\000s\000e}{chapter.4}% 37
\BOOKMARK [2][-]{subsection.4.1.1}{\376\377\000D\000e\000\040\000E\000e\000n\000h\000e\000i\000d\000s\000s\000t\000a\000p\000\040\000u\000\050\000t\000\051}{section.4.1}% 38
\BOOKMARK [2][-]{subsection.4.1.2}{\376\377\000D\000e\000\040\000I\000m\000p\000u\000l\000s\000f\000u\000n\000c\000t\000i\000e\000\040\000d\000e\000l\000t\000a\000\050\000t\000\051}{section.4.1}% 39
\BOOKMARK [2][-]{subsection.4.1.3}{\376\377\000D\000e\000\040\000E\000x\000p\000o\000n\000e\000n\000t\000i\000\353\000l\000e\000\040\000F\000u\000n\000c\000t\000i\000e\000\040\000e\000\136\000s\000t}{section.4.1}% 40
\BOOKMARK [1][-]{section.4.2}{\376\377\000C\000o\000n\000v\000o\000l\000u\000t\000i\000e\000:\000\040\000D\000e\000\040\000K\000e\000r\000n\000o\000p\000e\000r\000a\000t\000i\000e}{chapter.4}% 41
\BOOKMARK [1][-]{section.4.3}{\376\377\000O\000e\000f\000e\000n\000i\000n\000g\000e\000n\000:\000\040\000C\000o\000n\000v\000o\000l\000u\000t\000i\000e\000\040\000e\000n\000\040\000T\000r\000a\000n\000s\000f\000o\000r\000m\000a\000t\000i\000e}{chapter.4}% 42
\BOOKMARK [2][-]{subsection.4.3.1}{\376\377\000O\000e\000f\000e\000n\000i\000n\000g\000\040\0004\000.\0001\000:\000\040\000C\000o\000n\000v\000o\000l\000u\000t\000i\000e\000\040\000v\000a\000n\000\040\000B\000l\000o\000k\000p\000u\000l\000s\000e\000n}{section.4.3}% 43
\BOOKMARK [2][-]{subsection.4.3.2}{\376\377\000O\000e\000f\000e\000n\000i\000n\000g\000\040\0004\000.\0002\000:\000\040\000S\000i\000g\000n\000a\000a\000l\000m\000a\000n\000i\000p\000u\000l\000a\000t\000i\000e}{section.4.3}% 44
\BOOKMARK [2][-]{subsection.4.3.3}{\376\377\000O\000e\000f\000e\000n\000i\000n\000g\000\040\0004\000.\0002\000b\000:\000\040\000C\000o\000n\000v\000o\000l\000u\000t\000i\000e\000\040\000v\000a\000n\000\040\000E\000x\000p\000o\000n\000e\000n\000t\000i\000\353\000l\000e\000n}{section.4.3}% 45
\BOOKMARK [2][-]{subsection.4.3.4}{\376\377\000O\000e\000f\000e\000n\000i\000n\000g\000\040\0004\000.\0003\000:\000\040\000C\000o\000n\000v\000o\000l\000u\000t\000i\000e\000\040\000m\000e\000t\000\040\000e\000e\000n\000\040\000I\000m\000p\000u\000l\000s}{section.4.3}% 46
\BOOKMARK [2][-]{subsection.4.3.5}{\376\377\000O\000e\000f\000e\000n\000i\000n\000g\000\040\0004\000.\0004\000:\000\040\000C\000o\000n\000v\000o\000l\000u\000t\000i\000e\000\040\000v\000a\000n\000\040\000S\000t\000a\000p\000\040\000e\000n\000\040\000R\000e\000c\000h\000t\000h\000o\000e\000k}{section.4.3}% 47
\BOOKMARK [2][-]{subsection.4.3.6}{\376\377\000O\000e\000f\000e\000n\000i\000n\000g\000\040\0004\000.\0005\000:\000\040\000C\000o\000n\000v\000o\000l\000u\000t\000i\000e\000\040\000v\000a\000n\000\040\000E\000x\000p\000o\000n\000e\000n\000t\000i\000e\000e\000l\000\040\000e\000n\000\040\000R\000e\000c\000h\000t\000h\000o\000e\000k}{section.4.3}% 48
\BOOKMARK [2][-]{subsection.4.3.7}{\376\377\000O\000e\000f\000e\000n\000i\000n\000g\000\040\0004\000.\0006\000:\000\040\000C\000o\000n\000v\000o\000l\000u\000t\000i\000e\000\040\000v\000a\000n\000\040\000H\000e\000l\000l\000i\000n\000g\000\040\000e\000n\000\040\000S\000t\000a\000p}{section.4.3}% 49
\BOOKMARK [2][-]{subsection.4.3.8}{\376\377\000O\000e\000f\000e\000n\000i\000n\000g\000\040\0004\000.\0001\000:\000\040\000E\000n\000e\000r\000g\000i\000e\000\040\000e\000n\000\040\000V\000e\000r\000m\000o\000g\000e\000n}{section.4.3}% 50
\BOOKMARK [0][-]{chapter.5}{\376\377\000D\000e\000\040\000L\000a\000p\000l\000a\000c\000e\000t\000r\000a\000n\000s\000f\000o\000r\000m\000a\000t\000i\000e}{}% 51
\BOOKMARK [1][-]{section.5.1}{\376\377\000V\000a\000n\000\040\000T\000i\000j\000d\000s\000d\000o\000m\000e\000i\000n\000\040\000n\000a\000a\000r\000\040\000s\000-\000D\000o\000m\000e\000i\000n}{chapter.5}% 52
\BOOKMARK [2][-]{subsection.5.1.1}{\376\377\000B\000e\000l\000a\000n\000g\000r\000i\000j\000k\000s\000t\000e\000\040\000E\000i\000g\000e\000n\000s\000c\000h\000a\000p\000p\000e\000n}{section.5.1}% 53
\BOOKMARK [1][-]{section.5.2}{\376\377\000O\000e\000f\000e\000n\000i\000n\000g\000e\000n\000:\000\040\000T\000o\000e\000p\000a\000s\000s\000i\000n\000g\000\040\000v\000a\000n\000\040\000L\000a\000p\000l\000a\000c\000e}{chapter.5}% 54
\BOOKMARK [2][-]{subsection.5.2.1}{\376\377\000O\000e\000f\000e\000n\000i\000n\000g\000\040\0005\000.\0001\000:\000\040\000T\000r\000a\000n\000s\000f\000o\000r\000m\000a\000t\000i\000e\000\040\000v\000a\000n\000\040\000B\000a\000s\000i\000s\000s\000i\000g\000n\000a\000l\000e\000n}{section.5.2}% 55
\BOOKMARK [2][-]{subsection.5.2.2}{\376\377\000O\000e\000f\000e\000n\000i\000n\000g\000\040\0005\000.\0002\000:\000\040\000O\000p\000l\000o\000s\000s\000e\000n\000\040\000v\000a\000n\000\040\000e\000e\000n\000\040\000E\000e\000r\000s\000t\000e\000-\000O\000r\000d\000e\000\040\000D\000V}{section.5.2}% 56
\BOOKMARK [2][-]{subsection.5.2.3}{\376\377\000O\000e\000f\000e\000n\000i\000n\000g\000\040\0005\000.\0003\000:\000\040\000T\000w\000e\000e\000d\000e\000-\000O\000r\000d\000e\000\040\000S\000y\000s\000t\000e\000e\000m\000\040\000m\000e\000t\000\040\000B\000e\000g\000i\000n\000v\000o\000o\000r\000w\000a\000a\000r\000d\000e\000n}{section.5.2}% 57
\BOOKMARK [2][-]{subsection.5.2.4}{\376\377\000O\000e\000f\000e\000n\000i\000n\000g\000\040\0005\000.\0004\000:\000\040\000I\000n\000v\000e\000r\000s\000e\000\040\000L\000a\000p\000l\000a\000c\000e\000\040\000m\000e\000t\000\040\000C\000o\000m\000p\000l\000e\000x\000e\000\040\000P\000o\000l\000e\000n}{section.5.2}% 58
\BOOKMARK [2][-]{subsection.5.2.5}{\376\377\000O\000e\000f\000e\000n\000i\000n\000g\000\040\0005\000.\0005\000:\000\040\000O\000p\000l\000o\000s\000s\000e\000n\000\040\000v\000a\000n\000\040\000e\000e\000n\000\040\000D\000i\000f\000f\000e\000r\000e\000n\000t\000i\000a\000a\000l\000v\000e\000r\000g\000e\000l\000i\000j\000k\000i\000n\000g}{section.5.2}% 59
\BOOKMARK [2][-]{subsection.5.2.6}{\376\377\000O\000e\000f\000e\000n\000i\000n\000g\000\040\0005\000.\0006\000:\000\040\000C\000o\000n\000v\000o\000l\000u\000t\000i\000e\000\040\000v\000i\000a\000\040\000L\000a\000p\000l\000a\000c\000e}{section.5.2}% 60
\BOOKMARK [2][-]{subsection.5.2.7}{\376\377\000O\000e\000f\000e\000n\000i\000n\000g\000\040\0005\000.\0007\000:\000\040\000R\000C\000-\000C\000i\000r\000c\000u\000i\000t\000\040\000m\000e\000t\000\040\000P\000u\000l\000s\000i\000n\000g\000a\000n\000g}{section.5.2}% 61
\BOOKMARK [2][-]{subsection.5.2.8}{\376\377\000O\000e\000f\000e\000n\000i\000n\000g\000\040\0005\000.\0008\000:\000\040\000T\000r\000a\000n\000s\000f\000e\000r\000f\000u\000n\000c\000t\000i\000e\000\040\000e\000n\000\040\000S\000t\000a\000b\000i\000l\000i\000t\000e\000i\000t}{section.5.2}% 62
\BOOKMARK [2][-]{subsection.5.2.9}{\376\377\000O\000e\000f\000e\000n\000i\000n\000g\000\040\0005\000.\0008\000:\000\040\000T\000w\000e\000e\000d\000e\000-\000O\000r\000d\000e\000\040\000M\000e\000c\000h\000a\000n\000i\000s\000c\000h\000\040\000S\000y\000s\000t\000e\000e\000m}{section.5.2}% 63
\BOOKMARK [2][-]{subsection.5.2.10}{\376\377\000O\000e\000f\000e\000n\000i\000n\000g\000\040\0005\000.\0009\000:\000\040\000B\000e\000g\000i\000n\000-\000\040\000e\000n\000\040\000E\000i\000n\000d\000w\000a\000a\000r\000d\000e\000s\000t\000e\000l\000l\000i\000n\000g}{section.5.2}% 64
\BOOKMARK [2][-]{subsection.5.2.11}{\376\377\000O\000e\000f\000e\000n\000i\000n\000g\000\040\0005\000.\0004\000:\000\040\000I\000V\000P\000\040\000m\000e\000t\000\040\000E\000x\000t\000e\000r\000n\000e\000\040\000F\000o\000r\000c\000i\000n\000g}{section.5.2}% 65
\BOOKMARK [0][-]{chapter.6}{\376\377\000D\000e\000\040\000F\000o\000u\000r\000i\000e\000r\000t\000r\000a\000n\000s\000f\000o\000r\000m\000a\000t\000i\000e}{}% 66
\BOOKMARK [1][-]{section.6.1}{\376\377\000F\000r\000e\000q\000u\000e\000n\000t\000i\000e\000-\000a\000n\000a\000l\000y\000s\000e\000\040\000v\000a\000n\000\040\000N\000i\000e\000t\000-\000P\000e\000r\000i\000o\000d\000i\000e\000k\000e\000\040\000S\000i\000g\000n\000a\000l\000e\000n}{chapter.6}% 67
\BOOKMARK [2][-]{subsection.6.1.1}{\376\377\000O\000e\000f\000e\000n\000i\000n\000g\000\040\0006\000.\0001\000:\000\040\000S\000p\000e\000c\000t\000r\000u\000m\000\040\000v\000a\000n\000\040\000e\000e\000n\000\040\000R\000e\000c\000h\000t\000h\000o\000e\000k\000p\000u\000l\000s}{section.6.1}% 68
\BOOKMARK [2][-]{subsection.6.1.2}{\376\377\000O\000e\000f\000e\000n\000i\000n\000g\000\040\0006\000.\0002\000:\000\040\000V\000e\000r\000s\000c\000h\000u\000i\000v\000i\000n\000g\000s\000e\000i\000g\000e\000n\000s\000c\000h\000a\000p}{section.6.1}% 69
\BOOKMARK [2][-]{subsection.6.1.3}{\376\377\000O\000e\000f\000e\000n\000i\000n\000g\000\040\0006\000.\0003\000:\000\040\000D\000i\000f\000f\000e\000r\000e\000n\000t\000i\000a\000t\000i\000e\000\040\000i\000n\000\040\000h\000e\000t\000\040\000F\000r\000e\000q\000u\000e\000n\000t\000i\000e\000d\000o\000m\000e\000i\000n}{section.6.1}% 70
\BOOKMARK [2][-]{subsection.6.1.4}{\376\377\000O\000e\000f\000e\000n\000i\000n\000g\000\040\0006\000.\0004\000:\000\040\000I\000m\000p\000u\000l\000s\000r\000e\000s\000p\000o\000n\000s\000\040\000v\000i\000a\000\040\000F\000o\000u\000r\000i\000e\000r}{section.6.1}% 71
\BOOKMARK [2][-]{subsection.6.1.5}{\376\377\000O\000e\000f\000e\000n\000i\000n\000g\000\040\0006\000.\0005\000:\000\040\000M\000o\000d\000u\000l\000a\000t\000i\000e\000-\000e\000i\000g\000e\000n\000s\000c\000h\000a\000p}{section.6.1}% 72
\BOOKMARK [2][-]{subsection.6.1.6}{\376\377\000O\000e\000f\000e\000n\000i\000n\000g\000\040\0006\000.\0003\000:\000\040\000T\000w\000e\000e\000z\000i\000j\000d\000i\000g\000\040\000E\000x\000p\000o\000n\000e\000n\000t\000i\000e\000e\000l\000\040\000S\000i\000g\000n\000a\000a\000l}{section.6.1}% 73
\BOOKMARK [0][-]{chapter.7}{\376\377\000D\000e\000\040\000F\000o\000u\000r\000i\000e\000r\000r\000e\000e\000k\000s}{}% 74
\BOOKMARK [1][-]{section.7.1}{\376\377\000A\000n\000a\000l\000y\000s\000e\000\040\000v\000a\000n\000\040\000P\000e\000r\000i\000o\000d\000i\000e\000k\000e\000\040\000S\000i\000g\000n\000a\000l\000e\000n}{chapter.7}% 75
\BOOKMARK [2][-]{subsection.7.1.1}{\376\377\000C\000o\000m\000p\000l\000e\000x\000e\000\040\000E\000x\000p\000o\000n\000e\000n\000t\000i\000\353\000l\000e\000\040\000V\000o\000r\000m}{section.7.1}% 76
\BOOKMARK [2][-]{subsection.7.1.2}{\376\377\000T\000r\000i\000g\000o\000n\000o\000m\000e\000t\000r\000i\000s\000c\000h\000e\000\040\000\050\000C\000a\000r\000t\000e\000s\000i\000s\000c\000h\000e\000\051\000\040\000V\000o\000r\000m}{section.7.1}% 77
\BOOKMARK [2][-]{subsection.7.1.3}{\376\377\000O\000e\000f\000e\000n\000i\000n\000g\000\040\0007\000.\0001\000:\000\040\000B\000l\000o\000k\000g\000o\000l\000f\000\040\000A\000n\000a\000l\000y\000s\000e}{section.7.1}% 78
\BOOKMARK [2][-]{subsection.7.1.4}{\376\377\000O\000e\000f\000e\000n\000i\000n\000g\000\040\0007\000.\0002\000:\000\040\000V\000e\000r\000m\000o\000g\000e\000n\000\040\000v\000a\000n\000\040\000e\000e\000n\000\040\000S\000i\000g\000n\000a\000a\000l}{section.7.1}% 79
\BOOKMARK [2][-]{subsection.7.1.5}{\376\377\000O\000e\000f\000e\000n\000i\000n\000g\000\040\0007\000.\0003\000:\000\040\000F\000o\000u\000r\000i\000e\000r\000r\000e\000e\000k\000s\000\040\000v\000a\000n\000\040\000e\000e\000n\000\040\000Z\000a\000a\000g\000t\000a\000n\000d\000g\000o\000l\000f}{section.7.1}% 80
\BOOKMARK [2][-]{subsection.7.1.6}{\376\377\000O\000e\000f\000e\000n\000i\000n\000g\000\040\0007\000.\0004\000:\000\040\000F\000o\000u\000r\000i\000e\000r\000r\000e\000e\000k\000s\000\040\000v\000a\000n\000\040\000e\000e\000n\000\040\000B\000l\000o\000k\000p\000u\000l\000s\000\040\000\050\000A\000s\000y\000m\000m\000e\000t\000r\000i\000s\000c\000h\000\051}{section.7.1}% 81
\BOOKMARK [2][-]{subsection.7.1.7}{\376\377\000O\000e\000f\000e\000n\000i\000n\000g\000\040\0007\000.\0005\000:\000\040\000H\000a\000l\000f\000g\000o\000l\000f\000-\000G\000e\000l\000i\000j\000k\000r\000i\000c\000h\000t\000e\000r}{section.7.1}% 82
\BOOKMARK [2][-]{subsection.7.1.8}{\376\377\000O\000e\000f\000e\000n\000i\000n\000g\000\040\0007\000.\0006\000:\000\040\000S\000y\000m\000m\000e\000t\000r\000i\000e\000-\000e\000i\000g\000e\000n\000s\000c\000h\000a\000p\000p\000e\000n\000\040\000e\000n\000\040\000C\000o\000n\000v\000e\000r\000g\000e\000n\000t\000i\000e}{section.7.1}% 83
\BOOKMARK [2][-]{subsection.7.1.9}{\376\377\000O\000e\000f\000e\000n\000i\000n\000g\000\040\0007\000.\0007\000:\000\040\000D\000u\000b\000b\000e\000l\000z\000i\000j\000d\000i\000g\000e\000\040\000G\000e\000l\000i\000j\000k\000r\000i\000c\000h\000t\000i\000n\000g}{section.7.1}% 84
\BOOKMARK [2][-]{subsection.7.1.10}{\376\377\000O\000e\000f\000e\000n\000i\000n\000g\000\040\0007\000.\0002\000:\000\040\000S\000i\000n\000u\000s\000g\000o\000l\000f\000\040\000m\000e\000t\000\040\000E\000n\000k\000e\000l\000v\000o\000u\000d\000i\000g\000e\000\040\000G\000e\000l\000i\000j\000k\000r\000i\000c\000h\000t\000i\000n\000g}{section.7.1}% 85
\BOOKMARK [0][-]{chapter.8}{\376\377\000L\000i\000n\000e\000a\000i\000r\000e\000\040\000T\000i\000j\000d\000s\000i\000n\000v\000a\000r\000i\000a\000n\000t\000e\000\040\000C\000o\000n\000t\000i\000n\000u\000e\000\040\000\050\000L\000T\000C\000\051\000\040\000s\000y\000s\000t\000e\000m\000e\000n}{}% 86
\BOOKMARK [1][-]{section.8.1}{\376\377\000S\000y\000s\000t\000e\000e\000m\000b\000e\000s\000c\000h\000r\000i\000j\000v\000i\000n\000g\000\040\000i\000n\000\040\000s\000-\000\040\000e\000n\000\040\000t\000-\000d\000o\000m\000e\000i\000n}{chapter.8}% 87
\BOOKMARK [1][-]{section.8.2}{\376\377\000O\000e\000f\000e\000n\000i\000n\000g\000e\000n\000:\000\040\000S\000y\000s\000t\000e\000e\000m\000a\000n\000a\000l\000y\000s\000e}{chapter.8}% 88
\BOOKMARK [2][-]{subsection.8.2.1}{\376\377\000O\000e\000f\000e\000n\000i\000n\000g\000\040\0008\000.\0001\000:\000\040\000A\000n\000a\000l\000y\000s\000e\000\040\000v\000a\000n\000\040\000I\000m\000p\000u\000l\000s\000r\000e\000s\000p\000o\000n\000s}{section.8.2}% 89
\BOOKMARK [2][-]{subsection.8.2.2}{\376\377\000O\000e\000f\000e\000n\000i\000n\000g\000\040\0008\000.\0002\000:\000\040\000N\000u\000m\000e\000r\000i\000e\000k\000e\000\040\000A\000n\000a\000l\000y\000s\000e\000\040\000v\000a\000n\000\040\000e\000e\000n\000\040\000M\000a\000s\000s\000a\000-\000V\000e\000e\000r\000-\000D\000e\000m\000p\000e\000r}{section.8.2}% 90
\BOOKMARK [2][-]{subsection.8.2.3}{\376\377\000O\000e\000f\000e\000n\000i\000n\000g\000\040\0008\000.\0003\000:\000\040\000C\000o\000n\000v\000o\000l\000u\000t\000i\000e\000\040\000m\000e\000t\000\040\000e\000e\000n\000\040\000S\000t\000a\000p\000f\000u\000n\000c\000t\000i\000e}{section.8.2}% 91
\BOOKMARK [2][-]{subsection.8.2.4}{\376\377\000O\000e\000f\000e\000n\000i\000n\000g\000\040\0008\000.\0004\000:\000\040\000F\000r\000e\000q\000u\000e\000n\000t\000i\000e\000r\000e\000s\000p\000o\000n\000s\000\040\000e\000n\000\040\000B\000o\000d\000e\000\040\000D\000i\000a\000g\000r\000a\000m}{section.8.2}% 92
\BOOKMARK [2][-]{subsection.8.2.5}{\376\377\000O\000e\000f\000e\000n\000i\000n\000g\000\040\0008\000.\0005\000:\000\040\000C\000a\000s\000c\000a\000d\000e\000\040\000S\000y\000s\000t\000e\000m\000e\000n}{section.8.2}% 93
\BOOKMARK [2][-]{subsection.8.2.6}{\376\377\000O\000e\000f\000e\000n\000i\000n\000g\000\040\0008\000.\0006\000:\000\040\000T\000w\000e\000e\000d\000e\000-\000O\000r\000d\000e\000\040\000R\000e\000s\000o\000n\000a\000n\000t\000i\000e}{section.8.2}% 94
\BOOKMARK [0][-]{chapter.9}{\376\377\000E\000i\000g\000e\000n\000w\000a\000a\000r\000d\000e\000n\000\040\000e\000n\000\040\000e\000i\000g\000e\000n\000v\000e\000c\000t\000o\000r\000e\000n}{}% 95
\BOOKMARK [1][-]{section.9.1}{\376\377\000D\000e\000\040\000T\000o\000e\000s\000t\000a\000n\000d\000s\000r\000u\000i\000m\000t\000e\000\040\000\050\000S\000t\000a\000t\000e\000-\000S\000p\000a\000c\000e\000\051\000\040\000e\000n\000\040\000E\000i\000g\000e\000n\000w\000a\000a\000r\000d\000e\000n}{chapter.9}% 96
\BOOKMARK [1][-]{section.9.2}{\376\377\000O\000e\000f\000e\000n\000i\000n\000g\000e\000n\000:\000\040\000M\000a\000t\000r\000i\000x\000a\000n\000a\000l\000y\000s\000e\000\040\000e\000n\000\040\000E\000i\000g\000e\000n\000s\000t\000r\000u\000c\000t\000u\000u\000r}{chapter.9}% 97
\BOOKMARK [2][-]{subsection.9.2.1}{\376\377\000O\000e\000f\000e\000n\000i\000n\000g\000\040\0009\000.\0001\000:\000\040\000V\000e\000r\000i\000f\000i\000c\000a\000t\000i\000e\000\040\000v\000a\000n\000\040\000E\000i\000g\000e\000n\000v\000e\000c\000t\000o\000r\000e\000n\000\040\000\050\0003\000x\0003\000\040\000M\000a\000t\000r\000i\000x\000\051}{section.9.2}% 98
\BOOKMARK [2][-]{subsection.9.2.2}{\376\377\000O\000e\000f\000e\000n\000i\000n\000g\000\040\0009\000.\0002\000:\000\040\000E\000i\000g\000e\000n\000f\000u\000n\000c\000t\000i\000e\000s\000\040\000v\000a\000n\000\040\000O\000p\000e\000r\000a\000t\000o\000r\000e\000n}{section.9.2}% 99
\BOOKMARK [1][-]{section.9.3}{\376\377\000C\000a\000s\000u\000s\000:\000\040\000M\000I\000M\000O\000\040\000S\000y\000s\000t\000e\000m\000e\000n\000\040\000\050\000G\000e\000k\000o\000p\000p\000e\000l\000d\000e\000\040\000M\000a\000s\000s\000a\000'\000s\000\051}{chapter.9}% 100
\BOOKMARK [2][-]{subsection.9.3.1}{\376\377\000O\000e\000f\000e\000n\000i\000n\000g\000\040\0009\000.\0003\000:\000\040\000G\000e\000k\000o\000p\000p\000e\000l\000d\000e\000\040\000M\000a\000s\000s\000a\000'\000s}{section.9.3}% 101
\BOOKMARK [2][-]{subsection.9.3.2}{\376\377\000O\000e\000f\000e\000n\000i\000n\000g\000\040\0009\000.\0004\000:\000\040\000E\000i\000g\000e\000n\000w\000a\000a\000r\000d\000e\000n\000\040\000e\000n\000\040\000S\000t\000a\000b\000i\000l\000i\000t\000e\000i\000t}{section.9.3}% 102
\BOOKMARK [2][-]{subsection.9.3.3}{\376\377\000O\000e\000f\000e\000n\000i\000n\000g\000\040\0009\000.\0005\000:\000\040\000V\000a\000n\000\040\000M\000e\000c\000h\000a\000n\000i\000s\000c\000h\000\040\000S\000y\000s\000t\000e\000e\000m\000\040\000n\000a\000a\000r\000\040\000T\000o\000e\000s\000t\000a\000n\000d\000s\000r\000u\000i\000m\000t\000e}{section.9.3}% 103
\BOOKMARK [2][-]{subsection.9.3.4}{\376\377\000O\000e\000f\000e\000n\000i\000n\000g\000\040\0009\000.\0006\000:\000\040\000E\000i\000g\000e\000n\000v\000e\000c\000t\000o\000r\000e\000n\000\040\000e\000n\000\040\000M\000o\000d\000a\000l\000e\000\040\000A\000n\000a\000l\000y\000s\000e}{section.9.3}% 104
\BOOKMARK [2][-]{subsection.9.3.5}{\376\377\000O\000e\000f\000e\000n\000i\000n\000g\000\040\0009\000.\0007\000:\000\040\000M\000I\000M\000O\000\040\000S\000y\000s\000t\000e\000e\000m\000\040\000\050\000G\000e\000k\000o\000p\000p\000e\000l\000d\000e\000\040\000T\000a\000n\000k\000s\000\051}{section.9.3}% 105
\BOOKMARK [2][-]{subsection.9.3.6}{\376\377\000O\000e\000f\000e\000n\000i\000n\000g\000\040\0009\000.\0008\000:\000\040\000G\000e\000k\000o\000p\000p\000e\000l\000d\000e\000\040\000W\000a\000t\000e\000r\000t\000a\000n\000k\000s\000\040\000\050\000M\000I\000M\000O\000\040\000-\000\040\000B\000i\000d\000i\000r\000e\000c\000t\000i\000o\000n\000e\000e\000l\000\051}{section.9.3}% 106
\BOOKMARK [2][-]{subsection.9.3.7}{\376\377\000O\000e\000f\000e\000n\000i\000n\000g\000\040\0009\000.\0009\000:\000\040\000M\000a\000s\000s\000a\000-\000V\000e\000e\000r\000\040\000S\000y\000s\000t\000e\000e\000m\000\040\000e\000n\000\040\000D\000e\000m\000p\000i\000n\000g}{section.9.3}% 107
\BOOKMARK [2][-]{subsection.9.3.8}{\376\377\000O\000e\000f\000e\000n\000i\000n\000g\000\040\0009\000.\0001\0000\000:\000\040\000E\000i\000g\000e\000n\000v\000e\000c\000t\000o\000r\000e\000n\000\040\000v\000a\000n\000\040\000e\000e\000n\000\040\0003\000x\0003\000\040\000M\000a\000t\000r\000i\000x}{section.9.3}% 108
\BOOKMARK [2][-]{subsection.9.3.9}{\376\377\000O\000e\000f\000e\000n\000i\000n\000g\000\040\0009\000.\0001\0001\000:\000\040\000V\000a\000n\000\040\000T\000r\000a\000n\000s\000f\000e\000r\000f\000u\000n\000c\000t\000i\000e\000\040\000n\000a\000a\000r\000\040\000S\000t\000a\000t\000e\000-\000S\000p\000a\000c\000e}{section.9.3}% 109
\BOOKMARK [2][-]{subsection.9.3.10}{\376\377\000O\000e\000f\000e\000n\000i\000n\000g\000\040\0009\000.\0001\0002\000:\000\040\000T\000i\000j\000d\000s\000d\000o\000m\000e\000i\000n\000\040\000O\000p\000l\000o\000s\000s\000i\000n\000g\000\040\000v\000a\000n\000\040\000e\000e\000n\000\040\000S\000y\000m\000m\000e\000t\000r\000i\000s\000c\000h\000\040\000M\000I\000M\000O\000\040\000S\000y\000s\000t\000e\000e\000m}{section.9.3}% 110
