This is pdfTeX, Version 3.141592653-2.6-1.40.28 (TeX Live 2025) (preloaded format=pdflatex)
 restricted \write18 enabled.
entering extended mode
(./ProductieTechnologie-Samenvatting-RubenRyckaert.tex
LaTeX2e <2025-11-01>
L3 programming layer <2025-11-14>
(c:/tools/TinyTeX/texmf-dist/tex/latex/base/report.cls
Document Class: report 2025/01/22 v1.4n Standard LaTeX document class
(c:/tools/TinyTeX/texmf-dist/tex/latex/base/size12.clo)) (c:/tools/TinyTeX/texmf-dist/tex/latex/base/inputenc.sty) (c:/tools/TinyTeX/texmf-dist/tex/generic/babel/babel.sty (c:/tools/TinyTeX/texmf-dist/tex/generic/babel/txtbabel.def) (c:/tools/TinyTeX/texmf-dist/tex/generic/babel/locale/nl/babel-dutch.tex) (c:/tools/TinyTeX/texmf-dist/tex/generic/babel-dutch/dutch.ldf

Package babel Warning: No hyphenation patterns were preloaded for
(babel)                the language 'Dutch' into the format.
(babel)                Please, configure your TeX system to add them and
(babel)                rebuild the format. Now I will use the patterns
(babel)                preloaded for \language=0 instead on input line 49.

)) (c:/tools/TinyTeX/texmf-dist/tex/latex/base/fontenc.sty) (c:/tools/TinyTeX/texmf-dist/tex/latex/base/textcomp.sty) (c:/tools/TinyTeX/texmf-dist/tex/latex/lm/lmodern.sty) (c:/tools/TinyTeX/texmf-dist/tex/latex/microtype/microtype.sty (c:/tools/TinyTeX/texmf-dist/tex/latex/graphics/keyval.sty) (c:/tools/TinyTeX/texmf-dist/tex/latex/etoolbox/etoolbox.sty) (c:/tools/TinyTeX/texmf-dist/tex/latex/microtype/microtype-pdftex.def) (c:/tools/TinyTeX/texmf-dist/tex/latex/microtype/microtype.cfg)) (c:/tools/TinyTeX/texmf-dist/tex/latex/setspace/setspace.sty) (c:/tools/TinyTeX/texmf-dist/tex/latex/amsmath/amsmath.sty
For additional information on amsmath, use the `?' option.
(c:/tools/TinyTeX/texmf-dist/tex/latex/amsmath/amstext.sty (c:/tools/TinyTeX/texmf-dist/tex/latex/amsmath/amsgen.sty)) (c:/tools/TinyTeX/texmf-dist/tex/latex/amsmath/amsbsy.sty) (c:/tools/TinyTeX/texmf-dist/tex/latex/amsmath/amsopn.sty)) (c:/tools/TinyTeX/texmf-dist/tex/latex/amsfonts/amssymb.sty (c:/tools/TinyTeX/texmf-dist/tex/latex/amsfonts/amsfonts.sty)) (c:/tools/TinyTeX/texmf-dist/tex/latex/graphics/graphicx.sty (c:/tools/TinyTeX/texmf-dist/tex/latex/graphics/graphics.sty (c:/tools/TinyTeX/texmf-dist/tex/latex/graphics/trig.sty) (c:/tools/TinyTeX/texmf-dist/tex/latex/graphics-cfg/graphics.cfg) (c:/tools/TinyTeX/texmf-dist/tex/latex/graphics-def/pdftex.def))) (c:/tools/TinyTeX/texmf-dist/tex/latex/pgf/frontendlayer/tikz.sty (c:/tools/TinyTeX/texmf-dist/tex/latex/pgf/basiclayer/pgf.sty (c:/tools/TinyTeX/texmf-dist/tex/latex/pgf/utilities/pgfrcs.sty (c:/tools/TinyTeX/texmf-dist/tex/generic/pgf/utilities/pgfutil-common.tex) (c:/tools/TinyTeX/texmf-dist/tex/generic/pgf/utilities/pgfutil-latex.def) (c:/tools/TinyTeX/texmf-dist/tex/generic/pgf/utilities/pgfrcs.code.tex (c:/tools/TinyTeX/texmf-dist/tex/generic/pgf/pgf.revision.tex))) (c:/tools/TinyTeX/texmf-dist/tex/latex/pgf/basiclayer/pgfcore.sty (c:/tools/TinyTeX/texmf-dist/tex/latex/pgf/systemlayer/pgfsys.sty (c:/tools/TinyTeX/texmf-dist/tex/generic/pgf/systemlayer/pgfsys.code.tex (c:/tools/TinyTeX/texmf-dist/tex/generic/pgf/utilities/pgfkeys.code.tex (c:/tools/TinyTeX/texmf-dist/tex/generic/pgf/utilities/pgfkeyslibraryfiltered.code.tex)) (c:/tools/TinyTeX/texmf-dist/tex/generic/pgf/systemlayer/pgf.cfg) (c:/tools/TinyTeX/texmf-dist/tex/generic/pgf/systemlayer/pgfsys-pdftex.def (c:/tools/TinyTeX/texmf-dist/tex/generic/pgf/systemlayer/pgfsys-common-pdf.def))) (c:/tools/TinyTeX/texmf-dist/tex/generic/pgf/systemlayer/pgfsyssoftpath.code.tex) (c:/tools/TinyTeX/texmf-dist/tex/generic/pgf/systemlayer/pgfsysprotocol.code.tex)) (c:/tools/TinyTeX/texmf-dist/tex/latex/xcolor/xcolor.sty (c:/tools/TinyTeX/texmf-dist/tex/latex/graphics-cfg/color.cfg) (c:/tools/TinyTeX/texmf-dist/tex/latex/graphics/mathcolor.ltx)) (c:/tools/TinyTeX/texmf-dist/tex/generic/pgf/basiclayer/pgfcore.code.tex (c:/tools/TinyTeX/texmf-dist/tex/generic/pgf/math/pgfmath.code.tex (c:/tools/TinyTeX/texmf-dist/tex/generic/pgf/math/pgfmathutil.code.tex) (c:/tools/TinyTeX/texmf-dist/tex/generic/pgf/math/pgfmathparser.code.tex) (c:/tools/TinyTeX/texmf-dist/tex/generic/pgf/math/pgfmathfunctions.code.tex) (c:/tools/TinyTeX/texmf-dist/tex/generic/pgf/math/pgfmathfunctions.basic.code.tex) (c:/tools/TinyTeX/texmf-dist/tex/generic/pgf/math/pgfmathfunctions.trigonometric.code.tex) (c:/tools/TinyTeX/texmf-dist/tex/generic/pgf/math/pgfmathfunctions.random.code.tex) (c:/tools/TinyTeX/texmf-dist/tex/generic/pgf/math/pgfmathfunctions.comparison.code.tex) (c:/tools/TinyTeX/texmf-dist/tex/generic/pgf/math/pgfmathfunctions.base.code.tex) (c:/tools/TinyTeX/texmf-dist/tex/generic/pgf/math/pgfmathfunctions.round.code.tex) (c:/tools/TinyTeX/texmf-dist/tex/generic/pgf/math/pgfmathfunctions.misc.code.tex) (c:/tools/TinyTeX/texmf-dist/tex/generic/pgf/math/pgfmathfunctions.integerarithmetics.code.tex) (c:/tools/TinyTeX/texmf-dist/tex/generic/pgf/math/pgfmathcalc.code.tex) (c:/tools/TinyTeX/texmf-dist/tex/generic/pgf/math/pgfmathfloat.code.tex)) (c:/tools/TinyTeX/texmf-dist/tex/generic/pgf/math/pgfint.code.tex) (c:/tools/TinyTeX/texmf-dist/tex/generic/pgf/basiclayer/pgfcorepoints.code.tex) (c:/tools/TinyTeX/texmf-dist/tex/generic/pgf/basiclayer/pgfcorepathconstruct.code.tex) (c:/tools/TinyTeX/texmf-dist/tex/generic/pgf/basiclayer/pgfcorepathusage.code.tex) (c:/tools/TinyTeX/texmf-dist/tex/generic/pgf/basiclayer/pgfcorescopes.code.tex) (c:/tools/TinyTeX/texmf-dist/tex/generic/pgf/basiclayer/pgfcoregraphicstate.code.tex) (c:/tools/TinyTeX/texmf-dist/tex/generic/pgf/basiclayer/pgfcoretransformations.code.tex) (c:/tools/TinyTeX/texmf-dist/tex/generic/pgf/basiclayer/pgfcorequick.code.tex) (c:/tools/TinyTeX/texmf-dist/tex/generic/pgf/basiclayer/pgfcoreobjects.code.tex) (c:/tools/TinyTeX/texmf-dist/tex/generic/pgf/basiclayer/pgfcorepathprocessing.code.tex) (c:/tools/TinyTeX/texmf-dist/tex/generic/pgf/basiclayer/pgfcorearrows.code.tex) (c:/tools/TinyTeX/texmf-dist/tex/generic/pgf/basiclayer/pgfcoreshade.code.tex) (c:/tools/TinyTeX/texmf-dist/tex/generic/pgf/basiclayer/pgfcoreimage.code.tex) (c:/tools/TinyTeX/texmf-dist/tex/generic/pgf/basiclayer/pgfcoreexternal.code.tex) (c:/tools/TinyTeX/texmf-dist/tex/generic/pgf/basiclayer/pgfcorelayers.code.tex) (c:/tools/TinyTeX/texmf-dist/tex/generic/pgf/basiclayer/pgfcoretransparency.code.tex) (c:/tools/TinyTeX/texmf-dist/tex/generic/pgf/basiclayer/pgfcorepatterns.code.tex) (c:/tools/TinyTeX/texmf-dist/tex/generic/pgf/basiclayer/pgfcorerdf.code.tex))) (c:/tools/TinyTeX/texmf-dist/tex/generic/pgf/modules/pgfmoduleshapes.code.tex) (c:/tools/TinyTeX/texmf-dist/tex/generic/pgf/modules/pgfmoduleplot.code.tex) (c:/tools/TinyTeX/texmf-dist/tex/latex/pgf/compatibility/pgfcomp-version-0-65.sty) (c:/tools/TinyTeX/texmf-dist/tex/latex/pgf/compatibility/pgfcomp-version-1-18.sty)) (c:/tools/TinyTeX/texmf-dist/tex/latex/pgf/utilities/pgffor.sty (c:/tools/TinyTeX/texmf-dist/tex/latex/pgf/utilities/pgfkeys.sty (c:/tools/TinyTeX/texmf-dist/tex/generic/pgf/utilities/pgfkeys.code.tex)) (c:/tools/TinyTeX/texmf-dist/tex/latex/pgf/math/pgfmath.sty (c:/tools/TinyTeX/texmf-dist/tex/generic/pgf/math/pgfmath.code.tex)) (c:/tools/TinyTeX/texmf-dist/tex/generic/pgf/utilities/pgffor.code.tex)) (c:/tools/TinyTeX/texmf-dist/tex/generic/pgf/frontendlayer/tikz/tikz.code.tex (c:/tools/TinyTeX/texmf-dist/tex/generic/pgf/libraries/pgflibraryplothandlers.code.tex) (c:/tools/TinyTeX/texmf-dist/tex/generic/pgf/modules/pgfmodulematrix.code.tex) (c:/tools/TinyTeX/texmf-dist/tex/generic/pgf/frontendlayer/tikz/libraries/tikzlibrarytopaths.code.tex))) (c:/tools/TinyTeX/texmf-dist/tex/generic/pgf/frontendlayer/tikz/libraries/tikzlibrarycalc.code.tex) (c:/tools/TinyTeX/texmf-dist/tex/generic/pgf/libraries/pgflibraryarrows.meta.code.tex) (c:/tools/TinyTeX/texmf-dist/tex/generic/pgf/frontendlayer/tikz/libraries/tikzlibrarypositioning.code.tex) (c:/tools/TinyTeX/texmf-dist/tex/generic/pgf/frontendlayer/tikz/libraries/tikzlibrarypatterns.code.tex (c:/tools/TinyTeX/texmf-dist/tex/generic/pgf/libraries/pgflibrarypatterns.code.tex)) (c:/tools/TinyTeX/texmf-dist/tex/generic/pgf/frontendlayer/tikz/libraries/tikzlibraryangles.code.tex) (c:/tools/TinyTeX/texmf-dist/tex/generic/pgf/frontendlayer/tikz/libraries/tikzlibraryquotes.code.tex) (c:/tools/TinyTeX/texmf-dist/tex/generic/pgf/frontendlayer/tikz/libraries/tikzlibrarybabel.code.tex) (c:/tools/TinyTeX/texmf-dist/tex/generic/pgf/frontendlayer/tikz/libraries/tikzlibrarydecorations.pathmorphing.code.tex (c:/tools/TinyTeX/texmf-dist/tex/generic/pgf/frontendlayer/tikz/libraries/tikzlibrarydecorations.code.tex (c:/tools/TinyTeX/texmf-dist/tex/generic/pgf/modules/pgfmoduledecorations.code.tex)) (c:/tools/TinyTeX/texmf-dist/tex/generic/pgf/libraries/decorations/pgflibrarydecorations.pathmorphing.code.tex)) (c:/tools/TinyTeX/texmf-dist/tex/generic/pgf/frontendlayer/tikz/libraries/tikzlibraryshapes.geometric.code.tex (c:/tools/TinyTeX/texmf-dist/tex/generic/pgf/libraries/shapes/pgflibraryshapes.geometric.code.tex)) (c:/tools/TinyTeX/texmf-dist/tex/generic/pgf/frontendlayer/tikz/libraries/tikzlibraryshapes.misc.code.tex (c:/tools/TinyTeX/texmf-dist/tex/generic/pgf/libraries/shapes/pgflibraryshapes.misc.code.tex)) (c:/tools/TinyTeX/texmf-dist/tex/latex/fancyhdr/fancyhdr.sty) (c:/tools/TinyTeX/texmf-dist/tex/latex/tcolorbox/tcolorbox.sty (c:/tools/TinyTeX/texmf-dist/tex/latex/tools/verbatim.sty) (c:/tools/TinyTeX/texmf-dist/tex/latex/environ/environ.sty (c:/tools/TinyTeX/texmf-dist/tex/latex/trimspaces/trimspaces.sty))) (c:/tools/TinyTeX/texmf-dist/tex/latex/float/float.sty) (c:/tools/TinyTeX/texmf-dist/tex/latex/geometry/geometry.sty (c:/tools/TinyTeX/texmf-dist/tex/generic/iftex/ifvtex.sty (c:/tools/TinyTeX/texmf-dist/tex/generic/iftex/iftex.sty))) (c:/tools/TinyTeX/texmf-dist/tex/latex/hyperref/hyperref.sty (c:/tools/TinyTeX/texmf-dist/tex/latex/kvsetkeys/kvsetkeys.sty) (c:/tools/TinyTeX/texmf-dist/tex/generic/kvdefinekeys/kvdefinekeys.sty) (c:/tools/TinyTeX/texmf-dist/tex/generic/pdfescape/pdfescape.sty (c:/tools/TinyTeX/texmf-dist/tex/generic/ltxcmds/ltxcmds.sty) (c:/tools/TinyTeX/texmf-dist/tex/generic/pdftexcmds/pdftexcmds.sty (c:/tools/TinyTeX/texmf-dist/tex/generic/infwarerr/infwarerr.sty))) (c:/tools/TinyTeX/texmf-dist/tex/latex/hycolor/hycolor.sty) (c:/tools/TinyTeX/texmf-dist/tex/latex/hyperref/nameref.sty (c:/tools/TinyTeX/texmf-dist/tex/latex/refcount/refcount.sty) (c:/tools/TinyTeX/texmf-dist/tex/generic/gettitlestring/gettitlestring.sty (c:/tools/TinyTeX/texmf-dist/tex/latex/kvoptions/kvoptions.sty))) (c:/tools/TinyTeX/texmf-dist/tex/generic/stringenc/stringenc.sty) (c:/tools/TinyTeX/texmf-dist/tex/latex/hyperref/pd1enc.def) (c:/tools/TinyTeX/texmf-dist/tex/generic/intcalc/intcalc.sty) (c:/tools/TinyTeX/texmf-dist/tex/latex/hyperref/puenc.def) (c:/tools/TinyTeX/texmf-dist/tex/latex/url/url.sty) (c:/tools/TinyTeX/texmf-dist/tex/generic/bitset/bitset.sty (c:/tools/TinyTeX/texmf-dist/tex/generic/bigintcalc/bigintcalc.sty))) (c:/tools/TinyTeX/texmf-dist/tex/latex/hyperref/hpdftex.def (c:/tools/TinyTeX/texmf-dist/tex/latex/rerunfilecheck/rerunfilecheck.sty (c:/tools/TinyTeX/texmf-dist/tex/generic/uniquecounter/uniquecounter.sty))) (c:/tools/TinyTeX/texmf-dist/tex/latex/bookmark/bookmark.sty (c:/tools/TinyTeX/texmf-dist/tex/latex/bookmark/bkm-pdftex.def)) (c:/tools/TinyTeX/texmf-dist/tex/latex/caption/caption.sty (c:/tools/TinyTeX/texmf-dist/tex/latex/caption/caption3.sty)) (c:/tools/TinyTeX/texmf-dist/tex/latex/enumitem/enumitem.sty) (c:/tools/TinyTeX/texmf-dist/tex/latex/mhchem/mhchem.sty (c:/tools/TinyTeX/texmf-dist/tex/latex/l3kernel/expl3.sty (c:/tools/TinyTeX/texmf-dist/tex/latex/l3backend/l3backend-pdftex.def)) (c:/tools/TinyTeX/texmf-dist/tex/latex/l3packages/l3keys2e/l3keys2e.sty)
(c:/tools/TinyTeX/texmf-dist/tex/latex/tools/calc.sty) (c:/tools/TinyTeX/texmf-dist/tex/latex/chemgreek/chemgreek.sty (c:/tools/TinyTeX/texmf-dist/tex/latex/l3packages/xparse/xparse.sty))) (./productie-macros.sty

LaTeX Warning: You have requested package `./productie-macros',
               but the package provides `productie-macros'.


LaTeX Warning: You have requested package `./productie-macros',
               but the package provides `productie-macros'.

(c:/tools/TinyTeX/texmf-dist/tex/generic/xstring/xstring.sty (c:/tools/TinyTeX/texmf-dist/tex/generic/xstring/xstring.tex))) (c:/tools/TinyTeX/texmf-dist/tex/latex/siunitx/siunitx.sty (c:/tools/TinyTeX/texmf-dist/tex/latex/tools/array.sty)) (c:/tools/TinyTeX/texmf-dist/tex/latex/booktabs/booktabs.sty) (c:/tools/TinyTeX/texmf-dist/tex/latex/tools/tabularx.sty) (c:/tools/TinyTeX/texmf-dist/tex/latex/caption/subcaption.sty) (c:/tools/TinyTeX/texmf-dist/tex/latex/cleveref/cleveref.sty)
==> First Aid for cleveref.sty applied!
(c:/tools/TinyTeX/texmf-dist/tex/latex/titlesec/titlesec.sty) (c:/tools/TinyTeX/texmf-dist/tex/latex/placeins/placeins.sty) (c:/tools/TinyTeX/texmf-dist/tex/latex/base/flafter.sty) (c:/tools/TinyTeX/texmf-dist/tex/latex/lm/t1lmr.fd) (./ProductieTechnologie-Samenvatting-RubenRyckaert.aux) (c:/tools/TinyTeX/texmf-dist/tex/latex/microtype/mt-cmr.cfg) (c:/tools/TinyTeX/texmf-dist/tex/latex/epstopdf-pkg/epstopdf-base.sty (c:/tools/TinyTeX/texmf-dist/tex/latex/latexconfig/epstopdf-sys.cfg))
*geometry* driver: auto-detecting
*geometry* detected driver: pdftex

Package productie-macros Warning: If you see ``No hyphenation patterns were preloaded for the language "Dutch"'' please install Dutch hyphenation patterns and rebuild your TeX format (e.g., using tlmgr). on input line 162.

(c:/tools/TinyTeX/texmf-dist/tex/latex/lm/ot1lmr.fd) (c:/tools/TinyTeX/texmf-dist/tex/latex/lm/omllmm.fd) (c:/tools/TinyTeX/texmf-dist/tex/latex/lm/omslmsy.fd) (c:/tools/TinyTeX/texmf-dist/tex/latex/lm/omxlmex.fd) (c:/tools/TinyTeX/texmf-dist/tex/latex/amsfonts/umsa.fd) (c:/tools/TinyTeX/texmf-dist/tex/latex/microtype/mt-msa.cfg) (c:/tools/TinyTeX/texmf-dist/tex/latex/amsfonts/umsb.fd) (c:/tools/TinyTeX/texmf-dist/tex/latex/microtype/mt-msb.cfg) [1{c:/tools/TinyTeX/texmf-var/fonts/map/pdftex/updmap/pdftex.map}{c:/tools/TinyTeX/texmf-dist/fonts/enc/dvips/lm/lm-ec.enc}] (./ProductieTechnologie-Samenvatting-RubenRyckaert.toc [2{c:/tools/TinyTeX/texmf-dist/fonts/enc/dvips/lm/lm-mathit.enc}] [3] [4]) [5{c:/tools/TinyTeX/texmf-dist/fonts/enc/dvips/lm/lm-rm.enc}{c:/tools/TinyTeX/texmf-dist/fonts/enc/dvips/lm/lm-mathsy.enc}] [6] [7{c:/tools/TinyTeX/texmf-dist/fonts/enc/dvips/lm/lm-mathex.enc}]
Hoofdstuk 1.
(c:/tools/TinyTeX/texmf-dist/tex/latex/lm/ts1lmr.fd)

Package microtype Warning: I cannot find a spacing list for font
(microtype)                `TS1/lmr/m/n/12' (context: `nonfrench'). Switching off
(microtype)                spacing for this font on input line 188.

[8{c:/tools/TinyTeX/texmf-dist/fonts/enc/dvips/lm/lm-ts1.enc}] [9 <./straalbewerkingen.png>] [10 <./image1.png> <./image2.png> <./image3.png> <./image5.png>]
Hoofdstuk 2.
[11 <./image6.png> <./image7.png> <./image9.png>]
Hoofdstuk 3.
[12] [13 <./image10.png> <./image11.png>]

LaTeX Warning: Command \textdegree invalid in math mode on input line 431.


LaTeX Warning: Command \textdegree invalid in math mode on input line 431.


LaTeX Warning: Command \textdegree invalid in math mode on input line 431.


LaTeX Warning: Command \textdegree invalid in math mode on input line 431.


LaTeX Warning: Command \textdegree invalid in math mode on input line 431.


LaTeX Warning: Command \textdegree invalid in math mode on input line 431.


LaTeX Warning: Command \textdegree invalid in math mode on input line 431.


LaTeX Warning: Command \textdegree invalid in math mode on input line 431.

[14 <./image20.png>] [15 <./image12.png> <./image14.png>] [16 <./image15.png> <./image16.png>] [17 <./image17.png>] [18 <./image21.png>] [19 <./image18.png>] [20 <./image23.png> <./image22.png>] [21 <./image24.png> <./image25.png>] [22 <./image26.png> <./image27.png>]

LaTeX Warning: Reference `chap:Verspanen_Draaien' on page 23 undefined on input line 727.

Hoofdstuk 4.
[23 <./image28.png>] [24 <./image29.png> <./image30.png>] [25 <./image31.png>] [26] [27 <./image32.png>]
Underfull \hbox (badness 1460) in paragraph at lines 883--884
[]\T1/lmr/bx/n/12 (+10) Snedediepte $\OML/lmm/m/it/12 a$\T1/lmr/m/n/12 (+10) : Een grotere snedediepte ver-g-root door-gaans $\OML/lmm/m/it/12 b$ \T1/lmr/m/n/12 (+10) en ver-hoogt de
[28 <./image33.png>] [29 <./image34.png> <./image35.png> <./image36.png>]
Underfull \hbox (badness 10000) in paragraph at lines 970--973

[30 <./image37.png> <./image38.png>]
Underfull \hbox (badness 10000) in paragraph at lines 992--995

Hoofdstuk 5.
[31 <./image39.png> <./image40.png>] [32 <./image41.png> <./image42.png>] [33 <./image43.png>] [34] [35]
Underfull \hbox (badness 10000) in paragraph at lines 1302--1307

[36] [37]
Hoofdstuk 6.
[38 <./image44.png>]
Underfull \hbox (badness 10000) in paragraph at lines 1475--1483

[39 <./image45.png>]
Underfull \hbox (badness 10000) in paragraph at lines 1554--1559

[40 <./image46.png>] [41 <./47.png>]
Underfull \hbox (badness 10000) in paragraph at lines 1614--1614
[]|\T1/lmr/m/n/12 (+10) Geen com-pen-satie nodig;

Underfull \hbox (badness 10000) in paragraph at lines 1614--1614
[]|\T1/lmr/m/n/12 (+10) Spelingcompensatie on-mis-

Underfull \hbox (badness 2970) in paragraph at lines 1614--1614
[]|\T1/lmr/m/n/12 (+10) Stijgt gelei-delijk ti-j-dens in-

Underfull \hbox (badness 10000) in paragraph at lines 1614--1614
[]|\T1/lmr/m/n/12 (+10) Werkstuk wordt 'in klem'
[42 <./image48.png>]
Hoofdstuk 7.
[43 <./image49.png>]
Underfull \hbox (badness 10000) in paragraph at lines 1679--1682

[44 <./image56.png>]

Package microtype Warning: I cannot find a spacing list for font
(microtype)                `TS1/lmr/bx/n/12' (context: `nonfrench'). Switching off
(microtype)                spacing for this font on input line 1775.

[45 <./image57.png>] [46 <./image58.png>] [47 <./image59.png>]
Hoofdstuk 8.

Underfull \hbox (badness 10000) in paragraph at lines 1900--1902


Underfull \hbox (badness 10000) in paragraph at lines 1910--1913

[48]
Underfull \hbox (badness 10000) in paragraph at lines 1948--1952

[49 <./image50.png>]
Overfull \hbox (536.34938pt too wide) in paragraph at lines 1968--1972
[] 

Underfull \hbox (badness 10000) in paragraph at lines 1974--1979

[50 <./image51.png>]
Underfull \hbox (badness 10000) in paragraph at lines 2022--2025

[51 <./image52.png>] [52 <./image53.png> <./image54.png>]
Hoofdstuk 9.
[53 <./image55.png> <./image60.png>] [54] [55 <./image61.png> <./image62.png>] [56 <./image63.png> <./image64.png>] [57 <./image65.png> <./image66.png>]
Underfull \hbox (badness 10000) in paragraph at lines 2335--2337


Underfull \hbox (badness 10000) in paragraph at lines 2338--2347

[58 <./image67.png> <./image68.png> <./image69.png>]
Underfull \hbox (badness 10000) in paragraph at lines 2348--2350


Underfull \hbox (badness 10000) in paragraph at lines 2379--2396

[59] [60 <./image70.png>]
Underfull \hbox (badness 10000) in paragraph at lines 2435--2440

[61 <./image71.png> <./.png> <./image72.png>]
Underfull \hbox (badness 10000) in paragraph at lines 2498--2503

[62]
Underfull \hbox (badness 10000) in paragraph at lines 2535--2537

[63 <./image75.png>] [64 <./image73.png> <./image74.png>]
Underfull \hbox (badness 10000) in paragraph at lines 2596--2602


Underfull \hbox (badness 10000) in paragraph at lines 2628--2628
[]|\T1/lmr/m/n/12 (+10) Laserstraalbewerking

Underfull \hbox (badness 10000) in paragraph at lines 2628--2628
[]|\T1/lmr/m/n/12 (+10) Elektronenstraalbewerking

Underfull \hbox (badness 10000) in paragraph at lines 2628--2628
[]|\T1/lmr/m/n/12 (+10) Ruw sni-j-den van dikke
[65]
Underfull \hbox (badness 10000) in paragraph at lines 2670--2672

[66 <./image76.png>] [67 <./image77.png>]
Underfull \hbox (badness 10000) in paragraph at lines 2760--2766


Underfull \hbox (badness 10000) in paragraph at lines 2776--2779

[68 <./Type_lasers.png> <./Reflecteren in functie van de golflengte.png>] [69 <./Absorptie van polycarbonaat.png> <./Kwaliteit laserstraal.png>] [70] [71 <./Laserfocussen.png>] [72 <./NC-lasers.png> <./Kleinefiguurdoorlasersnijden.png>]
Hoofdstuk 10.

Underfull \hbox (badness 10000) in paragraph at lines 2915--2919


Underfull \hbox (badness 10000) in paragraph at lines 2920--2924


Underfull \hbox (badness 10000) in paragraph at lines 2924--2929

[73]
Underfull \hbox (badness 10000) in paragraph at lines 2942--2946

[74 <./Kracht-wegdiagram van Ponsen.png> <./Het Ponsprocess.png> <./image80.png>] [75 <./snijspleetbelang.png>] [76 <./Schuifspanningen bij Ponsen.png>] [77 <./Fijnsnijden.png>]
Underfull \hbox (badness 10000) in paragraph at lines 3082--3084

[78 <./Ruw oppervlakte Knappelen.png>] [79]
Hoofdstuk 11.
Hoofdstuk 12.
Hoofdstuk 13.
[80]
Hoofdstuk 14.
[81] [82] (./ProductieTechnologie-Samenvatting-RubenRyckaert.aux)

LaTeX Warning: There were undefined references.

 )
(see the transcript file for additional information)<c:/tools/TinyTeX/texmf-dist/fonts/type1/public/lm/lmbx10.pfb><c:/tools/TinyTeX/texmf-dist/fonts/type1/public/lm/lmbx12.pfb><c:/tools/TinyTeX/texmf-dist/fonts/type1/public/lm/lmbx8.pfb><c:/tools/TinyTeX/texmf-dist/fonts/type1/public/lm/lmex10.pfb><c:/tools/TinyTeX/texmf-dist/fonts/type1/public/lm/lmmi10.pfb><c:/tools/TinyTeX/texmf-dist/fonts/type1/public/lm/lmmi12.pfb><c:/tools/TinyTeX/texmf-dist/fonts/type1/public/lm/lmmi6.pfb><c:/tools/TinyTeX/texmf-dist/fonts/type1/public/lm/lmmi7.pfb><c:/tools/TinyTeX/texmf-dist/fonts/type1/public/lm/lmmi8.pfb><c:/tools/TinyTeX/texmf-dist/fonts/type1/public/lm/lmr10.pfb><c:/tools/TinyTeX/texmf-dist/fonts/type1/public/lm/lmr12.pfb><c:/tools/TinyTeX/texmf-dist/fonts/type1/public/lm/lmr17.pfb><c:/tools/TinyTeX/texmf-dist/fonts/type1/public/lm/lmr6.pfb><c:/tools/TinyTeX/texmf-dist/fonts/type1/public/lm/lmr7.pfb><c:/tools/TinyTeX/texmf-dist/fonts/type1/public/lm/lmr8.pfb><c:/tools/TinyTeX/texmf-dist/fonts/type1/public/lm/lmri10.pfb><c:/tools/TinyTeX/texmf-dist/fonts/type1/public/lm/lmri12.pfb><c:/tools/TinyTeX/texmf-dist/fonts/type1/public/lm/lmri7.pfb><c:/tools/TinyTeX/texmf-dist/fonts/type1/public/lm/lmsy10.pfb><c:/tools/TinyTeX/texmf-dist/fonts/type1/public/lm/lmsy6.pfb><c:/tools/TinyTeX/texmf-dist/fonts/type1/public/lm/lmsy8.pfb>
Output written on ProductieTechnologie-Samenvatting-RubenRyckaert.pdf (82 pages, 9259732 bytes).
Transcript written on ProductieTechnologie-Samenvatting-RubenRyckaert.log.
