This is pdfTeX, Version 3.141592653-2.6-1.40.28 (TeX Live 2025) (preloaded format=pdflatex)
 restricted \write18 enabled.
entering extended mode
(./ProductieTechnologie-Samenvatting-RubenRyckaert.tex
LaTeX2e <2025-11-01>
L3 programming layer <2025-11-14>
(c:/tools/TinyTeX/texmf-dist/tex/latex/base/report.cls
Document Class: report 2025/01/22 v1.4n Standard LaTeX document class
(c:/tools/TinyTeX/texmf-dist/tex/latex/base/size12.clo)) (c:/tools/TinyTeX/texmf-dist/tex/latex/base/inputenc.sty) (c:/tools/TinyTeX/texmf-dist/tex/generic/babel/babel.sty (c:/tools/TinyTeX/texmf-dist/tex/generic/babel/txtbabel.def) (c:/tools/TinyTeX/texmf-dist/tex/generic/babel/locale/nl/babel-dutch.tex) (c:/tools/TinyTeX/texmf-dist/tex/generic/babel-dutch/dutch.ldf

Package babel Warning: No hyphenation patterns were preloaded for
(babel)                the language 'Dutch' into the format.
(babel)                Please, configure your TeX system to add them and
(babel)                rebuild the format. Now I will use the patterns
(babel)                preloaded for \language=0 instead on input line 49.

)) (c:/tools/TinyTeX/texmf-dist/tex/latex/base/fontenc.sty) (c:/tools/TinyTeX/texmf-dist/tex/latex/base/textcomp.sty) (c:/tools/TinyTeX/texmf-dist/tex/latex/lm/lmodern.sty) (c:/tools/TinyTeX/texmf-dist/tex/latex/microtype/microtype.sty (c:/tools/TinyTeX/texmf-dist/tex/latex/graphics/keyval.sty) (c:/tools/TinyTeX/texmf-dist/tex/latex/etoolbox/etoolbox.sty) (c:/tools/TinyTeX/texmf-dist/tex/latex/microtype/microtype-pdftex.def) (c:/tools/TinyTeX/texmf-dist/tex/latex/microtype/microtype.cfg)) (c:/tools/TinyTeX/texmf-dist/tex/latex/setspace/setspace.sty) (c:/tools/TinyTeX/texmf-dist/tex/latex/amsmath/amsmath.sty
For additional information on amsmath, use the `?' option.
(c:/tools/TinyTeX/texmf-dist/tex/latex/amsmath/amstext.sty (c:/tools/TinyTeX/texmf-dist/tex/latex/amsmath/amsgen.sty)) (c:/tools/TinyTeX/texmf-dist/tex/latex/amsmath/amsbsy.sty) (c:/tools/TinyTeX/texmf-dist/tex/latex/amsmath/amsopn.sty)) (c:/tools/TinyTeX/texmf-dist/tex/latex/amsfonts/amssymb.sty (c:/tools/TinyTeX/texmf-dist/tex/latex/amsfonts/amsfonts.sty)) (c:/tools/TinyTeX/texmf-dist/tex/latex/graphics/graphicx.sty (c:/tools/TinyTeX/texmf-dist/tex/latex/graphics/graphics.sty (c:/tools/TinyTeX/texmf-dist/tex/latex/graphics/trig.sty) (c:/tools/TinyTeX/texmf-dist/tex/latex/graphics-cfg/graphics.cfg) (c:/tools/TinyTeX/texmf-dist/tex/latex/graphics-def/pdftex.def))) (c:/tools/TinyTeX/texmf-dist/tex/latex/pgf/frontendlayer/tikz.sty (c:/tools/TinyTeX/texmf-dist/tex/latex/pgf/basiclayer/pgf.sty (c:/tools/TinyTeX/texmf-dist/tex/latex/pgf/utilities/pgfrcs.sty (c:/tools/TinyTeX/texmf-dist/tex/generic/pgf/utilities/pgfutil-common.tex) (c:/tools/TinyTeX/texmf-dist/tex/generic/pgf/utilities/pgfutil-latex.def) (c:/tools/TinyTeX/texmf-dist/tex/generic/pgf/utilities/pgfrcs.code.tex (c:/tools/TinyTeX/texmf-dist/tex/generic/pgf/pgf.revision.tex))) (c:/tools/TinyTeX/texmf-dist/tex/latex/pgf/basiclayer/pgfcore.sty (c:/tools/TinyTeX/texmf-dist/tex/latex/pgf/systemlayer/pgfsys.sty (c:/tools/TinyTeX/texmf-dist/tex/generic/pgf/systemlayer/pgfsys.code.tex (c:/tools/TinyTeX/texmf-dist/tex/generic/pgf/utilities/pgfkeys.code.tex (c:/tools/TinyTeX/texmf-dist/tex/generic/pgf/utilities/pgfkeyslibraryfiltered.code.tex)) (c:/tools/TinyTeX/texmf-dist/tex/generic/pgf/systemlayer/pgf.cfg) (c:/tools/TinyTeX/texmf-dist/tex/generic/pgf/systemlayer/pgfsys-pdftex.def (c:/tools/TinyTeX/texmf-dist/tex/generic/pgf/systemlayer/pgfsys-common-pdf.def))) (c:/tools/TinyTeX/texmf-dist/tex/generic/pgf/systemlayer/pgfsyssoftpath.code.tex) (c:/tools/TinyTeX/texmf-dist/tex/generic/pgf/systemlayer/pgfsysprotocol.code.tex)) (c:/tools/TinyTeX/texmf-dist/tex/latex/xcolor/xcolor.sty (c:/tools/TinyTeX/texmf-dist/tex/latex/graphics-cfg/color.cfg) (c:/tools/TinyTeX/texmf-dist/tex/latex/graphics/mathcolor.ltx)) (c:/tools/TinyTeX/texmf-dist/tex/generic/pgf/basiclayer/pgfcore.code.tex (c:/tools/TinyTeX/texmf-dist/tex/generic/pgf/math/pgfmath.code.tex (c:/tools/TinyTeX/texmf-dist/tex/generic/pgf/math/pgfmathutil.code.tex) (c:/tools/TinyTeX/texmf-dist/tex/generic/pgf/math/pgfmathparser.code.tex) (c:/tools/TinyTeX/texmf-dist/tex/generic/pgf/math/pgfmathfunctions.code.tex) (c:/tools/TinyTeX/texmf-dist/tex/generic/pgf/math/pgfmathfunctions.basic.code.tex) (c:/tools/TinyTeX/texmf-dist/tex/generic/pgf/math/pgfmathfunctions.trigonometric.code.tex) (c:/tools/TinyTeX/texmf-dist/tex/generic/pgf/math/pgfmathfunctions.random.code.tex) (c:/tools/TinyTeX/texmf-dist/tex/generic/pgf/math/pgfmathfunctions.comparison.code.tex) (c:/tools/TinyTeX/texmf-dist/tex/generic/pgf/math/pgfmathfunctions.base.code.tex) (c:/tools/TinyTeX/texmf-dist/tex/generic/pgf/math/pgfmathfunctions.round.code.tex) (c:/tools/TinyTeX/texmf-dist/tex/generic/pgf/math/pgfmathfunctions.misc.code.tex) (c:/tools/TinyTeX/texmf-dist/tex/generic/pgf/math/pgfmathfunctions.integerarithmetics.code.tex) (c:/tools/TinyTeX/texmf-dist/tex/generic/pgf/math/pgfmathcalc.code.tex) (c:/tools/TinyTeX/texmf-dist/tex/generic/pgf/math/pgfmathfloat.code.tex)) (c:/tools/TinyTeX/texmf-dist/tex/generic/pgf/math/pgfint.code.tex) (c:/tools/TinyTeX/texmf-dist/tex/generic/pgf/basiclayer/pgfcorepoints.code.tex) (c:/tools/TinyTeX/texmf-dist/tex/generic/pgf/basiclayer/pgfcorepathconstruct.code.tex) (c:/tools/TinyTeX/texmf-dist/tex/generic/pgf/basiclayer/pgfcorepathusage.code.tex) (c:/tools/TinyTeX/texmf-dist/tex/generic/pgf/basiclayer/pgfcorescopes.code.tex) (c:/tools/TinyTeX/texmf-dist/tex/generic/pgf/basiclayer/pgfcoregraphicstate.code.tex) (c:/tools/TinyTeX/texmf-dist/tex/generic/pgf/basiclayer/pgfcoretransformations.code.tex) (c:/tools/TinyTeX/texmf-dist/tex/generic/pgf/basiclayer/pgfcorequick.code.tex) (c:/tools/TinyTeX/texmf-dist/tex/generic/pgf/basiclayer/pgfcoreobjects.code.tex) (c:/tools/TinyTeX/texmf-dist/tex/generic/pgf/basiclayer/pgfcorepathprocessing.code.tex) (c:/tools/TinyTeX/texmf-dist/tex/generic/pgf/basiclayer/pgfcorearrows.code.tex) (c:/tools/TinyTeX/texmf-dist/tex/generic/pgf/basiclayer/pgfcoreshade.code.tex) (c:/tools/TinyTeX/texmf-dist/tex/generic/pgf/basiclayer/pgfcoreimage.code.tex) (c:/tools/TinyTeX/texmf-dist/tex/generic/pgf/basiclayer/pgfcoreexternal.code.tex) (c:/tools/TinyTeX/texmf-dist/tex/generic/pgf/basiclayer/pgfcorelayers.code.tex) (c:/tools/TinyTeX/texmf-dist/tex/generic/pgf/basiclayer/pgfcoretransparency.code.tex) (c:/tools/TinyTeX/texmf-dist/tex/generic/pgf/basiclayer/pgfcorepatterns.code.tex) (c:/tools/TinyTeX/texmf-dist/tex/generic/pgf/basiclayer/pgfcorerdf.code.tex))) (c:/tools/TinyTeX/texmf-dist/tex/generic/pgf/modules/pgfmoduleshapes.code.tex) (c:/tools/TinyTeX/texmf-dist/tex/generic/pgf/modules/pgfmoduleplot.code.tex) (c:/tools/TinyTeX/texmf-dist/tex/latex/pgf/compatibility/pgfcomp-version-0-65.sty) (c:/tools/TinyTeX/texmf-dist/tex/latex/pgf/compatibility/pgfcomp-version-1-18.sty)) (c:/tools/TinyTeX/texmf-dist/tex/latex/pgf/utilities/pgffor.sty (c:/tools/TinyTeX/texmf-dist/tex/latex/pgf/utilities/pgfkeys.sty (c:/tools/TinyTeX/texmf-dist/tex/generic/pgf/utilities/pgfkeys.code.tex)) (c:/tools/TinyTeX/texmf-dist/tex/latex/pgf/math/pgfmath.sty (c:/tools/TinyTeX/texmf-dist/tex/generic/pgf/math/pgfmath.code.tex)) (c:/tools/TinyTeX/texmf-dist/tex/generic/pgf/utilities/pgffor.code.tex)) (c:/tools/TinyTeX/texmf-dist/tex/generic/pgf/frontendlayer/tikz/tikz.code.tex (c:/tools/TinyTeX/texmf-dist/tex/generic/pgf/libraries/pgflibraryplothandlers.code.tex) (c:/tools/TinyTeX/texmf-dist/tex/generic/pgf/modules/pgfmodulematrix.code.tex) (c:/tools/TinyTeX/texmf-dist/tex/generic/pgf/frontendlayer/tikz/libraries/tikzlibrarytopaths.code.tex))) (c:/tools/TinyTeX/texmf-dist/tex/generic/pgf/frontendlayer/tikz/libraries/tikzlibrarycalc.code.tex) (c:/tools/TinyTeX/texmf-dist/tex/generic/pgf/libraries/pgflibraryarrows.meta.code.tex) (c:/tools/TinyTeX/texmf-dist/tex/generic/pgf/frontendlayer/tikz/libraries/tikzlibrarypositioning.code.tex) (c:/tools/TinyTeX/texmf-dist/tex/generic/pgf/frontendlayer/tikz/libraries/tikzlibrarypatterns.code.tex (c:/tools/TinyTeX/texmf-dist/tex/generic/pgf/libraries/pgflibrarypatterns.code.tex)) (c:/tools/TinyTeX/texmf-dist/tex/generic/pgf/frontendlayer/tikz/libraries/tikzlibraryangles.code.tex) (c:/tools/TinyTeX/texmf-dist/tex/generic/pgf/frontendlayer/tikz/libraries/tikzlibraryquotes.code.tex) (c:/tools/TinyTeX/texmf-dist/tex/generic/pgf/frontendlayer/tikz/libraries/tikzlibrarybabel.code.tex) (c:/tools/TinyTeX/texmf-dist/tex/generic/pgf/frontendlayer/tikz/libraries/tikzlibrarydecorations.pathmorphing.code.tex (c:/tools/TinyTeX/texmf-dist/tex/generic/pgf/frontendlayer/tikz/libraries/tikzlibrarydecorations.code.tex (c:/tools/TinyTeX/texmf-dist/tex/generic/pgf/modules/pgfmoduledecorations.code.tex)) (c:/tools/TinyTeX/texmf-dist/tex/generic/pgf/libraries/decorations/pgflibrarydecorations.pathmorphing.code.tex)) (c:/tools/TinyTeX/texmf-dist/tex/generic/pgf/frontendlayer/tikz/libraries/tikzlibraryshapes.geometric.code.tex (c:/tools/TinyTeX/texmf-dist/tex/generic/pgf/libraries/shapes/pgflibraryshapes.geometric.code.tex)) (c:/tools/TinyTeX/texmf-dist/tex/generic/pgf/frontendlayer/tikz/libraries/tikzlibraryshapes.misc.code.tex (c:/tools/TinyTeX/texmf-dist/tex/generic/pgf/libraries/shapes/pgflibraryshapes.misc.code.tex)) (c:/tools/TinyTeX/texmf-dist/tex/latex/fancyhdr/fancyhdr.sty) (c:/tools/TinyTeX/texmf-dist/tex/latex/tcolorbox/tcolorbox.sty (c:/tools/TinyTeX/texmf-dist/tex/latex/tools/verbatim.sty) (c:/tools/TinyTeX/texmf-dist/tex/latex/environ/environ.sty (c:/tools/TinyTeX/texmf-dist/tex/latex/trimspaces/trimspaces.sty))) (c:/tools/TinyTeX/texmf-dist/tex/latex/float/float.sty) (c:/tools/TinyTeX/texmf-dist/tex/latex/geometry/geometry.sty (c:/tools/TinyTeX/texmf-dist/tex/generic/iftex/ifvtex.sty (c:/tools/TinyTeX/texmf-dist/tex/generic/iftex/iftex.sty))) (c:/tools/TinyTeX/texmf-dist/tex/latex/hyperref/hyperref.sty (c:/tools/TinyTeX/texmf-dist/tex/latex/kvsetkeys/kvsetkeys.sty) (c:/tools/TinyTeX/texmf-dist/tex/generic/kvdefinekeys/kvdefinekeys.sty) (c:/tools/TinyTeX/texmf-dist/tex/generic/pdfescape/pdfescape.sty (c:/tools/TinyTeX/texmf-dist/tex/generic/ltxcmds/ltxcmds.sty) (c:/tools/TinyTeX/texmf-dist/tex/generic/pdftexcmds/pdftexcmds.sty (c:/tools/TinyTeX/texmf-dist/tex/generic/infwarerr/infwarerr.sty))) (c:/tools/TinyTeX/texmf-dist/tex/latex/hycolor/hycolor.sty) (c:/tools/TinyTeX/texmf-dist/tex/latex/hyperref/nameref.sty (c:/tools/TinyTeX/texmf-dist/tex/latex/refcount/refcount.sty) (c:/tools/TinyTeX/texmf-dist/tex/generic/gettitlestring/gettitlestring.sty (c:/tools/TinyTeX/texmf-dist/tex/latex/kvoptions/kvoptions.sty))) (c:/tools/TinyTeX/texmf-dist/tex/generic/stringenc/stringenc.sty) (c:/tools/TinyTeX/texmf-dist/tex/latex/hyperref/pd1enc.def) (c:/tools/TinyTeX/texmf-dist/tex/generic/intcalc/intcalc.sty) (c:/tools/TinyTeX/texmf-dist/tex/latex/hyperref/puenc.def) (c:/tools/TinyTeX/texmf-dist/tex/latex/url/url.sty) (c:/tools/TinyTeX/texmf-dist/tex/generic/bitset/bitset.sty (c:/tools/TinyTeX/texmf-dist/tex/generic/bigintcalc/bigintcalc.sty))) (c:/tools/TinyTeX/texmf-dist/tex/latex/hyperref/hpdftex.def (c:/tools/TinyTeX/texmf-dist/tex/latex/rerunfilecheck/rerunfilecheck.sty (c:/tools/TinyTeX/texmf-dist/tex/generic/uniquecounter/uniquecounter.sty))) (c:/tools/TinyTeX/texmf-dist/tex/latex/bookmark/bookmark.sty (c:/tools/TinyTeX/texmf-dist/tex/latex/bookmark/bkm-pdftex.def)) (c:/tools/TinyTeX/texmf-dist/tex/latex/caption/caption.sty (c:/tools/TinyTeX/texmf-dist/tex/latex/caption/caption3.sty)) (c:/tools/TinyTeX/texmf-dist/tex/latex/enumitem/enumitem.sty) (c:/tools/TinyTeX/texmf-dist/tex/latex/mhchem/mhchem.sty (c:/tools/TinyTeX/texmf-dist/tex/latex/l3kernel/expl3.sty (c:/tools/TinyTeX/texmf-dist/tex/latex/l3backend/l3backend-pdftex.def)) (c:/tools/TinyTeX/texmf-dist/tex/latex/l3packages/l3keys2e/l3keys2e.sty)
(c:/tools/TinyTeX/texmf-dist/tex/latex/tools/calc.sty) (c:/tools/TinyTeX/texmf-dist/tex/latex/chemgreek/chemgreek.sty (c:/tools/TinyTeX/texmf-dist/tex/latex/l3packages/xparse/xparse.sty))) (./productie-macros.sty

LaTeX Warning: You have requested package `./productie-macros',
               but the package provides `productie-macros'.


LaTeX Warning: You have requested package `./productie-macros',
               but the package provides `productie-macros'.

(c:/tools/TinyTeX/texmf-dist/tex/generic/xstring/xstring.sty (c:/tools/TinyTeX/texmf-dist/tex/generic/xstring/xstring.tex))) (c:/tools/TinyTeX/texmf-dist/tex/latex/siunitx/siunitx.sty (c:/tools/TinyTeX/texmf-dist/tex/latex/tools/array.sty)) (c:/tools/TinyTeX/texmf-dist/tex/latex/booktabs/booktabs.sty) (c:/tools/TinyTeX/texmf-dist/tex/latex/tools/tabularx.sty) (c:/tools/TinyTeX/texmf-dist/tex/latex/caption/subcaption.sty) (c:/tools/TinyTeX/texmf-dist/tex/latex/cleveref/cleveref.sty)
==> First Aid for cleveref.sty applied!
(c:/tools/TinyTeX/texmf-dist/tex/latex/titlesec/titlesec.sty) (c:/tools/TinyTeX/texmf-dist/tex/latex/placeins/placeins.sty) (c:/tools/TinyTeX/texmf-dist/tex/latex/base/flafter.sty) (c:/tools/TinyTeX/texmf-dist/tex/latex/lm/t1lmr.fd) (./ProductieTechnologie-Samenvatting-RubenRyckaert.aux) (c:/tools/TinyTeX/texmf-dist/tex/latex/microtype/mt-cmr.cfg) (c:/tools/TinyTeX/texmf-dist/tex/latex/epstopdf-pkg/epstopdf-base.sty (c:/tools/TinyTeX/texmf-dist/tex/latex/latexconfig/epstopdf-sys.cfg))
*geometry* driver: auto-detecting
*geometry* detected driver: pdftex

Package productie-macros Warning: If you see ``No hyphenation patterns were preloaded for the language "Dutch"'' please install Dutch hyphenation patterns and rebuild your TeX format (e.g., using tlmgr). on input line 162.

(c:/tools/TinyTeX/texmf-dist/tex/latex/lm/ot1lmr.fd) (c:/tools/TinyTeX/texmf-dist/tex/latex/lm/omllmm.fd) (c:/tools/TinyTeX/texmf-dist/tex/latex/lm/omslmsy.fd) (c:/tools/TinyTeX/texmf-dist/tex/latex/lm/omxlmex.fd) (c:/tools/TinyTeX/texmf-dist/tex/latex/amsfonts/umsa.fd) (c:/tools/TinyTeX/texmf-dist/tex/latex/microtype/mt-msa.cfg) (c:/tools/TinyTeX/texmf-dist/tex/latex/amsfonts/umsb.fd) (c:/tools/TinyTeX/texmf-dist/tex/latex/microtype/mt-msb.cfg) [1{c:/tools/TinyTeX/texmf-var/fonts/map/pdftex/updmap/pdftex.map}{c:/tools/TinyTeX/texmf-dist/fonts/enc/dvips/lm/lm-ec.enc}] (./ProductieTechnologie-Samenvatting-RubenRyckaert.toc)
Hoofdstuk 1.
(c:/tools/TinyTeX/texmf-dist/tex/latex/lm/ts1lmr.fd)

Package microtype Warning: I cannot find a spacing list for font
(microtype)                `TS1/lmr/m/n/12' (context: `nonfrench'). Switching off
(microtype)                spacing for this font on input line 188.

[2{c:/tools/TinyTeX/texmf-dist/fonts/enc/dvips/lm/lm-mathit.enc}{c:/tools/TinyTeX/texmf-dist/fonts/enc/dvips/lm/lm-rm.enc}{c:/tools/TinyTeX/texmf-dist/fonts/enc/dvips/lm/lm-mathsy.enc}{c:/tools/TinyTeX/texmf-dist/fonts/enc/dvips/lm/lm-ts1.enc}] [3 <./straalbewerkingen.png>] [4 <./image1.png> <./image2.png> <./image3.png>]
Hoofdstuk 2.
[5 <./image5.png> <./image6.png> <./image7.png>]
Hoofdstuk 3.
[6 <./image9.png>] [7 <./image10.png>] [8 <./image11.png> <./image20.png>]

./ProductieTechnologie-Samenvatting-RubenRyckaert.tex:431: LaTeX Error: Unicode character ⚠ (U+26A0)
               not set up for use with LaTeX.

See the LaTeX manual or LaTeX Companion for explanation.
Type  H <return>  for immediate help.
 ...                                              
                                                  
l.431 	E
        XAMEN: Ken de drie belangrijkste hoeken ($\gamma$, $\beta$, $\alpha$...

./ProductieTechnologie-Samenvatting-RubenRyckaert.tex:431: LaTeX Error: Unicode character ️ (U+FE0F)
               not set up for use with LaTeX.

See the LaTeX manual or LaTeX Companion for explanation.
Type  H <return>  for immediate help.
 ...                                              
                                                  
l.431 	E
        XAMEN: Ken de drie belangrijkste hoeken ($\gamma$, $\beta$, $\alpha$...

LaTeX Warning: Command \textdegree invalid in math mode on input line 431.


LaTeX Warning: Command \textdegree invalid in math mode on input line 431.


LaTeX Warning: Command \textdegree invalid in math mode on input line 431.


LaTeX Warning: Command \textdegree invalid in math mode on input line 431.


LaTeX Warning: Command \textdegree invalid in math mode on input line 431.


LaTeX Warning: Command \textdegree invalid in math mode on input line 431.


LaTeX Warning: Command \textdegree invalid in math mode on input line 431.


LaTeX Warning: Command \textdegree invalid in math mode on input line 431.

[9 <./image12.png> <./image14.png>] [10 <./image15.png>] [11 <./image16.png> <./image17.png>]

./ProductieTechnologie-Samenvatting-RubenRyckaert.tex:563: LaTeX Error: Unicode character ⚠ (U+26A0)
               not set up for use with LaTeX.

See the LaTeX manual or LaTeX Companion for explanation.
Type  H <return>  for immediate help.
 ...                                              
                                                  
l.563 		      E
               XAMEN: BUE is een veelvoorkomende vraag. Ken de 3 preventiema...

./ProductieTechnologie-Samenvatting-RubenRyckaert.tex:563: LaTeX Error: Unicode character ️ (U+FE0F)
               not set up for use with LaTeX.

See the LaTeX manual or LaTeX Companion for explanation.
Type  H <return>  for immediate help.
 ...                                              
                                                  
l.563 		      E
               XAMEN: BUE is een veelvoorkomende vraag. Ken de 3 preventiema...
[12 <./image21.png>]

./ProductieTechnologie-Samenvatting-RubenRyckaert.tex:573: LaTeX Error: Unicode character ⚠ (U+26A0)
               not set up for use with LaTeX.

See the LaTeX manual or LaTeX Companion for explanation.
Type  H <return>  for immediate help.
 ...                                              
                                                  
l.573 		      V
               erspanen genereert veel warmte (tot 800--900°C). Zonder koel...

./ProductieTechnologie-Samenvatting-RubenRyckaert.tex:573: LaTeX Error: Unicode character ️ (U+FE0F)
               not set up for use with LaTeX.

See the LaTeX manual or LaTeX Companion for explanation.
Type  H <return>  for immediate help.
 ...                                              
                                                  
l.573 		      V
               erspanen genereert veel warmte (tot 800--900°C). Zonder koel...
[13 <./image18.png>] [14 <./image23.png> <./image22.png>] [15] [16{c:/tools/TinyTeX/texmf-dist/fonts/enc/dvips/lm/lm-mathex.enc} <./image24.png> <./image25.png>]

LaTeX Warning: Reference `chap:Verspanen_Draaien' on page 17 undefined on input line 727.


LaTeX Warning: Reference `chap:Verspanen_Frezen' on page 17 undefined on input line 727.

[17 <./image26.png> <./image27.png>]
Hoofdstuk 4.
[18 <./image28.png>] [19 <./image29.png> <./image30.png> <./image31.png>] [20]

./ProductieTechnologie-Samenvatting-RubenRyckaert.tex:859: LaTeX Error: Unicode character ⚠ (U+26A0)
               not set up for use with LaTeX.

See the LaTeX manual or LaTeX Companion for explanation.
Type  H <return>  for immediate help.
 ...                                              
                                                  
l.859 	B
        ELANGRIJK: Hij kan lege figuren geven op het examen en jij moet effe...

./ProductieTechnologie-Samenvatting-RubenRyckaert.tex:859: LaTeX Error: Unicode character ️ (U+FE0F)
               not set up for use with LaTeX.

See the LaTeX manual or LaTeX Companion for explanation.
Type  H <return>  for immediate help.
 ...                                              
                                                  
l.859 	B
        ELANGRIJK: Hij kan lege figuren geven op het examen en jij moet effe...

LaTeX Warning: Reference `fig:invloed_voeding_draaien' on page 21 undefined on input line 859.

[21 <./image32.png>] [22 <./image33.png>]
Underfull \hbox (badness 1460) in paragraph at lines 883--884
[]\T1/lmr/bx/n/12 (+10) Snedediepte $\OML/lmm/m/it/12 a$\T1/lmr/m/n/12 (+10) : Een grotere snedediepte ver-g-root door-gaans $\OML/lmm/m/it/12 b$ \T1/lmr/m/n/12 (+10) en ver-hoogt de
[23 <./image34.png> <./image35.png>] [24 <./image36.png> <./image37.png> <./image38.png>]
Underfull \hbox (badness 10000) in paragraph at lines 970--973

[25 <./image39.png>]
Underfull \hbox (badness 10000) in paragraph at lines 992--995

Hoofdstuk 5.
[26 <./image40.png>]

LaTeX Warning: Reference `frm:10' on page 27 undefined on input line 1040.

[27 <./image41.png> <./image42.png>]

LaTeX Warning: Reference `frm:10' on page 28 undefined on input line 1065.

[28 <./image43.png>] [29] [30]
Underfull \hbox (badness 10000) in paragraph at lines 1302--1307

[31]

LaTeX Warning: Reference `chap:Verspanen_Frezen' on page 32 undefined on input line 1391.

[32]
Hoofdstuk 6.
[33 <./image44.png>]
Underfull \hbox (badness 10000) in paragraph at lines 1475--1483

[34 <./image45.png>]
Underfull \hbox (badness 10000) in paragraph at lines 1554--1559

[35 <./image46.png>]
Underfull \hbox (badness 10000) in paragraph at lines 1614--1614
[]|\T1/lmr/m/n/12 (+10) Geen com-pen-satie nodig;

Underfull \hbox (badness 10000) in paragraph at lines 1614--1614
[]|\T1/lmr/m/n/12 (+10) Spelingcompensatie on-mis-

Underfull \hbox (badness 2970) in paragraph at lines 1614--1614
[]|\T1/lmr/m/n/12 (+10) Stijgt gelei-delijk ti-j-dens in-

Underfull \hbox (badness 10000) in paragraph at lines 1614--1614
[]|\T1/lmr/m/n/12 (+10) Werkstuk wordt 'in klem'
[36 <./47.png>] [37 <./image48.png>]
Hoofdstuk 7.
[38 <./image49.png>]
Underfull \hbox (badness 10000) in paragraph at lines 1679--1682

[39 <./image56.png>]

Package microtype Warning: I cannot find a spacing list for font
(microtype)                `TS1/lmr/bx/n/12' (context: `nonfrench'). Switching off
(microtype)                spacing for this font on input line 1775.

[40 <./image57.png>] [41 <./image58.png>]
Hoofdstuk 8.
[42 <./image59.png>]
Underfull \hbox (badness 10000) in paragraph at lines 1900--1902


Underfull \hbox (badness 10000) in paragraph at lines 1910--1913

[43]
Underfull \hbox (badness 10000) in paragraph at lines 1948--1952

[44 <./image50.png>]
Overfull \hbox (536.34938pt too wide) in paragraph at lines 1968--1972
[] 

Underfull \hbox (badness 10000) in paragraph at lines 1974--1979

[45 <./image51.png>] [46 <./image52.png> <./image53.png>]
Underfull \hbox (badness 10000) in paragraph at lines 2022--2025

Hoofdstuk 9.
[47 <./image54.png> <./image55.png>]

LaTeX Warning: Reference `fig:vonkerosie_proces.png' on page 1 undefined on input line 2116.

[48 <./image60.png>] [49] [50 <./image61.png> <./image62.png> <./image63.png>] [51 <./image64.png>] [52 <./image65.png> <./image66.png>]
Underfull \hbox (badness 10000) in paragraph at lines 2335--2337


Underfull \hbox (badness 10000) in paragraph at lines 2338--2347


Underfull \hbox (badness 10000) in paragraph at lines 2348--2350

[53 <./image67.png> <./image68.png> <./image69.png>]
Underfull \hbox (badness 10000) in paragraph at lines 2379--2396

[54 <./image70.png>] [55 <./image71.png>]
Underfull \hbox (badness 10000) in paragraph at lines 2435--2440


Underfull \hbox (badness 10000) in paragraph at lines 2498--2503

[56 <./.png> <./image72.png>] [57]
Underfull \hbox (badness 10000) in paragraph at lines 2535--2537

[58 <./image75.png> <./image73.png>]
Underfull \hbox (badness 10000) in paragraph at lines 2596--2602


Underfull \hbox (badness 10000) in paragraph at lines 2628--2628
[]|\T1/lmr/m/n/12 (+10) Laserstraalbewerking

Underfull \hbox (badness 10000) in paragraph at lines 2628--2628
[]|\T1/lmr/m/n/12 (+10) Elektronenstraalbewerking

Underfull \hbox (badness 10000) in paragraph at lines 2628--2628
[]|\T1/lmr/m/n/12 (+10) Ruw sni-j-den van dikke
[59 <./image74.png>] [60]
Underfull \hbox (badness 10000) in paragraph at lines 2670--2672

[61 <./image76.png>] [62 <./image77.png>]
Underfull \hbox (badness 10000) in paragraph at lines 2760--2766


Underfull \hbox (badness 10000) in paragraph at lines 2776--2779

[63 <./Type_lasers.png> <./Reflecteren in functie van de golflengte.png>] [64 <./Absorptie van polycarbonaat.png> <./Kwaliteit laserstraal.png>] [65] [66 <./Laserfocussen.png>]
Hoofdstuk 10.

Underfull \hbox (badness 10000) in paragraph at lines 2915--2919

[67 <./NC-lasers.png> <./Kleinefiguurdoorlasersnijden.png>]
Underfull \hbox (badness 10000) in paragraph at lines 2920--2924


Underfull \hbox (badness 10000) in paragraph at lines 2924--2929


Underfull \hbox (badness 10000) in paragraph at lines 2942--2946

[68 <./Kracht-wegdiagram van Ponsen.png> <./Het Ponsprocess.png>] [69 <./image80.png>] [70 <./snijspleetbelang.png>] [71 <./Schuifspanningen bij Ponsen.png>] [72 <./Fijnsnijden.png>]
Underfull \hbox (badness 10000) in paragraph at lines 3082--3084

[73 <./Ruw oppervlakte Knappelen.png>]
Hoofdstuk 11.
Hoofdstuk 12.
Hoofdstuk 13.
[74]
Hoofdstuk 14.
[75] [76] (./ProductieTechnologie-Samenvatting-RubenRyckaert.aux)

LaTeX Warning: There were undefined references.


LaTeX Warning: Label(s) may have changed. Rerun to get cross-references right.

 )
(see the transcript file for additional information)<c:/tools/TinyTeX/texmf-dist/fonts/type1/public/lm/lmbx10.pfb><c:/tools/TinyTeX/texmf-dist/fonts/type1/public/lm/lmbx12.pfb><c:/tools/TinyTeX/texmf-dist/fonts/type1/public/lm/lmbx8.pfb><c:/tools/TinyTeX/texmf-dist/fonts/type1/public/lm/lmex10.pfb><c:/tools/TinyTeX/texmf-dist/fonts/type1/public/lm/lmmi10.pfb><c:/tools/TinyTeX/texmf-dist/fonts/type1/public/lm/lmmi12.pfb><c:/tools/TinyTeX/texmf-dist/fonts/type1/public/lm/lmmi6.pfb><c:/tools/TinyTeX/texmf-dist/fonts/type1/public/lm/lmmi7.pfb><c:/tools/TinyTeX/texmf-dist/fonts/type1/public/lm/lmmi8.pfb><c:/tools/TinyTeX/texmf-dist/fonts/type1/public/lm/lmr10.pfb><c:/tools/TinyTeX/texmf-dist/fonts/type1/public/lm/lmr12.pfb><c:/tools/TinyTeX/texmf-dist/fonts/type1/public/lm/lmr17.pfb><c:/tools/TinyTeX/texmf-dist/fonts/type1/public/lm/lmr6.pfb><c:/tools/TinyTeX/texmf-dist/fonts/type1/public/lm/lmr7.pfb><c:/tools/TinyTeX/texmf-dist/fonts/type1/public/lm/lmr8.pfb><c:/tools/TinyTeX/texmf-dist/fonts/type1/public/lm/lmri10.pfb><c:/tools/TinyTeX/texmf-dist/fonts/type1/public/lm/lmri12.pfb><c:/tools/TinyTeX/texmf-dist/fonts/type1/public/lm/lmri7.pfb><c:/tools/TinyTeX/texmf-dist/fonts/type1/public/lm/lmsy10.pfb><c:/tools/TinyTeX/texmf-dist/fonts/type1/public/lm/lmsy6.pfb><c:/tools/TinyTeX/texmf-dist/fonts/type1/public/lm/lmsy8.pfb>
Output written on ProductieTechnologie-Samenvatting-RubenRyckaert.pdf (76 pages, 9237969 bytes).
Transcript written on ProductieTechnologie-Samenvatting-RubenRyckaert.log.
